<129>Jan  2 10:54:12 APWID[2974]: ALERT! WLAN attack detected. TYPE = 0 NAME = BCASTPROBE APMAC = ff:ff:ff:ff:ff:ff ATTACKERMAC = 04:f0:21:0a:5d:7f count = 6
<129>Jan  2 10:56:12 APWID[2974]: ALERT! WLAN attack detected. TYPE = 0 NAME = BCASTPROBE APMAC = ff:ff:ff:ff:ff:ff ATTACKERMAC = 08:11:96:d3:18:98 count = 6
<129>Jan  2 10:58:12 APWID[2974]: ALERT! WLAN attack detected. TYPE = 0 NAME = BCASTPROBE APMAC = ff:ff:ff:ff:ff:ff ATTACKERMAC = 78:4b:87:58:ba:94 count = 6
<129>Jan  2 10:58:12 APWID[2974]: ALERT! WLAN attack detected. TYPE = 0 NAME = BCASTPROBE APMAC = ff:ff:ff:ff:ff:ff ATTACKERMAC = d0:7e:35:a4:b6:0e count = 6
<129>Jan  2 11:01:12 APWID[2974]: ALERT! WLAN attack detected. TYPE = 0 NAME = BCASTPROBE APMAC = ff:ff:ff:ff:ff:ff ATTACKERMAC = 04:f0:21:32:0d:7a count = 8
<129>Jan  2 11:01:12 APWID[2974]: ALERT! WLAN attack detected. TYPE = 0 NAME = BCASTPROBE APMAC = ff:ff:ff:ff:ff:ff ATTACKERMAC = d0:7e:35:a4:b6:0e count = 5
<129>Jan  2 11:01:12 APWID[2974]: ALERT! WLAN attack detected. TYPE = 0 NAME = BCASTPROBE APMAC = ff:ff:ff:ff:ff:ff ATTACKERMAC = f0:25:b7:1c:59:92 count = 6
<129>Jan  2 11:03:12 APWID[2974]: ALERT! WLAN attack detected. TYPE = 0 NAME = BCASTPROBE APMAC = ff:ff:ff:ff:ff:ff ATTACKERMAC = 04:f0:21:32:0d:7a count = 7
<129>Jan  2 11:05:12 APWID[2974]: ALERT! WLAN attack detected. TYPE = 0 NAME = BCASTPROBE APMAC = ff:ff:ff:ff:ff:ff ATTACKERMAC = d0:7e:35:a4:b6:0e count = 5
<129>Jan  2 11:06:12 APWID[2974]: ALERT! WLAN attack detected. TYPE = 0 NAME = BCASTPROBE APMAC = ff:ff:ff:ff:ff:ff ATTACKERMAC = d0:7e:35:a4:b6:0e count = 7
<129>Jan  2 11:07:12 APWID[2974]: ALERT! WLAN attack detected. TYPE = 0 NAME = BCASTPROBE APMAC = ff:ff:ff:ff:ff:ff ATTACKERMAC = d0:7e:35:a4:b6:0e count = 5
<129>Jan  2 11:10:12 APWID[2974]: ALERT! WLAN attack detected. TYPE = 0 NAME = BCASTPROBE APMAC = ff:ff:ff:ff:ff:ff ATTACKERMAC = 04:f0:21:0a:5d:7f count = 8
<129>Jan  2 11:13:12 APWID[2974]: ALERT! WLAN attack detected. TYPE = 0 NAME = BCASTPROBE APMAC = ff:ff:ff:ff:ff:ff ATTACKERMAC = d0:7e:35:a4:b6:0e count = 6
<129>Jan  2 11:16:12 APWID[2974]: ALERT! WLAN attack detected. TYPE = 0 NAME = BCASTPROBE APMAC = ff:ff:ff:ff:ff:ff ATTACKERMAC = d0:7e:35:a4:b6:0e count = 5
<129>Jan  2 11:17:12 APWID[2974]: ALERT! WLAN attack detected. TYPE = 0 NAME = BCASTPROBE APMAC = ff:ff:ff:ff:ff:ff ATTACKERMAC = c0:d9:62:0b:9a:1e count = 5
<129>Jan  2 11:17:12 APWID[2974]: ALERT! WLAN attack detected. TYPE = 0 NAME = BCASTPROBE APMAC = ff:ff:ff:ff:ff:ff ATTACKERMAC = 78:4b:87:58:ba:94 count = 6
<129>Jan  2 11:19:12 APWID[2974]: ALERT! WLAN attack detected. TYPE = 0 NAME = BCASTPROBE APMAC = ff:ff:ff:ff:ff:ff ATTACKERMAC = d0:7e:35:a4:b6:0e count = 6
<129>Jan  2 11:19:12 APWID[2974]: ALERT! WLAN attack detected. TYPE = 0 NAME = BCASTPROBE APMAC = ff:ff:ff:ff:ff:ff ATTACKERMAC = 4c:1a:3d:73:be:ce count = 9
<129>Jan  2 11:20:12 APWID[2974]: ALERT! WLAN attack detected. TYPE = 0 NAME = BCASTPROBE APMAC = ff:ff:ff:ff:ff:ff ATTACKERMAC = d0:7e:35:a4:b6:0e count = 6
<129>Jan  2 11:21:12 APWID[2974]: ALERT! WLAN attack detected. TYPE = 0 NAME = BCASTPROBE APMAC = ff:ff:ff:ff:ff:ff ATTACKERMAC = d0:7e:35:a4:b6:0e count = 6
<129>Jan  2 11:21:12 APWID[2974]: ALERT! WLAN attack detected. TYPE = 0 NAME = BCASTPROBE APMAC = ff:ff:ff:ff:ff:ff ATTACKERMAC = 04:f0:21:32:0d:7a count = 6
<129>Jan  2 11:21:12 APWID[2974]: ALERT! WLAN attack detected. TYPE = 0 NAME = BCASTPROBE APMAC = ff:ff:ff:ff:ff:ff ATTACKERMAC = 04:f0:21:0a:5d:7f count = 6
<129>Jan  2 11:22:12 APWID[2974]: ALERT! WLAN attack detected. TYPE = 0 NAME = BCASTPROBE APMAC = ff:ff:ff:ff:ff:ff ATTACKERMAC = d0:7e:35:a4:b6:0e count = 6
<129>Jan  2 11:24:12 APWID[2974]: ALERT! WLAN attack detected. TYPE = 0 NAME = BCASTPROBE APMAC = ff:ff:ff:ff:ff:ff ATTACKERMAC = d0:7e:35:a4:b6:0e count = 5
<129>Jan  2 11:24:12 APWID[2974]: ALERT! WLAN attack detected. TYPE = 0 NAME = BCASTPROBE APMAC = ff:ff:ff:ff:ff:ff ATTACKERMAC = 00:06:c7:02:be:d7 count = 17
<129>Jan  2 11:26:12 APWID[2974]: ALERT! WLAN attack detected. TYPE = 0 NAME = BCASTPROBE APMAC = ff:ff:ff:ff:ff:ff ATTACKERMAC = 00:06:c7:02:be:d7 count = 22
<129>Jan  2 11:28:12 APWID[2974]: ALERT! WLAN attack detected. TYPE = 0 NAME = BCASTPROBE APMAC = ff:ff:ff:ff:ff:ff ATTACKERMAC = d0:7e:35:a4:b6:0e count = 6
<129>Jan  2 11:28:12 APWID[2974]: ALERT! WLAN attack detected. TYPE = 0 NAME = BCASTPROBE APMAC = ff:ff:ff:ff:ff:ff ATTACKERMAC = 00:06:c7:02:be:d7 count = 20
<129>Jan  2 11:28:12 APWID[2974]: ALERT! WLAN attack detected. TYPE = 0 NAME = BCASTPROBE APMAC = ff:ff:ff:ff:ff:ff ATTACKERMAC = 04:f0:21:32:0d:8c count = 5
<129>Jan  2 11:29:12 APWID[2974]: ALERT! WLAN attack detected. TYPE = 0 NAME = BCASTPROBE APMAC = ff:ff:ff:ff:ff:ff ATTACKERMAC = 00:06:c7:02:be:d7 count = 7
<129>Jan  2 11:29:12 APWID[2974]: ALERT! WLAN attack detected. TYPE = 0 NAME = BCASTPROBE APMAC = ff:ff:ff:ff:ff:ff ATTACKERMAC = d0:7e:35:a4:b6:0e count = 6
<129>Jan  2 11:30:12 APWID[2974]: ALERT! WLAN attack detected. TYPE = 0 NAME = BCASTPROBE APMAC = ff:ff:ff:ff:ff:ff ATTACKERMAC = 00:06:c7:02:be:d7 count = 9
<129>Jan  2 11:31:12 APWID[2974]: ALERT! WLAN attack detected. TYPE = 0 NAME = BCASTPROBE APMAC = ff:ff:ff:ff:ff:ff ATTACKERMAC = 00:06:c7:02:be:d7 count = 14
<129>Jan  2 11:32:12 APWID[2974]: ALERT! WLAN attack detected. TYPE = 0 NAME = BCASTPROBE APMAC = ff:ff:ff:ff:ff:ff ATTACKERMAC = 00:06:c7:02:be:d7 count = 6
<129>Jan  2 11:32:12 APWID[2974]: ALERT! WLAN attack detected. TYPE = 0 NAME = BCASTPROBE APMAC = ff:ff:ff:ff:ff:ff ATTACKERMAC = d0:7e:35:a4:b6:0e count = 6
<129>Jan  2 11:33:12 APWID[2974]: ALERT! WLAN attack detected. TYPE = 0 NAME = BCASTPROBE APMAC = ff:ff:ff:ff:ff:ff ATTACKERMAC = 00:06:c7:02:be:d7 count = 16
<129>Jan  2 11:35:12 APWID[2974]: ALERT! WLAN attack detected. TYPE = 0 NAME = BCASTPROBE APMAC = ff:ff:ff:ff:ff:ff ATTACKERMAC = 00:06:c7:02:be:d7 count = 18
<129>Jan  2 11:36:12 APWID[2974]: ALERT! WLAN attack detected. TYPE = 0 NAME = BCASTPROBE APMAC = ff:ff:ff:ff:ff:ff ATTACKERMAC = d0:7e:35:a4:b6:0e count = 5
<129>Jan  2 11:37:12 APWID[2974]: ALERT! WLAN attack detected. TYPE = 0 NAME = BCASTPROBE APMAC = ff:ff:ff:ff:ff:ff ATTACKERMAC = 00:06:c7:02:be:d7 count = 9
<129>Jan  2 11:38:12 APWID[2974]: ALERT! WLAN attack detected. TYPE = 0 NAME = BCASTPROBE APMAC = ff:ff:ff:ff:ff:ff ATTACKERMAC = 00:06:c7:02:be:d7 count = 15
<129>Jan  2 11:39:12 APWID[2974]: ALERT! WLAN attack detected. TYPE = 0 NAME = BCASTPROBE APMAC = ff:ff:ff:ff:ff:ff ATTACKERMAC = c0:d9:62:0b:9a:4e count = 12
<129>Jan  2 11:39:12 APWID[2974]: ALERT! WLAN attack detected. TYPE = 0 NAME = BCASTPROBE APMAC = ff:ff:ff:ff:ff:ff ATTACKERMAC = 00:06:c7:02:be:d7 count = 13
<129>Jan  2 11:39:12 APWID[2974]: ALERT! WLAN attack detected. TYPE = 0 NAME = BCASTPROBE APMAC = ff:ff:ff:ff:ff:ff ATTACKERMAC = d0:7e:35:a4:b6:0e count = 6
<129>Jan  2 11:39:12 APWID[2974]: ALERT! WLAN attack detected. TYPE = 0 NAME = BCASTPROBE APMAC = ff:ff:ff:ff:ff:ff ATTACKERMAC = 04:f0:21:0a:5d:7f count = 6
<129>Jan  2 11:40:12 APWID[2974]: ALERT! WLAN attack detected. TYPE = 0 NAME = BCASTPROBE APMAC = ff:ff:ff:ff:ff:ff ATTACKERMAC = 24:24:0e:c4:01:4d count = 6
<129>Jan  2 11:40:12 APWID[2974]: ALERT! WLAN attack detected. TYPE = 0 NAME = BCASTPROBE APMAC = ff:ff:ff:ff:ff:ff ATTACKERMAC = d0:c5:f3:5e:e8:40 count = 6
<129>Jan  2 11:40:12 APWID[2974]: ALERT! WLAN attack detected. TYPE = 0 NAME = BCASTPROBE APMAC = ff:ff:ff:ff:ff:ff ATTACKERMAC = 00:06:c7:02:be:d7 count = 12
<129>Jan  2 11:40:12 APWID[2974]: ALERT! WLAN attack detected. TYPE = 0 NAME = BCASTPROBE APMAC = ff:ff:ff:ff:ff:ff ATTACKERMAC = d0:7e:35:a4:b6:0e count = 6
<129>Jan  2 11:41:12 APWID[2974]: ALERT! WLAN attack detected. TYPE = 0 NAME = BCASTPROBE APMAC = ff:ff:ff:ff:ff:ff ATTACKERMAC = 00:06:c7:02:be:d7 count = 5
<129>Jan  2 11:42:12 APWID[2974]: ALERT! WLAN attack detected. TYPE = 0 NAME = BCASTPROBE APMAC = ff:ff:ff:ff:ff:ff ATTACKERMAC = d0:7e:35:a4:b6:0e count = 6
<129>Jan  2 11:42:12 APWID[2974]: ALERT! WLAN attack detected. TYPE = 0 NAME = BCASTPROBE APMAC = ff:ff:ff:ff:ff:ff ATTACKERMAC = 00:06:c7:02:be:d7 count = 18
<129>Jan  2 11:44:12 APWID[2974]: ALERT! WLAN attack detected. TYPE = 0 NAME = BCASTPROBE APMAC = ff:ff:ff:ff:ff:ff ATTACKERMAC = 00:06:c7:02:be:d7 count = 16
<129>Jan  2 11:45:12 APWID[2974]: ALERT! WLAN attack detected. TYPE = 0 NAME = BCASTPROBE APMAC = ff:ff:ff:ff:ff:ff ATTACKERMAC = d0:7e:35:a4:b6:0e count = 5
<129>Jan  2 11:46:12 APWID[2974]: ALERT! WLAN attack detected. TYPE = 0 NAME = BCASTPROBE APMAC = ff:ff:ff:ff:ff:ff ATTACKERMAC = 04:f0:21:32:0d:7a count = 10
<129>Jan  2 11:46:12 APWID[2974]: ALERT! WLAN attack detected. TYPE = 0 NAME = BCASTPROBE APMAC = ff:ff:ff:ff:ff:ff ATTACKERMAC = 00:06:c7:02:be:d7 count = 13
<129>Jan  2 11:46:12 APWID[2974]: ALERT! WLAN attack detected. TYPE = 0 NAME = BCASTPROBE APMAC = ff:ff:ff:ff:ff:ff ATTACKERMAC = 24:24:0e:c4:01:4d count = 6
<129>Jan  2 11:46:12 APWID[2974]: ALERT! WLAN attack detected. TYPE = 0 NAME = BCASTPROBE APMAC = ff:ff:ff:ff:ff:ff ATTACKERMAC = 04:f0:21:0a:5d:7f count = 6
<129>Jan  2 11:47:12 APWID[2974]: ALERT! WLAN attack detected. TYPE = 0 NAME = BCASTPROBE APMAC = ff:ff:ff:ff:ff:ff ATTACKERMAC = 00:06:c7:02:be:d7 count = 5
<129>Jan  2 11:47:12 APWID[2974]: ALERT! WLAN attack detected. TYPE = 0 NAME = BCASTPROBE APMAC = ff:ff:ff:ff:ff:ff ATTACKERMAC = d0:7e:35:a4:b6:0e count = 6
<129>Jan  2 11:47:12 APWID[2974]: ALERT! WLAN attack detected. TYPE = 0 NAME = BCASTPROBE APMAC = ff:ff:ff:ff:ff:ff ATTACKERMAC = 24:24:0e:c4:01:4d count = 5
<129>Jan  2 11:48:12 APWID[2974]: ALERT! WLAN attack detected. TYPE = 0 NAME = BCASTPROBE APMAC = ff:ff:ff:ff:ff:ff ATTACKERMAC = 24:24:0e:c4:01:4d count = 11
<129>Jan  2 11:48:12 APWID[2974]: ALERT! WLAN attack detected. TYPE = 0 NAME = BCASTPROBE APMAC = ff:ff:ff:ff:ff:ff ATTACKERMAC = 00:06:c7:02:be:d7 count = 9
<129>Jan  2 11:49:12 APWID[2974]: ALERT! WLAN attack detected. TYPE = 0 NAME = BCASTPROBE APMAC = ff:ff:ff:ff:ff:ff ATTACKERMAC = 00:06:c7:02:be:d7 count = 16
<129>Jan  2 11:49:12 APWID[2974]: ALERT! WLAN attack detected. TYPE = 0 NAME = BCASTPROBE APMAC = ff:ff:ff:ff:ff:ff ATTACKERMAC = d0:7e:35:a4:b6:0e count = 5
<129>Jan  2 11:49:12 APWID[2974]: ALERT! WLAN attack detected. TYPE = 0 NAME = BCASTPROBE APMAC = ff:ff:ff:ff:ff:ff ATTACKERMAC = c0:d9:62:0b:9a:1a count = 5
<129>Jan  2 11:50:12 APWID[2974]: ALERT! WLAN attack detected. TYPE = 0 NAME = BCASTPROBE APMAC = ff:ff:ff:ff:ff:ff ATTACKERMAC = 00:06:c7:02:be:d7 count = 9
<129>Jan  2 11:51:12 APWID[2974]: ALERT! WLAN attack detected. TYPE = 0 NAME = BCASTPROBE APMAC = ff:ff:ff:ff:ff:ff ATTACKERMAC = 44:c3:46:2e:af:96 count = 5
<129>Jan  2 11:51:12 APWID[2974]: ALERT! WLAN attack detected. TYPE = 0 NAME = BCASTPROBE APMAC = ff:ff:ff:ff:ff:ff ATTACKERMAC = 04:f0:21:32:0d:7a count = 10
<129>Jan  2 11:51:12 APWID[2974]: ALERT! WLAN attack detected. TYPE = 0 NAME = BCASTPROBE APMAC = ff:ff:ff:ff:ff:ff ATTACKERMAC = 00:06:c7:02:be:d7 count = 22
<129>Jan  2 11:51:12 APWID[2974]: ALERT! WLAN attack detected. TYPE = 0 NAME = BCASTPROBE APMAC = ff:ff:ff:ff:ff:ff ATTACKERMAC = d0:7e:35:a4:b6:0e count = 5
<129>Jan  2 11:52:12 APWID[2974]: ALERT! WLAN attack detected. TYPE = 0 NAME = BCASTPROBE APMAC = ff:ff:ff:ff:ff:ff ATTACKERMAC = d0:7e:35:a4:b6:0e count = 6
<129>Jan  2 11:53:12 APWID[2974]: ALERT! WLAN attack detected. TYPE = 0 NAME = BCASTPROBE APMAC = ff:ff:ff:ff:ff:ff ATTACKERMAC = 00:06:c7:02:be:d7 count = 32
<129>Jan  2 11:53:12 APWID[2974]: ALERT! WLAN attack detected. TYPE = 0 NAME = BCASTPROBE APMAC = ff:ff:ff:ff:ff:ff ATTACKERMAC = 04:f0:21:32:0d:7a count = 8
<129>Jan  2 11:54:12 APWID[2974]: ALERT! WLAN attack detected. TYPE = 0 NAME = BCASTPROBE APMAC = ff:ff:ff:ff:ff:ff ATTACKERMAC = 00:06:c7:02:be:d7 count = 6
<129>Jan  2 11:54:12 APWID[2974]: ALERT! WLAN attack detected. TYPE = 0 NAME = BCASTPROBE APMAC = ff:ff:ff:ff:ff:ff ATTACKERMAC = 24:24:0e:c4:01:4d count = 6
<129>Jan  2 11:54:12 APWID[2974]: ALERT! WLAN attack detected. TYPE = 0 NAME = BCASTPROBE APMAC = ff:ff:ff:ff:ff:ff ATTACKERMAC = 30:07:4d:9e:3a:57 count = 6
<129>Jan  2 11:55:12 APWID[2974]: ALERT! WLAN attack detected. TYPE = 0 NAME = BCASTPROBE APMAC = ff:ff:ff:ff:ff:ff ATTACKERMAC = 00:06:c7:02:be:d7 count = 9
<129>Jan  2 11:55:12 APWID[2974]: ALERT! WLAN attack detected. TYPE = 0 NAME = BCASTPROBE APMAC = ff:ff:ff:ff:ff:ff ATTACKERMAC = 30:07:4d:5c:c2:ca count = 6
<129>Jan  2 11:55:12 APWID[2974]: ALERT! WLAN attack detected. TYPE = 0 NAME = BCASTPROBE APMAC = ff:ff:ff:ff:ff:ff ATTACKERMAC = 04:f0:21:32:0d:7a count = 8
<129>Jan  2 11:56:12 APWID[2974]: ALERT! WLAN attack detected. TYPE = 0 NAME = BCASTPROBE APMAC = ff:ff:ff:ff:ff:ff ATTACKERMAC = 00:06:c7:02:be:d7 count = 16
<129>Jan  2 11:56:12 APWID[2974]: ALERT! WLAN attack detected. TYPE = 0 NAME = BCASTPROBE APMAC = ff:ff:ff:ff:ff:ff ATTACKERMAC = d0:7e:35:a4:b6:0e count = 5
<129>Jan  2 11:57:12 APWID[2974]: ALERT! WLAN attack detected. TYPE = 0 NAME = BCASTPROBE APMAC = ff:ff:ff:ff:ff:ff ATTACKERMAC = 00:06:c7:02:be:d7 count = 9
<129>Jan  2 11:57:12 APWID[2974]: ALERT! WLAN attack detected. TYPE = 0 NAME = BCASTPROBE APMAC = ff:ff:ff:ff:ff:ff ATTACKERMAC = d0:7e:35:a4:b6:0e count = 6
<129>Jan  2 11:58:12 APWID[2974]: ALERT! WLAN attack detected. TYPE = 0 NAME = BCASTPROBE APMAC = ff:ff:ff:ff:ff:ff ATTACKERMAC = 00:06:c7:02:be:d7 count = 12
<129>Jan  2 11:58:12 APWID[2974]: ALERT! WLAN attack detected. TYPE = 0 NAME = BCASTPROBE APMAC = ff:ff:ff:ff:ff:ff ATTACKERMAC = ac:5f:3e:69:90:50 count = 11
<129>Jan  2 11:59:12 APWID[2974]: ALERT! WLAN attack detected. TYPE = 0 NAME = BCASTPROBE APMAC = ff:ff:ff:ff:ff:ff ATTACKERMAC = d0:7e:35:a4:b6:0e count = 6
<129>Jan  2 11:59:12 APWID[2974]: ALERT! WLAN attack detected. TYPE = 0 NAME = BCASTPROBE APMAC = ff:ff:ff:ff:ff:ff ATTACKERMAC = 30:07:4d:5c:c2:ca count = 8
<129>Jan  2 12:00:12 APWID[2974]: ALERT! WLAN attack detected. TYPE = 0 NAME = BCASTPROBE APMAC = ff:ff:ff:ff:ff:ff ATTACKERMAC = 00:06:c7:02:be:d7 count = 21
<129>Jan  2 12:00:12 APWID[2974]: ALERT! WLAN attack detected. TYPE = 0 NAME = BCASTPROBE APMAC = ff:ff:ff:ff:ff:ff ATTACKERMAC = 00:06:c7:02:be:e8 count = 7
<129>Jan  2 12:00:12 APWID[2974]: ALERT! WLAN attack detected. TYPE = 0 NAME = BCASTPROBE APMAC = ff:ff:ff:ff:ff:ff ATTACKERMAC = 24:24:0e:c4:01:4d count = 6
<129>Jan  2 12:02:12 APWID[2974]: ALERT! WLAN attack detected. TYPE = 0 NAME = BCASTPROBE APMAC = ff:ff:ff:ff:ff:ff ATTACKERMAC = 24:24:0e:c4:01:4d count = 6
<129>Jan  2 12:02:12 APWID[2974]: ALERT! WLAN attack detected. TYPE = 0 NAME = BCASTPROBE APMAC = ff:ff:ff:ff:ff:ff ATTACKERMAC = d0:7e:35:a4:b6:0e count = 5
<129>Jan  2 12:02:12 APWID[2974]: ALERT! WLAN attack detected. TYPE = 0 NAME = BCASTPROBE APMAC = ff:ff:ff:ff:ff:ff ATTACKERMAC = 00:06:c7:02:be:d7 count = 14
<129>Jan  2 12:02:12 APWID[2974]: ALERT! WLAN attack detected. TYPE = 0 NAME = BCASTPROBE APMAC = ff:ff:ff:ff:ff:ff ATTACKERMAC = 4c:1a:3d:73:be:ce count = 6
<129>Jan  2 12:02:12 APWID[2974]: ALERT! WLAN attack detected. TYPE = 0 NAME = BCASTPROBE APMAC = ff:ff:ff:ff:ff:ff ATTACKERMAC = 00:06:c7:02:be:e8 count = 21
<129>Jan  2 12:03:12 APWID[2974]: ALERT! WLAN attack detected. TYPE = 0 NAME = BCASTPROBE APMAC = ff:ff:ff:ff:ff:ff ATTACKERMAC = 00:06:c7:02:be:e8 count = 8
<129>Jan  2 12:03:12 APWID[2974]: ALERT! WLAN attack detected. TYPE = 0 NAME = BCASTPROBE APMAC = ff:ff:ff:ff:ff:ff ATTACKERMAC = d0:7e:35:a4:b6:0e count = 6
<129>Jan  2 12:04:12 APWID[2974]: ALERT! WLAN attack detected. TYPE = 0 NAME = BCASTPROBE APMAC = ff:ff:ff:ff:ff:ff ATTACKERMAC = d0:7e:35:a4:b6:0e count = 6
<129>Jan  2 12:04:12 APWID[2974]: ALERT! WLAN attack detected. TYPE = 0 NAME = BCASTPROBE APMAC = ff:ff:ff:ff:ff:ff ATTACKERMAC = 04:f0:21:0a:5d:7f count = 6
<129>Jan  2 12:04:12 APWID[2974]: ALERT! WLAN attack detected. TYPE = 0 NAME = BCASTPROBE APMAC = ff:ff:ff:ff:ff:ff ATTACKERMAC = 00:06:c7:02:be:e8 count = 10
<129>Jan  2 12:04:12 APWID[2974]: ALERT! WLAN attack detected. TYPE = 0 NAME = BCASTPROBE APMAC = ff:ff:ff:ff:ff:ff ATTACKERMAC = 00:06:c7:02:be:d7 count = 14
<129>Jan  2 12:04:12 APWID[2974]: ALERT! WLAN attack detected. TYPE = 0 NAME = BCASTPROBE APMAC = ff:ff:ff:ff:ff:ff ATTACKERMAC = 00:0c:42:f8:c5:55 count = 6
<129>Jan  2 12:04:12 APWID[2974]: ALERT! WLAN attack detected. TYPE = 0 NAME = BCASTPROBE APMAC = ff:ff:ff:ff:ff:ff ATTACKERMAC = e0:9d:31:07:a1:14 count = 5
<129>Jan  2 12:05:12 APWID[2974]: ALERT! WLAN attack detected. TYPE = 0 NAME = BCASTPROBE APMAC = ff:ff:ff:ff:ff:ff ATTACKERMAC = 24:24:0e:c4:01:4d count = 8
<129>Jan  2 12:05:12 APWID[2974]: ALERT! WLAN attack detected. TYPE = 0 NAME = BCASTPROBE APMAC = ff:ff:ff:ff:ff:ff ATTACKERMAC = 00:06:c7:02:be:e8 count = 6
<129>Jan  2 12:05:12 APWID[2974]: ALERT! WLAN attack detected. TYPE = 0 NAME = BCASTPROBE APMAC = ff:ff:ff:ff:ff:ff ATTACKERMAC = 00:06:c7:02:be:d7 count = 8
<129>Jan  2 12:05:12 APWID[2974]: ALERT! WLAN attack detected. TYPE = 0 NAME = BCASTPROBE APMAC = ff:ff:ff:ff:ff:ff ATTACKERMAC = d0:7e:35:a4:b6:0e count = 6
<129>Jan  2 12:06:12 APWID[2974]: ALERT! WLAN attack detected. TYPE = 0 NAME = BCASTPROBE APMAC = ff:ff:ff:ff:ff:ff ATTACKERMAC = 00:06:c7:02:be:e8 count = 6
<129>Jan  2 12:06:12 APWID[2974]: ALERT! WLAN attack detected. TYPE = 0 NAME = BCASTPROBE APMAC = ff:ff:ff:ff:ff:ff ATTACKERMAC = 00:06:c7:02:be:d7 count = 5
<129>Jan  2 12:06:12 APWID[2974]: ALERT! WLAN attack detected. TYPE = 0 NAME = BCASTPROBE APMAC = ff:ff:ff:ff:ff:ff ATTACKERMAC = 7c:7a:91:19:e4:84 count = 7
<129>Jan  2 12:06:12 APWID[2974]: ALERT! WLAN attack detected. TYPE = 0 NAME = BCASTPROBE APMAC = ff:ff:ff:ff:ff:ff ATTACKERMAC = 04:f0:21:32:0d:7a count = 6
<129>Jan  2 12:06:12 APWID[2974]: ALERT! WLAN attack detected. TYPE = 0 NAME = BCASTPROBE APMAC = ff:ff:ff:ff:ff:ff ATTACKERMAC = d0:7e:35:a4:b6:0e count = 6
<129>Jan  2 12:07:12 APWID[2974]: ALERT! WLAN attack detected. TYPE = 0 NAME = BCASTPROBE APMAC = ff:ff:ff:ff:ff:ff ATTACKERMAC = 00:06:c7:02:be:e8 count = 15
<129>Jan  2 12:07:12 APWID[2974]: ALERT! WLAN attack detected. TYPE = 0 NAME = BCASTPROBE APMAC = ff:ff:ff:ff:ff:ff ATTACKERMAC = d0:7e:35:a4:b6:0e count = 9
<129>Jan  2 12:07:12 APWID[2974]: ALERT! WLAN attack detected. TYPE = 0 NAME = BCASTPROBE APMAC = ff:ff:ff:ff:ff:ff ATTACKERMAC = ac:5f:3e:69:90:50 count = 5
<129>Jan  2 12:07:12 APWID[2974]: ALERT! WLAN attack detected. TYPE = 0 NAME = BCASTPROBE APMAC = ff:ff:ff:ff:ff:ff ATTACKERMAC = 00:06:c7:02:be:d7 count = 13
<129>Jan  2 12:08:12 APWID[2974]: ALERT! WLAN attack detected. TYPE = 0 NAME = BCASTPROBE APMAC = ff:ff:ff:ff:ff:ff ATTACKERMAC = 00:06:c7:02:be:e8 count = 13
<129>Jan  2 12:08:12 APWID[2974]: ALERT! WLAN attack detected. TYPE = 0 NAME = BCASTPROBE APMAC = ff:ff:ff:ff:ff:ff ATTACKERMAC = d0:7e:35:a4:b6:0e count = 6
<129>Jan  2 12:09:12 APWID[2974]: ALERT! WLAN attack detected. TYPE = 0 NAME = BCASTPROBE APMAC = ff:ff:ff:ff:ff:ff ATTACKERMAC = d0:7e:35:a4:b6:0e count = 6
<129>Jan  2 12:09:12 APWID[2974]: ALERT! WLAN attack detected. TYPE = 0 NAME = BCASTPROBE APMAC = ff:ff:ff:ff:ff:ff ATTACKERMAC = 04:f0:21:33:60:52 count = 8
<129>Jan  2 12:09:12 APWID[2974]: ALERT! WLAN attack detected. TYPE = 0 NAME = BCASTPROBE APMAC = ff:ff:ff:ff:ff:ff ATTACKERMAC = 00:06:c7:02:be:e8 count = 17
<129>Jan  2 12:09:12 APWID[2974]: ALERT! WLAN attack detected. TYPE = 0 NAME = BCASTPROBE APMAC = ff:ff:ff:ff:ff:ff ATTACKERMAC = 00:06:c7:02:be:d7 count = 16
<129>Jan  2 12:11:12 APWID[2974]: ALERT! WLAN attack detected. TYPE = 0 NAME = BCASTPROBE APMAC = ff:ff:ff:ff:ff:ff ATTACKERMAC = 00:06:c7:02:be:d7 count = 16
<129>Jan  2 12:11:12 APWID[2974]: ALERT! WLAN attack detected. TYPE = 0 NAME = BCASTPROBE APMAC = ff:ff:ff:ff:ff:ff ATTACKERMAC = 00:06:c7:02:be:e8 count = 13
<129>Jan  2 12:11:12 APWID[2974]: ALERT! WLAN attack detected. TYPE = 0 NAME = BCASTPROBE APMAC = ff:ff:ff:ff:ff:ff ATTACKERMAC = 04:f0:21:0a:5d:7f count = 6
<129>Jan  2 12:13:12 APWID[2974]: ALERT! WLAN attack detected. TYPE = 0 NAME = BCASTPROBE APMAC = ff:ff:ff:ff:ff:ff ATTACKERMAC = 00:06:c7:02:be:d7 count = 10
<129>Jan  2 12:13:12 APWID[2974]: ALERT! WLAN attack detected. TYPE = 0 NAME = BCASTPROBE APMAC = ff:ff:ff:ff:ff:ff ATTACKERMAC = 00:06:c7:02:be:e8 count = 13
<129>Jan  2 12:13:12 APWID[2974]: ALERT! WLAN attack detected. TYPE = 0 NAME = BCASTPROBE APMAC = ff:ff:ff:ff:ff:ff ATTACKERMAC = 04:f0:21:32:0d:7a count = 6
<129>Jan  2 12:13:12 APWID[2974]: ALERT! WLAN attack detected. TYPE = 0 NAME = BCASTPROBE APMAC = ff:ff:ff:ff:ff:ff ATTACKERMAC = d0:7e:35:a4:b6:0e count = 6
<129>Jan  2 12:14:12 APWID[2974]: ALERT! WLAN attack detected. TYPE = 0 NAME = BCASTPROBE APMAC = ff:ff:ff:ff:ff:ff ATTACKERMAC = 00:06:c7:02:be:e8 count = 13
<129>Jan  2 12:14:12 APWID[2974]: ALERT! WLAN attack detected. TYPE = 0 NAME = BCASTPROBE APMAC = ff:ff:ff:ff:ff:ff ATTACKERMAC = d0:7e:35:a4:b6:0e count = 6
<129>Jan  2 12:14:12 APWID[2974]: ALERT! WLAN attack detected. TYPE = 0 NAME = BCASTPROBE APMAC = ff:ff:ff:ff:ff:ff ATTACKERMAC = 00:06:c7:02:be:d7 count = 8
<129>Jan  2 12:15:12 APWID[2974]: ALERT! WLAN attack detected. TYPE = 0 NAME = BCASTPROBE APMAC = ff:ff:ff:ff:ff:ff ATTACKERMAC = 00:06:c7:02:be:d7 count = 12
<129>Jan  2 12:15:12 APWID[2974]: ALERT! WLAN attack detected. TYPE = 0 NAME = BCASTPROBE APMAC = ff:ff:ff:ff:ff:ff ATTACKERMAC = c0:d9:62:0b:9a:4e count = 19
<129>Jan  2 12:15:12 APWID[2974]: ALERT! WLAN attack detected. TYPE = 0 NAME = BCASTPROBE APMAC = ff:ff:ff:ff:ff:ff ATTACKERMAC = 00:06:c7:02:be:e8 count = 10
<129>Jan  2 12:15:12 APWID[2974]: ALERT! WLAN attack detected. TYPE = 0 NAME = BCASTPROBE APMAC = ff:ff:ff:ff:ff:ff ATTACKERMAC = c0:d9:62:0b:9a:1e count = 22
<129>Jan  2 12:15:12 APWID[2974]: ALERT! WLAN attack detected. TYPE = 0 NAME = BCASTPROBE APMAC = ff:ff:ff:ff:ff:ff ATTACKERMAC = d0:7e:35:a4:b6:0e count = 6
<129>Jan  2 12:16:12 APWID[2974]: ALERT! WLAN attack detected. TYPE = 0 NAME = BCASTPROBE APMAC = ff:ff:ff:ff:ff:ff ATTACKERMAC = c0:d9:62:0b:9a:4e count = 11
<129>Jan  2 12:16:12 APWID[2974]: ALERT! WLAN attack detected. TYPE = 0 NAME = BCASTPROBE APMAC = ff:ff:ff:ff:ff:ff ATTACKERMAC = 00:06:c7:02:be:d7 count = 14
<129>Jan  2 12:16:12 APWID[2974]: ALERT! WLAN attack detected. TYPE = 0 NAME = BCASTPROBE APMAC = ff:ff:ff:ff:ff:ff ATTACKERMAC = 00:06:c7:02:be:e8 count = 17
<129>Jan  2 12:16:12 APWID[2974]: ALERT! WLAN attack detected. TYPE = 0 NAME = BCASTPROBE APMAC = ff:ff:ff:ff:ff:ff ATTACKERMAC = c0:d9:62:0b:9a:1e count = 16
<129>Jan  2 12:16:12 APWID[2974]: ALERT! WLAN attack detected. TYPE = 0 NAME = BCASTPROBE APMAC = ff:ff:ff:ff:ff:ff ATTACKERMAC = ac:c1:ee:88:30:df count = 6
<129>Jan  2 12:16:12 APWID[2974]: ALERT! WLAN attack detected. TYPE = 0 NAME = BCASTPROBE APMAC = ff:ff:ff:ff:ff:ff ATTACKERMAC = d0:7e:35:a4:b6:0e count = 6
<129>Jan  2 12:17:12 APWID[2974]: ALERT! WLAN attack detected. TYPE = 0 NAME = BCASTPROBE APMAC = ff:ff:ff:ff:ff:ff ATTACKERMAC = c0:d9:62:0b:9a:4e count = 6
<129>Jan  2 12:17:12 APWID[2974]: ALERT! WLAN attack detected. TYPE = 0 NAME = BCASTPROBE APMAC = ff:ff:ff:ff:ff:ff ATTACKERMAC = c0:d9:62:0b:9a:1e count = 17
<129>Jan  2 12:17:12 APWID[2974]: ALERT! WLAN attack detected. TYPE = 0 NAME = BCASTPROBE APMAC = ff:ff:ff:ff:ff:ff ATTACKERMAC = e8:50:8b:1f:12:e5 count = 6
<129>Jan  2 12:17:12 APWID[2974]: ALERT! WLAN attack detected. TYPE = 0 NAME = BCASTPROBE APMAC = ff:ff:ff:ff:ff:ff ATTACKERMAC = d0:7e:35:a4:b6:0e count = 6
<129>Jan  2 12:18:12 APWID[2974]: ALERT! WLAN attack detected. TYPE = 0 NAME = BCASTPROBE APMAC = ff:ff:ff:ff:ff:ff ATTACKERMAC = 00:06:c7:02:be:e8 count = 24
<129>Jan  2 12:18:12 APWID[2974]: ALERT! WLAN attack detected. TYPE = 0 NAME = BCASTPROBE APMAC = ff:ff:ff:ff:ff:ff ATTACKERMAC = 04:f0:21:32:0d:7a count = 9
<129>Jan  2 12:18:12 APWID[2974]: ALERT! WLAN attack detected. TYPE = 0 NAME = BCASTPROBE APMAC = ff:ff:ff:ff:ff:ff ATTACKERMAC = c0:d9:62:0b:9a:1e count = 34
<129>Jan  2 12:18:12 APWID[2974]: ALERT! WLAN attack detected. TYPE = 0 NAME = BCASTPROBE APMAC = ff:ff:ff:ff:ff:ff ATTACKERMAC = 00:06:c7:02:be:d7 count = 16
<129>Jan  2 12:18:12 APWID[2974]: ALERT! WLAN attack detected. TYPE = 0 NAME = BCASTPROBE APMAC = ff:ff:ff:ff:ff:ff ATTACKERMAC = c0:d9:62:0b:9a:4e count = 35
<129>Jan  2 12:18:12 APWID[2974]: ALERT! WLAN attack detected. TYPE = 0 NAME = BCASTPROBE APMAC = ff:ff:ff:ff:ff:ff ATTACKERMAC = d0:7e:35:a4:b6:0e count = 6
<129>Jan  2 12:18:12 APWID[2974]: ALERT! WLAN attack detected. TYPE = 0 NAME = BCASTPROBE APMAC = ff:ff:ff:ff:ff:ff ATTACKERMAC = 04:f0:21:0a:5d:7f count = 6
<129>Jan  2 12:19:12 APWID[2974]: ALERT! WLAN attack detected. TYPE = 0 NAME = BCASTPROBE APMAC = ff:ff:ff:ff:ff:ff ATTACKERMAC = 08:11:96:d3:18:98 count = 6
<129>Jan  2 12:20:12 APWID[2974]: ALERT! WLAN attack detected. TYPE = 0 NAME = BCASTPROBE APMAC = ff:ff:ff:ff:ff:ff ATTACKERMAC = c0:d9:62:0b:9a:4e count = 15
<129>Jan  2 12:20:12 APWID[2974]: ALERT! WLAN attack detected. TYPE = 0 NAME = BCASTPROBE APMAC = ff:ff:ff:ff:ff:ff ATTACKERMAC = d0:7e:35:a4:b6:0e count = 6
<129>Jan  2 12:20:12 APWID[2974]: ALERT! WLAN attack detected. TYPE = 0 NAME = BCASTPROBE APMAC = ff:ff:ff:ff:ff:ff ATTACKERMAC = 04:f0:21:32:0d:7a count = 5
<129>Jan  2 12:20:12 APWID[2974]: ALERT! WLAN attack detected. TYPE = 0 NAME = BCASTPROBE APMAC = ff:ff:ff:ff:ff:ff ATTACKERMAC = 00:06:c7:02:be:d7 count = 16
<129>Jan  2 12:20:12 APWID[2974]: ALERT! WLAN attack detected. TYPE = 0 NAME = BCASTPROBE APMAC = ff:ff:ff:ff:ff:ff ATTACKERMAC = c0:d9:62:0b:9a:1e count = 26
<129>Jan  2 12:20:12 APWID[2974]: ALERT! WLAN attack detected. TYPE = 0 NAME = BCASTPROBE APMAC = ff:ff:ff:ff:ff:ff ATTACKERMAC = 04:f0:21:0a:5d:7f count = 6
<129>Jan  2 12:20:12 APWID[2974]: ALERT! WLAN attack detected. TYPE = 0 NAME = BCASTPROBE APMAC = ff:ff:ff:ff:ff:ff ATTACKERMAC = 00:06:c7:02:be:e8 count = 17
<129>Jan  2 12:21:12 APWID[2974]: ALERT! WLAN attack detected. TYPE = 0 NAME = BCASTPROBE APMAC = ff:ff:ff:ff:ff:ff ATTACKERMAC = 00:06:c7:02:be:e8 count = 6
<129>Jan  2 12:21:12 APWID[2974]: ALERT! WLAN attack detected. TYPE = 0 NAME = BCASTPROBE APMAC = ff:ff:ff:ff:ff:ff ATTACKERMAC = d0:7e:35:a4:b6:0e count = 6
<129>Jan  2 12:21:12 APWID[2974]: ALERT! WLAN attack detected. TYPE = 0 NAME = BCASTPROBE APMAC = ff:ff:ff:ff:ff:ff ATTACKERMAC = c0:d9:62:0b:9a:1e count = 6
<129>Jan  2 12:22:12 APWID[2974]: ALERT! WLAN attack detected. TYPE = 0 NAME = BCASTPROBE APMAC = ff:ff:ff:ff:ff:ff ATTACKERMAC = d0:7e:35:a4:b6:0e count = 6
<129>Jan  2 12:22:12 APWID[2974]: ALERT! WLAN attack detected. TYPE = 0 NAME = BCASTPROBE APMAC = ff:ff:ff:ff:ff:ff ATTACKERMAC = 00:06:c7:02:be:e8 count = 10
<129>Jan  2 12:22:12 APWID[2974]: ALERT! WLAN attack detected. TYPE = 0 NAME = BCASTPROBE APMAC = ff:ff:ff:ff:ff:ff ATTACKERMAC = c0:d9:62:0b:9a:4e count = 31
<129>Jan  2 12:22:12 APWID[2974]: ALERT! WLAN attack detected. TYPE = 0 NAME = BCASTPROBE APMAC = ff:ff:ff:ff:ff:ff ATTACKERMAC = c0:d9:62:0b:9a:1e count = 26
<129>Jan  2 12:22:12 APWID[2974]: ALERT! WLAN attack detected. TYPE = 0 NAME = BCASTPROBE APMAC = ff:ff:ff:ff:ff:ff ATTACKERMAC = 00:06:c7:02:be:d7 count = 8
<129>Jan  2 12:23:12 APWID[2974]: ALERT! WLAN attack detected. TYPE = 0 NAME = BCASTPROBE APMAC = ff:ff:ff:ff:ff:ff ATTACKERMAC = 00:06:c7:02:be:e8 count = 12
<129>Jan  2 12:23:12 APWID[2974]: ALERT! WLAN attack detected. TYPE = 0 NAME = BCASTPROBE APMAC = ff:ff:ff:ff:ff:ff ATTACKERMAC = 00:06:c7:02:be:d7 count = 9
<129>Jan  2 12:23:12 APWID[2974]: ALERT! WLAN attack detected. TYPE = 0 NAME = BCASTPROBE APMAC = ff:ff:ff:ff:ff:ff ATTACKERMAC = c0:d9:62:0b:9a:1e count = 5
<129>Jan  2 12:25:12 APWID[2974]: ALERT! WLAN attack detected. TYPE = 0 NAME = BCASTPROBE APMAC = ff:ff:ff:ff:ff:ff ATTACKERMAC = 00:06:c7:02:be:d7 count = 16
<129>Jan  2 12:25:12 APWID[2974]: ALERT! WLAN attack detected. TYPE = 0 NAME = BCASTPROBE APMAC = ff:ff:ff:ff:ff:ff ATTACKERMAC = 00:06:c7:02:be:e8 count = 19
<129>Jan  2 12:25:12 APWID[2974]: ALERT! WLAN attack detected. TYPE = 0 NAME = BCASTPROBE APMAC = ff:ff:ff:ff:ff:ff ATTACKERMAC = d0:7e:35:a4:b6:0e count = 6
<129>Jan  2 12:26:12 APWID[2974]: ALERT! WLAN attack detected. TYPE = 0 NAME = BCASTPROBE APMAC = ff:ff:ff:ff:ff:ff ATTACKERMAC = e8:50:8b:1f:12:e5 count = 7
<129>Jan  2 12:26:12 APWID[2974]: ALERT! WLAN attack detected. TYPE = 0 NAME = BCASTPROBE APMAC = ff:ff:ff:ff:ff:ff ATTACKERMAC = d0:7e:35:a4:b6:0e count = 6
<129>Jan  2 12:27:12 APWID[2974]: ALERT! WLAN attack detected. TYPE = 0 NAME = BCASTPROBE APMAC = ff:ff:ff:ff:ff:ff ATTACKERMAC = 04:f0:21:32:0d:7a count = 8
<129>Jan  2 12:27:12 APWID[2974]: ALERT! WLAN attack detected. TYPE = 0 NAME = BCASTPROBE APMAC = ff:ff:ff:ff:ff:ff ATTACKERMAC = 00:06:c7:02:be:d7 count = 18
<129>Jan  2 12:27:12 APWID[2974]: ALERT! WLAN attack detected. TYPE = 0 NAME = BCASTPROBE APMAC = ff:ff:ff:ff:ff:ff ATTACKERMAC = 00:06:c7:02:be:e8 count = 16
<129>Jan  2 12:29:12 APWID[2974]: ALERT! WLAN attack detected. TYPE = 0 NAME = BCASTPROBE APMAC = ff:ff:ff:ff:ff:ff ATTACKERMAC = 00:06:c7:02:be:e8 count = 14
<129>Jan  2 12:29:12 APWID[2974]: ALERT! WLAN attack detected. TYPE = 0 NAME = BCASTPROBE APMAC = ff:ff:ff:ff:ff:ff ATTACKERMAC = d0:7e:35:a4:b6:0e count = 6
<129>Jan  2 12:29:12 APWID[2974]: ALERT! WLAN attack detected. TYPE = 0 NAME = BCASTPROBE APMAC = ff:ff:ff:ff:ff:ff ATTACKERMAC = 00:06:c7:02:be:d7 count = 16
<129>Jan  2 12:29:12 APWID[2974]: ALERT! WLAN attack detected. TYPE = 0 NAME = BCASTPROBE APMAC = ff:ff:ff:ff:ff:ff ATTACKERMAC = 04:f0:21:32:0d:7a count = 5
<129>Jan  2 12:30:12 APWID[2974]: ALERT! WLAN attack detected. TYPE = 0 NAME = BCASTPROBE APMAC = ff:ff:ff:ff:ff:ff ATTACKERMAC = d0:7e:35:a4:b6:0e count = 6
<129>Jan  2 12:31:12 APWID[2974]: ALERT! WLAN attack detected. TYPE = 0 NAME = BCASTPROBE APMAC = ff:ff:ff:ff:ff:ff ATTACKERMAC = 00:06:c7:02:be:d7 count = 10
<129>Jan  2 12:31:12 APWID[2974]: ALERT! WLAN attack detected. TYPE = 0 NAME = BCASTPROBE APMAC = ff:ff:ff:ff:ff:ff ATTACKERMAC = 00:06:c7:02:be:e8 count = 8
<129>Jan  2 12:31:12 APWID[2974]: ALERT! WLAN attack detected. TYPE = 0 NAME = BCASTPROBE APMAC = ff:ff:ff:ff:ff:ff ATTACKERMAC = 04:f0:21:0a:5d:7f count = 8
<129>Jan  2 12:31:12 APWID[2974]: ALERT! WLAN attack detected. TYPE = 0 NAME = BCASTPROBE APMAC = ff:ff:ff:ff:ff:ff ATTACKERMAC = d0:7e:35:a4:b6:0e count = 5
<129>Jan  2 12:32:12 APWID[2974]: ALERT! WLAN attack detected. TYPE = 0 NAME = BCASTPROBE APMAC = ff:ff:ff:ff:ff:ff ATTACKERMAC = 00:06:c7:02:be:e8 count = 13
<129>Jan  2 12:32:12 APWID[2974]: ALERT! WLAN attack detected. TYPE = 0 NAME = BCASTPROBE APMAC = ff:ff:ff:ff:ff:ff ATTACKERMAC = d0:7e:35:a4:b6:0e count = 8
<129>Jan  2 12:32:12 APWID[2974]: ALERT! WLAN attack detected. TYPE = 0 NAME = BCASTPROBE APMAC = ff:ff:ff:ff:ff:ff ATTACKERMAC = 00:06:c7:02:be:d7 count = 10
<129>Jan  2 12:33:12 APWID[2974]: ALERT! WLAN attack detected. TYPE = 0 NAME = BCASTPROBE APMAC = ff:ff:ff:ff:ff:ff ATTACKERMAC = 14:9d:09:08:71:8e count = 6
<129>Jan  2 12:33:12 APWID[2974]: ALERT! WLAN attack detected. TYPE = 0 NAME = BCASTPROBE APMAC = ff:ff:ff:ff:ff:ff ATTACKERMAC = d0:7e:35:a4:b6:0e count = 5
<129>Jan  2 12:34:12 APWID[2974]: ALERT! WLAN attack detected. TYPE = 0 NAME = BCASTPROBE APMAC = ff:ff:ff:ff:ff:ff ATTACKERMAC = 00:06:c7:02:be:d7 count = 11
<129>Jan  2 12:34:12 APWID[2974]: ALERT! WLAN attack detected. TYPE = 0 NAME = BCASTPROBE APMAC = ff:ff:ff:ff:ff:ff ATTACKERMAC = 14:9d:09:08:71:8e count = 6
<129>Jan  2 12:34:12 APWID[2974]: ALERT! WLAN attack detected. TYPE = 0 NAME = BCASTPROBE APMAC = ff:ff:ff:ff:ff:ff ATTACKERMAC = 00:06:c7:02:be:e8 count = 24
<129>Jan  2 12:34:12 APWID[2974]: ALERT! WLAN attack detected. TYPE = 0 NAME = BCASTPROBE APMAC = ff:ff:ff:ff:ff:ff ATTACKERMAC = 04:f0:21:32:0d:7a count = 6
<129>Jan  2 12:36:12 APWID[2974]: ALERT! WLAN attack detected. TYPE = 0 NAME = BCASTPROBE APMAC = ff:ff:ff:ff:ff:ff ATTACKERMAC = 04:f0:21:32:0d:7a count = 9
<129>Jan  2 12:36:12 APWID[2974]: ALERT! WLAN attack detected. TYPE = 0 NAME = BCASTPROBE APMAC = ff:ff:ff:ff:ff:ff ATTACKERMAC = 00:06:c7:02:be:e8 count = 19
<129>Jan  2 12:36:12 APWID[2974]: ALERT! WLAN attack detected. TYPE = 0 NAME = BCASTPROBE APMAC = ff:ff:ff:ff:ff:ff ATTACKERMAC = 00:06:c7:02:be:d7 count = 22
<129>Jan  2 12:36:12 APWID[2974]: ALERT! WLAN attack detected. TYPE = 0 NAME = BCASTPROBE APMAC = ff:ff:ff:ff:ff:ff ATTACKERMAC = 58:00:e3:e6:b1:e1 count = 10
<129>Jan  2 12:36:12 APWID[2974]: ALERT! WLAN attack detected. TYPE = 0 NAME = BCASTPROBE APMAC = ff:ff:ff:ff:ff:ff ATTACKERMAC = 30:07:4d:5c:c2:ca count = 16
