<129>Jan  2 05:38:10 APWID[2974]: ALERT! WLAN attack detected. TYPE = 0 NAME = BCASTPROBE APMAC = ff:ff:ff:ff:ff:ff ATTACKERMAC = 00:06:c7:02:b6:8c count = 23
<129>Jan  2 05:38:10 APWID[2974]: ALERT! WLAN attack detected. TYPE = 0 NAME = BCASTPROBE APMAC = ff:ff:ff:ff:ff:ff ATTACKERMAC = 04:f0:21:0a:5d:7f count = 5
<129>Jan  2 05:38:10 APWID[2974]: ALERT! WLAN attack detected. TYPE = 0 NAME = BCASTPROBE APMAC = ff:ff:ff:ff:ff:ff ATTACKERMAC = 00:06:c7:02:b6:c5 count = 11
<129>Jan  2 05:40:10 APWID[2974]: ALERT! WLAN attack detected. TYPE = 0 NAME = BCASTPROBE APMAC = ff:ff:ff:ff:ff:ff ATTACKERMAC = 00:06:c7:02:b6:c5 count = 7
<129>Jan  2 05:40:10 APWID[2974]: ALERT! WLAN attack detected. TYPE = 0 NAME = BCASTPROBE APMAC = ff:ff:ff:ff:ff:ff ATTACKERMAC = 00:06:c7:02:b6:8c count = 8
<129>Jan  2 05:41:10 APWID[2974]: ALERT! WLAN attack detected. TYPE = 0 NAME = BCASTPROBE APMAC = ff:ff:ff:ff:ff:ff ATTACKERMAC = 00:06:c7:02:b6:8c count = 8
<129>Jan  2 05:43:10 APWID[2974]: ALERT! WLAN attack detected. TYPE = 0 NAME = BCASTPROBE APMAC = ff:ff:ff:ff:ff:ff ATTACKERMAC = 00:06:c7:02:b6:c5 count = 12
<129>Jan  2 05:43:10 APWID[2974]: ALERT! WLAN attack detected. TYPE = 0 NAME = BCASTPROBE APMAC = ff:ff:ff:ff:ff:ff ATTACKERMAC = e0:9d:31:18:44:8c count = 6
<129>Jan  2 05:43:10 APWID[2974]: ALERT! WLAN attack detected. TYPE = 0 NAME = BCASTPROBE APMAC = ff:ff:ff:ff:ff:ff ATTACKERMAC = 00:06:c7:02:b6:8c count = 9
<129>Jan  2 05:45:10 APWID[2974]: ALERT! WLAN attack detected. TYPE = 0 NAME = BCASTPROBE APMAC = ff:ff:ff:ff:ff:ff ATTACKERMAC = 00:06:c7:02:b6:c5 count = 7
<129>Jan  2 05:45:10 APWID[2974]: ALERT! WLAN attack detected. TYPE = 0 NAME = BCASTPROBE APMAC = ff:ff:ff:ff:ff:ff ATTACKERMAC = 00:06:c7:02:b6:8c count = 7
<129>Jan  2 05:46:10 APWID[2974]: ALERT! WLAN attack detected. TYPE = 0 NAME = BCASTPROBE APMAC = ff:ff:ff:ff:ff:ff ATTACKERMAC = e0:9d:31:18:44:8c count = 5
<129>Jan  2 05:47:10 APWID[2974]: ALERT! WLAN attack detected. TYPE = 0 NAME = BCASTPROBE APMAC = ff:ff:ff:ff:ff:ff ATTACKERMAC = 00:06:c7:02:b6:8c count = 11
<129>Jan  2 05:47:10 APWID[2974]: ALERT! WLAN attack detected. TYPE = 0 NAME = BCASTPROBE APMAC = ff:ff:ff:ff:ff:ff ATTACKERMAC = 00:06:c7:02:b6:c5 count = 8
<129>Jan  2 05:47:10 APWID[2974]: ALERT! WLAN attack detected. TYPE = 0 NAME = BCASTPROBE APMAC = ff:ff:ff:ff:ff:ff ATTACKERMAC = 04:f0:21:0a:5d:7f count = 5
<129>Jan  2 05:49:10 APWID[2974]: ALERT! WLAN attack detected. TYPE = 0 NAME = BCASTPROBE APMAC = ff:ff:ff:ff:ff:ff ATTACKERMAC = 04:f0:21:0a:5d:7f count = 7
<129>Jan  2 05:49:10 APWID[2974]: ALERT! WLAN attack detected. TYPE = 0 NAME = BCASTPROBE APMAC = ff:ff:ff:ff:ff:ff ATTACKERMAC = 00:06:c7:02:b6:8c count = 8
<129>Jan  2 05:49:10 APWID[2974]: ALERT! WLAN attack detected. TYPE = 0 NAME = BCASTPROBE APMAC = ff:ff:ff:ff:ff:ff ATTACKERMAC = 00:06:c7:02:b6:c5 count = 5
<129>Jan  2 05:52:10 APWID[2974]: ALERT! WLAN attack detected. TYPE = 0 NAME = BCASTPROBE APMAC = ff:ff:ff:ff:ff:ff ATTACKERMAC = 00:06:c7:02:b6:8c count = 12
<129>Jan  2 05:52:10 APWID[2974]: ALERT! WLAN attack detected. TYPE = 0 NAME = BCASTPROBE APMAC = ff:ff:ff:ff:ff:ff ATTACKERMAC = 00:06:c7:02:b6:c5 count = 9
<129>Jan  2 05:54:10 APWID[2974]: ALERT! WLAN attack detected. TYPE = 0 NAME = BCASTPROBE APMAC = ff:ff:ff:ff:ff:ff ATTACKERMAC = 00:06:c7:02:b6:8c count = 13
<129>Jan  2 05:54:10 APWID[2974]: ALERT! WLAN attack detected. TYPE = 0 NAME = BCASTPROBE APMAC = ff:ff:ff:ff:ff:ff ATTACKERMAC = 00:06:c7:02:b6:c5 count = 11
<129>Jan  2 05:56:10 APWID[2974]: ALERT! WLAN attack detected. TYPE = 0 NAME = BCASTPROBE APMAC = ff:ff:ff:ff:ff:ff ATTACKERMAC = 00:06:c7:02:b6:c5 count = 20
<129>Jan  2 05:56:10 APWID[2974]: ALERT! WLAN attack detected. TYPE = 0 NAME = BCASTPROBE APMAC = ff:ff:ff:ff:ff:ff ATTACKERMAC = 00:06:c7:02:b6:8c count = 10
<129>Jan  2 05:58:10 APWID[2974]: ALERT! WLAN attack detected. TYPE = 0 NAME = BCASTPROBE APMAC = ff:ff:ff:ff:ff:ff ATTACKERMAC = 00:06:c7:02:b6:c5 count = 7
<129>Jan  2 05:58:10 APWID[2974]: ALERT! WLAN attack detected. TYPE = 0 NAME = BCASTPROBE APMAC = ff:ff:ff:ff:ff:ff ATTACKERMAC = 00:06:c7:02:b6:8c count = 12
<129>Jan  2 06:01:10 APWID[2974]: ALERT! WLAN attack detected. TYPE = 0 NAME = BCASTPROBE APMAC = ff:ff:ff:ff:ff:ff ATTACKERMAC = 00:06:c7:02:b6:c5 count = 11
<129>Jan  2 06:01:10 APWID[2974]: ALERT! WLAN attack detected. TYPE = 0 NAME = BCASTPROBE APMAC = ff:ff:ff:ff:ff:ff ATTACKERMAC = 00:06:c7:02:b6:8c count = 11
<129>Jan  2 06:03:10 APWID[2974]: ALERT! WLAN attack detected. TYPE = 0 NAME = BCASTPROBE APMAC = ff:ff:ff:ff:ff:ff ATTACKERMAC = 00:06:c7:02:ba:d9 count = 8
<129>Jan  2 06:05:10 APWID[2974]: ALERT! WLAN attack detected. TYPE = 0 NAME = BCASTPROBE APMAC = ff:ff:ff:ff:ff:ff ATTACKERMAC = ac:c1:ee:88:30:df count = 5
<129>Jan  2 06:05:10 APWID[2974]: ALERT! WLAN attack detected. TYPE = 0 NAME = BCASTPROBE APMAC = ff:ff:ff:ff:ff:ff ATTACKERMAC = 00:06:c7:02:b6:c5 count = 9
<129>Jan  2 06:05:10 APWID[2974]: ALERT! WLAN attack detected. TYPE = 0 NAME = BCASTPROBE APMAC = ff:ff:ff:ff:ff:ff ATTACKERMAC = 00:06:c7:02:b6:8c count = 8
<129>Jan  2 06:06:10 APWID[2974]: ALERT! WLAN attack detected. TYPE = 0 NAME = BCASTPROBE APMAC = ff:ff:ff:ff:ff:ff ATTACKERMAC = 70:77:81:10:f0:db count = 6
<129>Jan  2 06:07:10 APWID[2974]: ALERT! WLAN attack detected. TYPE = 0 NAME = BCASTPROBE APMAC = ff:ff:ff:ff:ff:ff ATTACKERMAC = 00:06:c7:02:b6:8c count = 8
<129>Jan  2 06:07:10 APWID[2974]: ALERT! WLAN attack detected. TYPE = 0 NAME = BCASTPROBE APMAC = ff:ff:ff:ff:ff:ff ATTACKERMAC = 00:06:c7:02:b6:c5 count = 7
<129>Jan  2 06:10:11 APWID[2974]: ALERT! WLAN attack detected. TYPE = 0 NAME = BCASTPROBE APMAC = ff:ff:ff:ff:ff:ff ATTACKERMAC = 00:06:c7:02:b6:c5 count = 8
<129>Jan  2 06:10:11 APWID[2974]: ALERT! WLAN attack detected. TYPE = 0 NAME = BCASTPROBE APMAC = ff:ff:ff:ff:ff:ff ATTACKERMAC = 00:06:c7:02:b6:8c count = 6
<129>Jan  2 06:10:11 APWID[2974]: ALERT! WLAN attack detected. TYPE = 0 NAME = BCASTPROBE APMAC = ff:ff:ff:ff:ff:ff ATTACKERMAC = 00:0c:42:df:9a:08 count = 6
<129>Jan  2 06:12:11 APWID[2974]: ALERT! WLAN attack detected. TYPE = 0 NAME = BCASTPROBE APMAC = ff:ff:ff:ff:ff:ff ATTACKERMAC = 00:06:c7:02:b6:c5 count = 6
<129>Jan  2 06:12:11 APWID[2974]: ALERT! WLAN attack detected. TYPE = 0 NAME = BCASTPROBE APMAC = ff:ff:ff:ff:ff:ff ATTACKERMAC = 00:06:c7:02:b6:8c count = 8
<129>Jan  2 06:14:11 APWID[2974]: ALERT! WLAN attack detected. TYPE = 0 NAME = BCASTPROBE APMAC = ff:ff:ff:ff:ff:ff ATTACKERMAC = 00:06:c7:02:b6:8c count = 5
<129>Jan  2 06:14:11 APWID[2974]: ALERT! WLAN attack detected. TYPE = 0 NAME = BCASTPROBE APMAC = ff:ff:ff:ff:ff:ff ATTACKERMAC = 00:06:c7:02:b6:c5 count = 6
<129>Jan  2 06:16:11 APWID[2974]: ALERT! WLAN attack detected. TYPE = 0 NAME = BCASTPROBE APMAC = ff:ff:ff:ff:ff:ff ATTACKERMAC = 04:f0:21:0a:5d:7f count = 6
<129>Jan  2 06:16:11 APWID[2974]: ALERT! WLAN attack detected. TYPE = 0 NAME = BCASTPROBE APMAC = ff:ff:ff:ff:ff:ff ATTACKERMAC = 00:06:c7:02:b6:8c count = 8
<129>Jan  2 06:16:11 APWID[2974]: ALERT! WLAN attack detected. TYPE = 0 NAME = BCASTPROBE APMAC = ff:ff:ff:ff:ff:ff ATTACKERMAC = 00:06:c7:02:b6:c5 count = 7
<129>Jan  2 06:19:11 APWID[2974]: ALERT! WLAN attack detected. TYPE = 0 NAME = BCASTPROBE APMAC = ff:ff:ff:ff:ff:ff ATTACKERMAC = 00:06:c7:02:b6:8c count = 12
<129>Jan  2 06:19:11 APWID[2974]: ALERT! WLAN attack detected. TYPE = 0 NAME = BCASTPROBE APMAC = ff:ff:ff:ff:ff:ff ATTACKERMAC = 04:f0:21:0a:5d:7f count = 5
<129>Jan  2 06:19:11 APWID[2974]: ALERT! WLAN attack detected. TYPE = 0 NAME = BCASTPROBE APMAC = ff:ff:ff:ff:ff:ff ATTACKERMAC = 00:06:c7:02:b6:c5 count = 6
<129>Jan  2 06:21:11 APWID[2974]: ALERT! WLAN attack detected. TYPE = 0 NAME = BCASTPROBE APMAC = ff:ff:ff:ff:ff:ff ATTACKERMAC = 00:06:c7:02:b6:8c count = 22
<129>Jan  2 06:21:11 APWID[2974]: ALERT! WLAN attack detected. TYPE = 0 NAME = BCASTPROBE APMAC = ff:ff:ff:ff:ff:ff ATTACKERMAC = 00:06:c7:02:b6:c5 count = 17
<129>Jan  2 06:23:11 APWID[2974]: ALERT! WLAN attack detected. TYPE = 0 NAME = BCASTPROBE APMAC = ff:ff:ff:ff:ff:ff ATTACKERMAC = 00:06:c7:02:b6:8c count = 10
<129>Jan  2 06:23:11 APWID[2974]: ALERT! WLAN attack detected. TYPE = 0 NAME = BCASTPROBE APMAC = ff:ff:ff:ff:ff:ff ATTACKERMAC = 00:06:c7:02:b6:c5 count = 9
<129>Jan  2 06:23:11 APWID[2974]: ALERT! WLAN attack detected. TYPE = 0 NAME = BCASTPROBE APMAC = ff:ff:ff:ff:ff:ff ATTACKERMAC = 70:77:81:10:f0:db count = 6
<129>Jan  2 06:25:11 APWID[2974]: ALERT! WLAN attack detected. TYPE = 0 NAME = BCASTPROBE APMAC = ff:ff:ff:ff:ff:ff ATTACKERMAC = 00:06:c7:02:b6:c5 count = 8
<129>Jan  2 06:27:11 APWID[2974]: ALERT! WLAN attack detected. TYPE = 0 NAME = BCASTPROBE APMAC = ff:ff:ff:ff:ff:ff ATTACKERMAC = e0:9d:31:18:44:8c count = 6
<129>Jan  2 06:28:11 APWID[2974]: ALERT! WLAN attack detected. TYPE = 0 NAME = BCASTPROBE APMAC = ff:ff:ff:ff:ff:ff ATTACKERMAC = 00:06:c7:02:b6:8c count = 11
<129>Jan  2 06:28:11 APWID[2974]: ALERT! WLAN attack detected. TYPE = 0 NAME = BCASTPROBE APMAC = ff:ff:ff:ff:ff:ff ATTACKERMAC = 00:06:c7:02:b6:c5 count = 11
<129>Jan  2 06:29:11 APWID[2974]: ALERT! WLAN attack detected. TYPE = 0 NAME = BCASTPROBE APMAC = ff:ff:ff:ff:ff:ff ATTACKERMAC = 7c:7a:91:4d:cd:35 count = 5
<129>Jan  2 06:30:11 APWID[2974]: ALERT! WLAN attack detected. TYPE = 0 NAME = BCASTPROBE APMAC = ff:ff:ff:ff:ff:ff ATTACKERMAC = 00:06:c7:02:b6:8c count = 10
<129>Jan  2 06:30:11 APWID[2974]: ALERT! WLAN attack detected. TYPE = 0 NAME = BCASTPROBE APMAC = ff:ff:ff:ff:ff:ff ATTACKERMAC = 00:06:c7:02:b6:c5 count = 9
<129>Jan  2 06:30:11 APWID[2974]: ALERT! WLAN attack detected. TYPE = 0 NAME = BCASTPROBE APMAC = ff:ff:ff:ff:ff:ff ATTACKERMAC = 7c:7a:91:4d:cd:35 count = 6
<129>Jan  2 06:30:11 APWID[2974]: ALERT! WLAN attack detected. TYPE = 0 NAME = BCASTPROBE APMAC = ff:ff:ff:ff:ff:ff ATTACKERMAC = 04:f0:21:0a:5d:7f count = 5
<129>Jan  2 06:30:11 APWID[2974]: ALERT! WLAN attack detected. TYPE = 0 NAME = BCASTPROBE APMAC = ff:ff:ff:ff:ff:ff ATTACKERMAC = f0:79:e8:2a:f8:6d count = 11
<129>Jan  2 06:32:11 APWID[2974]: ALERT! WLAN attack detected. TYPE = 0 NAME = BCASTPROBE APMAC = ff:ff:ff:ff:ff:ff ATTACKERMAC = 00:06:c7:02:b6:c5 count = 12
<129>Jan  2 06:32:11 APWID[2974]: ALERT! WLAN attack detected. TYPE = 0 NAME = BCASTPROBE APMAC = ff:ff:ff:ff:ff:ff ATTACKERMAC = 00:06:c7:02:b6:8c count = 12
<129>Jan  2 06:34:11 APWID[2974]: ALERT! WLAN attack detected. TYPE = 0 NAME = BCASTPROBE APMAC = ff:ff:ff:ff:ff:ff ATTACKERMAC = 04:f0:21:0a:5d:7f count = 6
<129>Jan  2 06:34:11 APWID[2974]: ALERT! WLAN attack detected. TYPE = 0 NAME = BCASTPROBE APMAC = ff:ff:ff:ff:ff:ff ATTACKERMAC = 00:06:c7:02:b6:8c count = 14
<129>Jan  2 06:34:11 APWID[2974]: ALERT! WLAN attack detected. TYPE = 0 NAME = BCASTPROBE APMAC = ff:ff:ff:ff:ff:ff ATTACKERMAC = 00:06:c7:02:b6:c5 count = 8
<129>Jan  2 06:37:11 APWID[2974]: ALERT! WLAN attack detected. TYPE = 0 NAME = BCASTPROBE APMAC = ff:ff:ff:ff:ff:ff ATTACKERMAC = 04:f0:21:0a:5d:7f count = 5
<129>Jan  2 06:37:11 APWID[2974]: ALERT! WLAN attack detected. TYPE = 0 NAME = BCASTPROBE APMAC = ff:ff:ff:ff:ff:ff ATTACKERMAC = 00:06:c7:02:b6:8c count = 10
<129>Jan  2 06:37:11 APWID[2974]: ALERT! WLAN attack detected. TYPE = 0 NAME = BCASTPROBE APMAC = ff:ff:ff:ff:ff:ff ATTACKERMAC = 00:06:c7:02:b6:c5 count = 5
<129>Jan  2 06:39:11 APWID[2974]: ALERT! WLAN attack detected. TYPE = 0 NAME = BCASTPROBE APMAC = ff:ff:ff:ff:ff:ff ATTACKERMAC = 00:06:c7:02:b6:c5 count = 7
<129>Jan  2 06:39:11 APWID[2974]: ALERT! WLAN attack detected. TYPE = 0 NAME = BCASTPROBE APMAC = ff:ff:ff:ff:ff:ff ATTACKERMAC = 00:06:c7:02:b6:8c count = 8
<129>Jan  2 06:41:11 APWID[2974]: ALERT! WLAN attack detected. TYPE = 0 NAME = BCASTPROBE APMAC = ff:ff:ff:ff:ff:ff ATTACKERMAC = 00:06:c7:02:b6:c5 count = 9
<129>Jan  2 06:41:11 APWID[2974]: ALERT! WLAN attack detected. TYPE = 0 NAME = BCASTPROBE APMAC = ff:ff:ff:ff:ff:ff ATTACKERMAC = 00:06:c7:02:b6:8c count = 10
<129>Jan  2 06:43:11 APWID[2974]: ALERT! WLAN attack detected. TYPE = 0 NAME = BCASTPROBE APMAC = ff:ff:ff:ff:ff:ff ATTACKERMAC = 00:06:c7:02:b6:c5 count = 8
<129>Jan  2 06:43:11 APWID[2974]: ALERT! WLAN attack detected. TYPE = 0 NAME = BCASTPROBE APMAC = ff:ff:ff:ff:ff:ff ATTACKERMAC = 00:06:c7:02:b6:8c count = 10
<129>Jan  2 06:45:11 APWID[2974]: ALERT! WLAN attack detected. TYPE = 0 NAME = BCASTPROBE APMAC = ff:ff:ff:ff:ff:ff ATTACKERMAC = 14:9d:09:08:71:8e count = 5
<129>Jan  2 06:46:11 APWID[2974]: ALERT! WLAN attack detected. TYPE = 0 NAME = BCASTPROBE APMAC = ff:ff:ff:ff:ff:ff ATTACKERMAC = 14:9d:09:08:71:8e count = 5
<129>Jan  2 06:46:11 APWID[2974]: ALERT! WLAN attack detected. TYPE = 0 NAME = BCASTPROBE APMAC = ff:ff:ff:ff:ff:ff ATTACKERMAC = 00:06:c7:02:b6:8c count = 15
<129>Jan  2 06:46:11 APWID[2974]: ALERT! WLAN attack detected. TYPE = 0 NAME = BCASTPROBE APMAC = ff:ff:ff:ff:ff:ff ATTACKERMAC = 04:f0:21:0a:5d:7f count = 5
<129>Jan  2 06:46:11 APWID[2974]: ALERT! WLAN attack detected. TYPE = 0 NAME = BCASTPROBE APMAC = ff:ff:ff:ff:ff:ff ATTACKERMAC = 00:06:c7:02:b6:c5 count = 10
<129>Jan  2 06:48:11 APWID[2974]: ALERT! WLAN attack detected. TYPE = 0 NAME = BCASTPROBE APMAC = ff:ff:ff:ff:ff:ff ATTACKERMAC = 00:06:c7:02:b6:c5 count = 6
<129>Jan  2 06:48:11 APWID[2974]: ALERT! WLAN attack detected. TYPE = 0 NAME = BCASTPROBE APMAC = ff:ff:ff:ff:ff:ff ATTACKERMAC = 00:06:c7:02:b6:8c count = 10
<129>Jan  2 06:49:11 APWID[2974]: ALERT! WLAN attack detected. TYPE = 0 NAME = BCASTPROBE APMAC = ff:ff:ff:ff:ff:ff ATTACKERMAC = 00:06:c7:02:b6:c5 count = 7
<129>Jan  2 06:49:11 APWID[2974]: ALERT! WLAN attack detected. TYPE = 0 NAME = BCASTPROBE APMAC = ff:ff:ff:ff:ff:ff ATTACKERMAC = 70:77:81:10:f0:db count = 6
<129>Jan  2 06:50:11 APWID[2974]: ALERT! WLAN attack detected. TYPE = 0 NAME = BCASTPROBE APMAC = ff:ff:ff:ff:ff:ff ATTACKERMAC = 00:06:c7:02:b6:c5 count = 8
<129>Jan  2 06:50:11 APWID[2974]: ALERT! WLAN attack detected. TYPE = 0 NAME = BCASTPROBE APMAC = ff:ff:ff:ff:ff:ff ATTACKERMAC = 00:06:c7:02:b6:8c count = 8
<129>Jan  2 06:50:11 APWID[2974]: ALERT! WLAN attack detected. TYPE = 0 NAME = BCASTPROBE APMAC = ff:ff:ff:ff:ff:ff ATTACKERMAC = 70:77:81:10:f0:db count = 9
<129>Jan  2 06:52:11 APWID[2974]: ALERT! WLAN attack detected. TYPE = 0 NAME = BCASTPROBE APMAC = ff:ff:ff:ff:ff:ff ATTACKERMAC = 00:06:c7:02:b6:c5 count = 10
<129>Jan  2 06:52:11 APWID[2974]: ALERT! WLAN attack detected. TYPE = 0 NAME = BCASTPROBE APMAC = ff:ff:ff:ff:ff:ff ATTACKERMAC = e0:9d:31:07:a1:14 count = 5
<129>Jan  2 06:52:11 APWID[2974]: ALERT! WLAN attack detected. TYPE = 0 NAME = BCASTPROBE APMAC = ff:ff:ff:ff:ff:ff ATTACKERMAC = 00:06:c7:02:b6:8c count = 9
<129>Jan  2 06:55:11 APWID[2974]: ALERT! WLAN attack detected. TYPE = 0 NAME = BCASTPROBE APMAC = ff:ff:ff:ff:ff:ff ATTACKERMAC = 00:06:c7:02:b6:8c count = 9
<129>Jan  2 06:55:11 APWID[2974]: ALERT! WLAN attack detected. TYPE = 0 NAME = BCASTPROBE APMAC = ff:ff:ff:ff:ff:ff ATTACKERMAC = 00:06:c7:02:b6:c5 count = 7
<129>Jan  2 06:57:11 APWID[2974]: ALERT! WLAN attack detected. TYPE = 0 NAME = BCASTPROBE APMAC = ff:ff:ff:ff:ff:ff ATTACKERMAC = 00:06:c7:02:b6:8c count = 6
<129>Jan  2 06:57:11 APWID[2974]: ALERT! WLAN attack detected. TYPE = 0 NAME = BCASTPROBE APMAC = ff:ff:ff:ff:ff:ff ATTACKERMAC = 00:06:c7:02:b6:c5 count = 7
<129>Jan  2 06:59:11 APWID[2974]: ALERT! WLAN attack detected. TYPE = 0 NAME = BCASTPROBE APMAC = ff:ff:ff:ff:ff:ff ATTACKERMAC = 00:06:c7:02:b6:c5 count = 11
<129>Jan  2 06:59:11 APWID[2974]: ALERT! WLAN attack detected. TYPE = 0 NAME = BCASTPROBE APMAC = ff:ff:ff:ff:ff:ff ATTACKERMAC = 00:06:c7:02:b6:8c count = 8
<129>Jan  2 07:01:11 APWID[2974]: ALERT! WLAN attack detected. TYPE = 0 NAME = BCASTPROBE APMAC = ff:ff:ff:ff:ff:ff ATTACKERMAC = 00:06:c7:02:b6:8c count = 5
<129>Jan  2 07:02:11 APWID[2974]: ALERT! WLAN attack detected. TYPE = 0 NAME = BCASTPROBE APMAC = ff:ff:ff:ff:ff:ff ATTACKERMAC = 00:06:c7:02:b6:8c count = 5
<129>Jan  2 07:04:11 APWID[2974]: ALERT! WLAN attack detected. TYPE = 0 NAME = BCASTPROBE APMAC = ff:ff:ff:ff:ff:ff ATTACKERMAC = 00:06:c7:02:b6:c5 count = 8
<129>Jan  2 07:04:11 APWID[2974]: ALERT! WLAN attack detected. TYPE = 0 NAME = BCASTPROBE APMAC = ff:ff:ff:ff:ff:ff ATTACKERMAC = 14:9d:09:08:71:8e count = 7
<129>Jan  2 07:04:11 APWID[2974]: ALERT! WLAN attack detected. TYPE = 0 NAME = BCASTPROBE APMAC = ff:ff:ff:ff:ff:ff ATTACKERMAC = 00:06:c7:02:ba:d9 count = 8
<129>Jan  2 07:04:11 APWID[2974]: ALERT! WLAN attack detected. TYPE = 0 NAME = BCASTPROBE APMAC = ff:ff:ff:ff:ff:ff ATTACKERMAC = 00:06:c7:02:b6:8c count = 14
<129>Jan  2 07:06:11 APWID[2974]: ALERT! WLAN attack detected. TYPE = 0 NAME = BCASTPROBE APMAC = ff:ff:ff:ff:ff:ff ATTACKERMAC = 70:77:81:10:f0:db count = 18
<129>Jan  2 07:06:11 APWID[2974]: ALERT! WLAN attack detected. TYPE = 0 NAME = BCASTPROBE APMAC = ff:ff:ff:ff:ff:ff ATTACKERMAC = 00:06:c7:02:b6:8c count = 10
<129>Jan  2 07:06:11 APWID[2974]: ALERT! WLAN attack detected. TYPE = 0 NAME = BCASTPROBE APMAC = ff:ff:ff:ff:ff:ff ATTACKERMAC = 30:07:4d:9e:3a:57 count = 8
<129>Jan  2 07:06:11 APWID[2974]: ALERT! WLAN attack detected. TYPE = 0 NAME = BCASTPROBE APMAC = ff:ff:ff:ff:ff:ff ATTACKERMAC = 00:06:c7:02:b6:c5 count = 7
<129>Jan  2 07:07:11 APWID[2974]: ALERT! WLAN attack detected. TYPE = 0 NAME = BCASTPROBE APMAC = ff:ff:ff:ff:ff:ff ATTACKERMAC = 70:77:81:10:f0:db count = 9
<129>Jan  2 07:08:11 APWID[2974]: ALERT! WLAN attack detected. TYPE = 0 NAME = BCASTPROBE APMAC = ff:ff:ff:ff:ff:ff ATTACKERMAC = 00:06:c7:02:b6:8c count = 13
<129>Jan  2 07:08:11 APWID[2974]: ALERT! WLAN attack detected. TYPE = 0 NAME = BCASTPROBE APMAC = ff:ff:ff:ff:ff:ff ATTACKERMAC = 70:77:81:10:f0:db count = 17
<129>Jan  2 07:08:11 APWID[2974]: ALERT! WLAN attack detected. TYPE = 0 NAME = BCASTPROBE APMAC = ff:ff:ff:ff:ff:ff ATTACKERMAC = 00:06:c7:02:b6:c5 count = 10
<129>Jan  2 07:09:11 APWID[2974]: ALERT! WLAN attack detected. TYPE = 0 NAME = BCASTPROBE APMAC = ff:ff:ff:ff:ff:ff ATTACKERMAC = 70:77:81:10:f0:db count = 7
<129>Jan  2 07:11:11 APWID[2974]: ALERT! WLAN attack detected. TYPE = 0 NAME = BCASTPROBE APMAC = ff:ff:ff:ff:ff:ff ATTACKERMAC = 00:06:c7:02:b6:c5 count = 6
<129>Jan  2 07:11:11 APWID[2974]: ALERT! WLAN attack detected. TYPE = 0 NAME = BCASTPROBE APMAC = ff:ff:ff:ff:ff:ff ATTACKERMAC = 70:77:81:10:f0:db count = 6
<129>Jan  2 07:11:11 APWID[2974]: ALERT! WLAN attack detected. TYPE = 0 NAME = BCASTPROBE APMAC = ff:ff:ff:ff:ff:ff ATTACKERMAC = 00:06:c7:02:b6:8c count = 17
<129>Jan  2 07:13:11 APWID[2974]: ALERT! WLAN attack detected. TYPE = 0 NAME = BCASTPROBE APMAC = ff:ff:ff:ff:ff:ff ATTACKERMAC = 00:06:c7:02:ba:d9 count = 8
<129>Jan  2 07:13:11 APWID[2974]: ALERT! WLAN attack detected. TYPE = 0 NAME = BCASTPROBE APMAC = ff:ff:ff:ff:ff:ff ATTACKERMAC = 00:06:c7:02:b6:8c count = 11
<129>Jan  2 07:13:11 APWID[2974]: ALERT! WLAN attack detected. TYPE = 0 NAME = BCASTPROBE APMAC = ff:ff:ff:ff:ff:ff ATTACKERMAC = d0:7e:35:a4:b6:0e count = 7
<129>Jan  2 07:13:11 APWID[2974]: ALERT! WLAN attack detected. TYPE = 0 NAME = BCASTPROBE APMAC = ff:ff:ff:ff:ff:ff ATTACKERMAC = 30:07:4d:82:98:d1 count = 8
<129>Jan  2 07:13:11 APWID[2974]: ALERT! WLAN attack detected. TYPE = 0 NAME = BCASTPROBE APMAC = ff:ff:ff:ff:ff:ff ATTACKERMAC = 70:77:81:10:f0:db count = 9
<129>Jan  2 07:14:11 APWID[2974]: ALERT! WLAN attack detected. TYPE = 0 NAME = BCASTPROBE APMAC = ff:ff:ff:ff:ff:ff ATTACKERMAC = d0:7e:35:a4:b6:0e count = 5
<129>Jan  2 07:14:11 APWID[2974]: ALERT! WLAN attack detected. TYPE = 0 NAME = BCASTPROBE APMAC = ff:ff:ff:ff:ff:ff ATTACKERMAC = ac:c1:ee:88:30:df count = 5
<129>Jan  2 07:15:11 APWID[2974]: ALERT! WLAN attack detected. TYPE = 0 NAME = BCASTPROBE APMAC = ff:ff:ff:ff:ff:ff ATTACKERMAC = 24:24:0e:c4:01:4d count = 7
<129>Jan  2 07:15:11 APWID[2974]: ALERT! WLAN attack detected. TYPE = 0 NAME = BCASTPROBE APMAC = ff:ff:ff:ff:ff:ff ATTACKERMAC = 00:28:f8:ea:34:f9 count = 6
<129>Jan  2 07:15:11 APWID[2974]: ALERT! WLAN attack detected. TYPE = 0 NAME = BCASTPROBE APMAC = ff:ff:ff:ff:ff:ff ATTACKERMAC = 00:06:c7:02:b6:8c count = 11
<129>Jan  2 07:15:11 APWID[2974]: ALERT! WLAN attack detected. TYPE = 0 NAME = BCASTPROBE APMAC = ff:ff:ff:ff:ff:ff ATTACKERMAC = 00:06:c7:02:b6:c5 count = 14
<129>Jan  2 07:15:11 APWID[2974]: ALERT! WLAN attack detected. TYPE = 0 NAME = BCASTPROBE APMAC = ff:ff:ff:ff:ff:ff ATTACKERMAC = c0:d9:62:0b:9a:82 count = 5
<129>Jan  2 07:17:11 APWID[2974]: ALERT! WLAN attack detected. TYPE = 0 NAME = BCASTPROBE APMAC = ff:ff:ff:ff:ff:ff ATTACKERMAC = 00:06:c7:02:b6:c5 count = 8
<129>Jan  2 07:17:11 APWID[2974]: ALERT! WLAN attack detected. TYPE = 0 NAME = BCASTPROBE APMAC = ff:ff:ff:ff:ff:ff ATTACKERMAC = 00:06:c7:02:b6:8c count = 6
<129>Jan  2 07:19:11 APWID[2974]: ALERT! WLAN attack detected. TYPE = 0 NAME = BCASTPROBE APMAC = ff:ff:ff:ff:ff:ff ATTACKERMAC = 24:24:0e:c4:01:4d count = 6
<129>Jan  2 07:20:11 APWID[2974]: ALERT! WLAN attack detected. TYPE = 0 NAME = BCASTPROBE APMAC = ff:ff:ff:ff:ff:ff ATTACKERMAC = 00:06:c7:02:b6:8c count = 6
<129>Jan  2 07:20:11 APWID[2974]: ALERT! WLAN attack detected. TYPE = 0 NAME = BCASTPROBE APMAC = ff:ff:ff:ff:ff:ff ATTACKERMAC = 00:06:c7:02:b6:c5 count = 6
<129>Jan  2 07:21:11 APWID[2974]: ALERT! WLAN attack detected. TYPE = 0 NAME = BCASTPROBE APMAC = ff:ff:ff:ff:ff:ff ATTACKERMAC = d0:c5:f3:5e:e8:40 count = 7
<129>Jan  2 07:21:11 APWID[2974]: ALERT! WLAN attack detected. TYPE = 0 NAME = BCASTPROBE APMAC = ff:ff:ff:ff:ff:ff ATTACKERMAC = 70:77:81:10:f0:db count = 9
<129>Jan  2 07:21:11 APWID[2974]: ALERT! WLAN attack detected. TYPE = 0 NAME = BCASTPROBE APMAC = ff:ff:ff:ff:ff:ff ATTACKERMAC = 7c:7a:91:4d:cd:35 count = 6
<129>Jan  2 07:22:11 APWID[2974]: ALERT! WLAN attack detected. TYPE = 0 NAME = BCASTPROBE APMAC = ff:ff:ff:ff:ff:ff ATTACKERMAC = 70:77:81:10:f0:db count = 12
<129>Jan  2 07:22:11 APWID[2974]: ALERT! WLAN attack detected. TYPE = 0 NAME = BCASTPROBE APMAC = ff:ff:ff:ff:ff:ff ATTACKERMAC = d0:c5:f3:5e:e8:40 count = 12
<129>Jan  2 07:22:11 APWID[2974]: ALERT! WLAN attack detected. TYPE = 0 NAME = BCASTPROBE APMAC = ff:ff:ff:ff:ff:ff ATTACKERMAC = 14:9d:09:08:71:8e count = 10
<129>Jan  2 07:22:11 APWID[2974]: ALERT! WLAN attack detected. TYPE = 0 NAME = BCASTPROBE APMAC = ff:ff:ff:ff:ff:ff ATTACKERMAC = 04:f0:21:0a:5d:7f count = 5
<129>Jan  2 07:23:11 APWID[2974]: ALERT! WLAN attack detected. TYPE = 0 NAME = BCASTPROBE APMAC = ff:ff:ff:ff:ff:ff ATTACKERMAC = 70:77:81:10:f0:db count = 10
<129>Jan  2 07:23:11 APWID[2974]: ALERT! WLAN attack detected. TYPE = 0 NAME = BCASTPROBE APMAC = ff:ff:ff:ff:ff:ff ATTACKERMAC = 14:9d:09:08:71:8e count = 5
<129>Jan  2 07:23:11 APWID[2974]: ALERT! WLAN attack detected. TYPE = 0 NAME = BCASTPROBE APMAC = ff:ff:ff:ff:ff:ff ATTACKERMAC = d0:c5:f3:5e:e8:40 count = 8
<129>Jan  2 07:24:11 APWID[2974]: ALERT! WLAN attack detected. TYPE = 0 NAME = BCASTPROBE APMAC = ff:ff:ff:ff:ff:ff ATTACKERMAC = 14:9d:09:08:71:8e count = 7
<129>Jan  2 07:25:11 APWID[2974]: ALERT! WLAN attack detected. TYPE = 0 NAME = BCASTPROBE APMAC = ff:ff:ff:ff:ff:ff ATTACKERMAC = 70:77:81:10:f0:db count = 6
<129>Jan  2 07:26:11 APWID[2974]: ALERT! WLAN attack detected. TYPE = 0 NAME = BCASTPROBE APMAC = ff:ff:ff:ff:ff:ff ATTACKERMAC = 8c:fa:ba:4a:71:f8 count = 7
<129>Jan  2 07:27:11 APWID[2974]: ALERT! WLAN attack detected. TYPE = 0 NAME = BCASTPROBE APMAC = ff:ff:ff:ff:ff:ff ATTACKERMAC = d0:c5:f3:5e:e8:40 count = 6
<129>Jan  2 07:28:11 APWID[2974]: ALERT! WLAN attack detected. TYPE = 0 NAME = BCASTPROBE APMAC = ff:ff:ff:ff:ff:ff ATTACKERMAC = d0:7e:35:a4:b6:0e count = 5
<129>Jan  2 07:29:11 APWID[2974]: ALERT! WLAN attack detected. TYPE = 0 NAME = BCASTPROBE APMAC = ff:ff:ff:ff:ff:ff ATTACKERMAC = 14:9d:09:08:71:8e count = 6
<129>Jan  2 07:29:11 APWID[2974]: ALERT! WLAN attack detected. TYPE = 0 NAME = BCASTPROBE APMAC = ff:ff:ff:ff:ff:ff ATTACKERMAC = d0:7e:35:a4:b6:0e count = 5
<129>Jan  2 07:30:11 APWID[2974]: ALERT! WLAN attack detected. TYPE = 0 NAME = BCASTPROBE APMAC = ff:ff:ff:ff:ff:ff ATTACKERMAC = d0:c5:f3:5e:e8:40 count = 5
<129>Jan  2 07:31:11 APWID[2974]: ALERT! WLAN attack detected. TYPE = 0 NAME = BCASTPROBE APMAC = ff:ff:ff:ff:ff:ff ATTACKERMAC = 14:9d:09:08:71:8e count = 6
<129>Jan  2 07:31:11 APWID[2974]: ALERT! WLAN attack detected. TYPE = 0 NAME = BCASTPROBE APMAC = ff:ff:ff:ff:ff:ff ATTACKERMAC = 00:06:c7:02:ba:d9 count = 8
<129>Jan  2 07:31:11 APWID[2974]: ALERT! WLAN attack detected. TYPE = 0 NAME = BCASTPROBE APMAC = ff:ff:ff:ff:ff:ff ATTACKERMAC = d0:c5:f3:5e:e8:40 count = 6
<129>Jan  2 07:32:11 APWID[2974]: ALERT! WLAN attack detected. TYPE = 0 NAME = BCASTPROBE APMAC = ff:ff:ff:ff:ff:ff ATTACKERMAC = 14:9d:09:08:71:8e count = 6
<129>Jan  2 07:33:11 APWID[2974]: ALERT! WLAN attack detected. TYPE = 0 NAME = BCASTPROBE APMAC = ff:ff:ff:ff:ff:ff ATTACKERMAC = 14:9d:09:08:71:8e count = 8
<129>Jan  2 07:33:11 APWID[2974]: ALERT! WLAN attack detected. TYPE = 0 NAME = BCASTPROBE APMAC = ff:ff:ff:ff:ff:ff ATTACKERMAC = d0:7e:35:a4:b6:0e count = 5
<129>Jan  2 07:35:11 APWID[2974]: ALERT! WLAN attack detected. TYPE = 0 NAME = BCASTPROBE APMAC = ff:ff:ff:ff:ff:ff ATTACKERMAC = ac:c1:ee:88:30:df count = 6
<129>Jan  2 07:35:11 APWID[2974]: ALERT! WLAN attack detected. TYPE = 0 NAME = BCASTPROBE APMAC = ff:ff:ff:ff:ff:ff ATTACKERMAC = 14:9d:09:08:71:8e count = 6
<129>Jan  2 07:36:11 APWID[2974]: ALERT! WLAN attack detected. TYPE = 0 NAME = BCASTPROBE APMAC = ff:ff:ff:ff:ff:ff ATTACKERMAC = d0:c5:f3:5e:e8:40 count = 6
<129>Jan  2 07:36:11 APWID[2974]: ALERT! WLAN attack detected. TYPE = 0 NAME = BCASTPROBE APMAC = ff:ff:ff:ff:ff:ff ATTACKERMAC = 14:9d:09:08:71:8e count = 9
<129>Jan  2 07:37:11 APWID[2974]: ALERT! WLAN attack detected. TYPE = 0 NAME = BCASTPROBE APMAC = ff:ff:ff:ff:ff:ff ATTACKERMAC = e0:9d:31:07:a1:14 count = 6
<129>Jan  2 07:37:11 APWID[2974]: ALERT! WLAN attack detected. TYPE = 0 NAME = BCASTPROBE APMAC = ff:ff:ff:ff:ff:ff ATTACKERMAC = d0:7e:35:a4:b6:0e count = 5
<129>Jan  2 07:44:11 APWID[2974]: ALERT! WLAN attack detected. TYPE = 0 NAME = BCASTPROBE APMAC = ff:ff:ff:ff:ff:ff ATTACKERMAC = 14:9d:09:08:71:8e count = 21
<129>Jan  2 07:44:11 APWID[2974]: ALERT! WLAN attack detected. TYPE = 0 NAME = BCASTPROBE APMAC = ff:ff:ff:ff:ff:ff ATTACKERMAC = 70:8a:09:24:08:a7 count = 10
<129>Jan  2 07:44:11 APWID[2974]: ALERT! WLAN attack detected. TYPE = 0 NAME = BCASTPROBE APMAC = ff:ff:ff:ff:ff:ff ATTACKERMAC = 70:77:81:10:f0:db count = 6
<129>Jan  2 07:46:11 APWID[2974]: ALERT! WLAN attack detected. TYPE = 0 NAME = BCASTPROBE APMAC = ff:ff:ff:ff:ff:ff ATTACKERMAC = 70:8a:09:24:08:a7 count = 7
<129>Jan  2 07:46:11 APWID[2974]: ALERT! WLAN attack detected. TYPE = 0 NAME = BCASTPROBE APMAC = ff:ff:ff:ff:ff:ff ATTACKERMAC = 8c:fa:ba:4a:71:f8 count = 6
<129>Jan  2 07:47:11 APWID[2974]: ALERT! WLAN attack detected. TYPE = 0 NAME = BCASTPROBE APMAC = ff:ff:ff:ff:ff:ff ATTACKERMAC = 14:9d:09:08:71:8e count = 5
<129>Jan  2 07:47:11 APWID[2974]: ALERT! WLAN attack detected. TYPE = 0 NAME = BCASTPROBE APMAC = ff:ff:ff:ff:ff:ff ATTACKERMAC = 70:77:81:10:f0:db count = 18
<129>Jan  2 07:52:11 APWID[2974]: ALERT! WLAN attack detected. TYPE = 0 NAME = BCASTPROBE APMAC = ff:ff:ff:ff:ff:ff ATTACKERMAC = d0:c5:f3:5e:e8:40 count = 12
<129>Jan  2 07:53:11 APWID[2974]: ALERT! WLAN attack detected. TYPE = 0 NAME = BCASTPROBE APMAC = ff:ff:ff:ff:ff:ff ATTACKERMAC = d0:c5:f3:5e:e8:40 count = 8
<129>Jan  2 07:54:11 APWID[2974]: ALERT! WLAN attack detected. TYPE = 0 NAME = BCASTPROBE APMAC = ff:ff:ff:ff:ff:ff ATTACKERMAC = d0:c5:f3:5e:e8:40 count = 5
<129>Jan  2 08:00:11 APWID[2974]: ALERT! WLAN attack detected. TYPE = 0 NAME = BCASTPROBE APMAC = ff:ff:ff:ff:ff:ff ATTACKERMAC = 00:06:c7:02:ba:d9 count = 8
<129>Jan  2 08:02:11 APWID[2974]: ALERT! WLAN attack detected. TYPE = 0 NAME = BCASTPROBE APMAC = ff:ff:ff:ff:ff:ff ATTACKERMAC = 30:07:4d:a7:cc:f7 count = 5
<129>Jan  2 08:07:11 APWID[2974]: ALERT! WLAN attack detected. TYPE = 0 NAME = BCASTPROBE APMAC = ff:ff:ff:ff:ff:ff ATTACKERMAC = 7c:7a:91:19:e4:84 count = 5
<129>Jan  2 08:11:11 APWID[2974]: ALERT! WLAN attack detected. TYPE = 0 NAME = BCASTPROBE APMAC = ff:ff:ff:ff:ff:ff ATTACKERMAC = c0:d9:62:0b:9a:1a count = 17
<129>Jan  2 08:13:11 APWID[2974]: ALERT! WLAN attack detected. TYPE = 0 NAME = BCASTPROBE APMAC = ff:ff:ff:ff:ff:ff ATTACKERMAC = c0:d9:62:0b:9a:1a count = 11
<129>Jan  2 08:13:11 APWID[2974]: ALERT! WLAN attack detected. TYPE = 0 NAME = BCASTPROBE APMAC = ff:ff:ff:ff:ff:ff ATTACKERMAC = e0:9d:31:18:44:8c count = 6
<129>Jan  2 08:15:11 APWID[2974]: ALERT! WLAN attack detected. TYPE = 0 NAME = BCASTPROBE APMAC = ff:ff:ff:ff:ff:ff ATTACKERMAC = c0:d9:62:0b:9a:1a count = 6
<129>Jan  2 08:15:11 APWID[2974]: ALERT! WLAN attack detected. TYPE = 0 NAME = BCASTPROBE APMAC = ff:ff:ff:ff:ff:ff ATTACKERMAC = ac:5f:3e:2e:a3:49 count = 9
<129>Jan  2 08:16:11 APWID[2974]: ALERT! WLAN attack detected. TYPE = 0 NAME = BCASTPROBE APMAC = ff:ff:ff:ff:ff:ff ATTACKERMAC = c0:d9:62:0b:9a:1a count = 6
<129>Jan  2 08:16:11 APWID[2974]: ALERT! WLAN attack detected. TYPE = 0 NAME = BCASTPROBE APMAC = ff:ff:ff:ff:ff:ff ATTACKERMAC = 30:07:4d:5c:c2:ca count = 8
<129>Jan  2 08:21:11 APWID[2974]: ALERT! WLAN attack detected. TYPE = 0 NAME = BCASTPROBE APMAC = ff:ff:ff:ff:ff:ff ATTACKERMAC = 04:f0:21:33:60:51 count = 189
<129>Jan  2 08:22:11 APWID[2974]: ALERT! WLAN attack detected. TYPE = 0 NAME = BCASTPROBE APMAC = ff:ff:ff:ff:ff:ff ATTACKERMAC = 04:f0:21:33:60:51 count = 409
<129>Jan  2 08:22:11 APWID[2974]: ALERT! WLAN attack detected. TYPE = 0 NAME = BCASTPROBE APMAC = ff:ff:ff:ff:ff:ff ATTACKERMAC = 04:f0:21:36:e5:4f count = 246
<129>Jan  2 08:22:11 APWID[2974]: ALERT! WLAN attack detected. TYPE = 0 NAME = BCASTPROBE APMAC = ff:ff:ff:ff:ff:ff ATTACKERMAC = 14:9d:09:08:71:8e count = 8
<129>Jan  2 08:23:11 APWID[2974]: ALERT! WLAN attack detected. TYPE = 0 NAME = BCASTPROBE APMAC = ff:ff:ff:ff:ff:ff ATTACKERMAC = 04:f0:21:33:60:51 count = 401
<129>Jan  2 08:23:11 APWID[2974]: ALERT! WLAN attack detected. TYPE = 0 NAME = BCASTPROBE APMAC = ff:ff:ff:ff:ff:ff ATTACKERMAC = 04:f0:21:36:e5:4f count = 332
<129>Jan  2 08:24:11 APWID[2974]: ALERT! WLAN attack detected. TYPE = 0 NAME = BCASTPROBE APMAC = ff:ff:ff:ff:ff:ff ATTACKERMAC = 04:f0:21:36:e5:4f count = 872
<129>Jan  2 08:24:11 APWID[2974]: ALERT! WLAN attack detected. TYPE = 0 NAME = BCASTPROBE APMAC = ff:ff:ff:ff:ff:ff ATTACKERMAC = 04:f0:21:33:60:51 count = 273
<129>Jan  2 08:25:11 APWID[2974]: ALERT! WLAN attack detected. TYPE = 0 NAME = BCASTPROBE APMAC = ff:ff:ff:ff:ff:ff ATTACKERMAC = 14:9d:09:08:71:8e count = 5
<129>Jan  2 08:25:11 APWID[2974]: ALERT! WLAN attack detected. TYPE = 0 NAME = BCASTPROBE APMAC = ff:ff:ff:ff:ff:ff ATTACKERMAC = 04:f0:21:33:60:51 count = 904
<129>Jan  2 08:25:11 APWID[2974]: ALERT! WLAN attack detected. TYPE = 0 NAME = BCASTPROBE APMAC = ff:ff:ff:ff:ff:ff ATTACKERMAC = 04:f0:21:0a:5d:7f count = 6
<129>Jan  2 08:25:11 APWID[2974]: ALERT! WLAN attack detected. TYPE = 0 NAME = BCASTPROBE APMAC = ff:ff:ff:ff:ff:ff ATTACKERMAC = 04:f0:21:36:e5:4f count = 1085
<129>Jan  2 08:26:11 APWID[2974]: ALERT! WLAN attack detected. TYPE = 0 NAME = BCASTPROBE APMAC = ff:ff:ff:ff:ff:ff ATTACKERMAC = 04:f0:21:36:e5:4f count = 656
<129>Jan  2 08:26:11 APWID[2974]: ALERT! WLAN attack detected. TYPE = 0 NAME = BCASTPROBE APMAC = ff:ff:ff:ff:ff:ff ATTACKERMAC = 04:f0:21:33:60:51 count = 456
<129>Jan  2 08:27:11 APWID[2974]: ALERT! WLAN attack detected. TYPE = 0 NAME = BCASTPROBE APMAC = ff:ff:ff:ff:ff:ff ATTACKERMAC = 04:f0:21:36:e5:4f count = 1064
<129>Jan  2 08:27:11 APWID[2974]: ALERT! WLAN attack detected. TYPE = 0 NAME = BCASTPROBE APMAC = ff:ff:ff:ff:ff:ff ATTACKERMAC = 04:f0:21:33:60:51 count = 267
<129>Jan  2 08:28:11 APWID[2974]: ALERT! WLAN attack detected. TYPE = 0 NAME = BCASTPROBE APMAC = ff:ff:ff:ff:ff:ff ATTACKERMAC = 04:f0:21:36:e5:4f count = 201
<129>Jan  2 08:28:11 APWID[2974]: ALERT! WLAN attack detected. TYPE = 0 NAME = BCASTPROBE APMAC = ff:ff:ff:ff:ff:ff ATTACKERMAC = 04:f0:21:33:60:51 count = 472
<129>Jan  2 08:29:11 APWID[2974]: ALERT! WLAN attack detected. TYPE = 0 NAME = BCASTPROBE APMAC = ff:ff:ff:ff:ff:ff ATTACKERMAC = 04:f0:21:33:60:51 count = 147
<129>Jan  2 08:29:11 APWID[2974]: ALERT! WLAN attack detected. TYPE = 0 NAME = BCASTPROBE APMAC = ff:ff:ff:ff:ff:ff ATTACKERMAC = 04:f0:21:36:e5:4f count = 392
<129>Jan  2 08:29:11 APWID[2974]: ALERT! WLAN attack detected. TYPE = 0 NAME = BCASTPROBE APMAC = ff:ff:ff:ff:ff:ff ATTACKERMAC = 04:f0:21:0a:5d:7f count = 6
<129>Jan  2 08:30:11 APWID[2974]: ALERT! WLAN attack detected. TYPE = 0 NAME = BCASTPROBE APMAC = ff:ff:ff:ff:ff:ff ATTACKERMAC = 04:f0:21:33:60:51 count = 243
<129>Jan  2 08:30:11 APWID[2974]: ALERT! WLAN attack detected. TYPE = 0 NAME = BCASTPROBE APMAC = ff:ff:ff:ff:ff:ff ATTACKERMAC = 04:f0:21:36:e5:4f count = 295
<129>Jan  2 08:31:11 APWID[2974]: ALERT! WLAN attack detected. TYPE = 0 NAME = BCASTPROBE APMAC = ff:ff:ff:ff:ff:ff ATTACKERMAC = 04:f0:21:33:60:51 count = 411
<129>Jan  2 08:31:11 APWID[2974]: ALERT! WLAN attack detected. TYPE = 0 NAME = BCASTPROBE APMAC = ff:ff:ff:ff:ff:ff ATTACKERMAC = 04:f0:21:36:e5:4f count = 527
<129>Jan  2 08:32:11 APWID[2974]: ALERT! WLAN attack detected. TYPE = 0 NAME = BCASTPROBE APMAC = ff:ff:ff:ff:ff:ff ATTACKERMAC = 04:f0:21:33:60:51 count = 545
<129>Jan  2 08:32:11 APWID[2974]: ALERT! WLAN attack detected. TYPE = 0 NAME = BCASTPROBE APMAC = ff:ff:ff:ff:ff:ff ATTACKERMAC = 04:f0:21:36:e5:4f count = 300
<129>Jan  2 08:33:11 APWID[2974]: ALERT! WLAN attack detected. TYPE = 0 NAME = BCASTPROBE APMAC = ff:ff:ff:ff:ff:ff ATTACKERMAC = 04:f0:21:36:e5:4f count = 370
<129>Jan  2 08:33:11 APWID[2974]: ALERT! WLAN attack detected. TYPE = 0 NAME = BCASTPROBE APMAC = ff:ff:ff:ff:ff:ff ATTACKERMAC = 04:f0:21:33:60:51 count = 439
<129>Jan  2 08:34:11 APWID[2974]: ALERT! WLAN attack detected. TYPE = 0 NAME = BCASTPROBE APMAC = ff:ff:ff:ff:ff:ff ATTACKERMAC = 04:f0:21:33:60:51 count = 613
<129>Jan  2 08:34:11 APWID[2974]: ALERT! WLAN attack detected. TYPE = 0 NAME = BCASTPROBE APMAC = ff:ff:ff:ff:ff:ff ATTACKERMAC = 04:f0:21:36:e5:4f count = 452
<129>Jan  2 08:35:11 APWID[2974]: ALERT! WLAN attack detected. TYPE = 0 NAME = BCASTPROBE APMAC = ff:ff:ff:ff:ff:ff ATTACKERMAC = 04:f0:21:33:60:51 count = 568
<129>Jan  2 08:35:11 APWID[2974]: ALERT! WLAN attack detected. TYPE = 0 NAME = BCASTPROBE APMAC = ff:ff:ff:ff:ff:ff ATTACKERMAC = 04:f0:21:36:e5:4f count = 250
<129>Jan  2 08:36:11 APWID[2974]: ALERT! WLAN attack detected. TYPE = 0 NAME = BCASTPROBE APMAC = ff:ff:ff:ff:ff:ff ATTACKERMAC = 70:77:81:10:f0:db count = 5
<129>Jan  2 08:36:11 APWID[2974]: ALERT! WLAN attack detected. TYPE = 0 NAME = BCASTPROBE APMAC = ff:ff:ff:ff:ff:ff ATTACKERMAC = 04:f0:21:36:e5:4f count = 500
<129>Jan  2 08:36:11 APWID[2974]: ALERT! WLAN attack detected. TYPE = 0 NAME = BCASTPROBE APMAC = ff:ff:ff:ff:ff:ff ATTACKERMAC = 04:f0:21:33:60:51 count = 911
<129>Jan  2 08:37:11 APWID[2974]: ALERT! WLAN attack detected. TYPE = 0 NAME = BCASTPROBE APMAC = ff:ff:ff:ff:ff:ff ATTACKERMAC = 04:f0:21:36:e5:4f count = 439
<129>Jan  2 08:37:11 APWID[2974]: ALERT! WLAN attack detected. TYPE = 0 NAME = BCASTPROBE APMAC = ff:ff:ff:ff:ff:ff ATTACKERMAC = 04:f0:21:33:60:51 count = 510
<129>Jan  2 08:37:11 APWID[2974]: ALERT! WLAN attack detected. TYPE = 0 NAME = BCASTPROBE APMAC = ff:ff:ff:ff:ff:ff ATTACKERMAC = e0:9d:31:18:44:8c count = 6
<129>Jan  2 08:38:11 APWID[2974]: ALERT! WLAN attack detected. TYPE = 0 NAME = BCASTPROBE APMAC = ff:ff:ff:ff:ff:ff ATTACKERMAC = d4:ca:6d:82:98:9e count = 6
<129>Jan  2 08:38:11 APWID[2974]: ALERT! WLAN attack detected. TYPE = 0 NAME = BCASTPROBE APMAC = ff:ff:ff:ff:ff:ff ATTACKERMAC = 14:9d:09:08:71:8e count = 6
<129>Jan  2 08:38:11 APWID[2974]: ALERT! WLAN attack detected. TYPE = 0 NAME = BCASTPROBE APMAC = ff:ff:ff:ff:ff:ff ATTACKERMAC = 04:f0:21:33:60:51 count = 744
<129>Jan  2 08:38:11 APWID[2974]: ALERT! WLAN attack detected. TYPE = 0 NAME = BCASTPROBE APMAC = ff:ff:ff:ff:ff:ff ATTACKERMAC = 04:f0:21:36:e5:4f count = 447
<129>Jan  2 08:38:11 APWID[2974]: ALERT! WLAN attack detected. TYPE = 0 NAME = BCASTPROBE APMAC = ff:ff:ff:ff:ff:ff ATTACKERMAC = ac:5f:3e:69:90:50 count = 8
<129>Jan  2 08:39:11 APWID[2974]: ALERT! WLAN attack detected. TYPE = 0 NAME = BCASTPROBE APMAC = ff:ff:ff:ff:ff:ff ATTACKERMAC = 04:f0:21:33:60:51 count = 375
<129>Jan  2 08:39:11 APWID[2974]: ALERT! WLAN attack detected. TYPE = 0 NAME = BCASTPROBE APMAC = ff:ff:ff:ff:ff:ff ATTACKERMAC = ac:5f:3e:69:90:50 count = 12
<129>Jan  2 08:39:11 APWID[2974]: ALERT! WLAN attack detected. TYPE = 0 NAME = BCASTPROBE APMAC = ff:ff:ff:ff:ff:ff ATTACKERMAC = 04:f0:21:36:e5:4f count = 336
<129>Jan  2 08:40:11 APWID[2974]: ALERT! WLAN attack detected. TYPE = 0 NAME = BCASTPROBE APMAC = ff:ff:ff:ff:ff:ff ATTACKERMAC = 04:f0:21:36:e5:4f count = 479
<129>Jan  2 08:40:11 APWID[2974]: ALERT! WLAN attack detected. TYPE = 0 NAME = BCASTPROBE APMAC = ff:ff:ff:ff:ff:ff ATTACKERMAC = 04:f0:21:33:60:51 count = 228
<129>Jan  2 08:41:11 APWID[2974]: ALERT! WLAN attack detected. TYPE = 0 NAME = BCASTPROBE APMAC = ff:ff:ff:ff:ff:ff ATTACKERMAC = 04:f0:21:36:e5:4f count = 400
<129>Jan  2 08:41:11 APWID[2974]: ALERT! WLAN attack detected. TYPE = 0 NAME = BCASTPROBE APMAC = ff:ff:ff:ff:ff:ff ATTACKERMAC = 04:f0:21:33:60:51 count = 263
<129>Jan  2 08:42:11 APWID[2974]: ALERT! WLAN attack detected. TYPE = 0 NAME = BCASTPROBE APMAC = ff:ff:ff:ff:ff:ff ATTACKERMAC = ac:5f:3e:69:90:50 count = 9
<129>Jan  2 08:42:11 APWID[2974]: ALERT! WLAN attack detected. TYPE = 0 NAME = BCASTPROBE APMAC = ff:ff:ff:ff:ff:ff ATTACKERMAC = 08:11:96:d3:18:98 count = 5
<129>Jan  2 08:42:11 APWID[2974]: ALERT! WLAN attack detected. TYPE = 0 NAME = BCASTPROBE APMAC = ff:ff:ff:ff:ff:ff ATTACKERMAC = 04:f0:21:36:e5:4f count = 255
<129>Jan  2 08:42:11 APWID[2974]: ALERT! WLAN attack detected. TYPE = 0 NAME = BCASTPROBE APMAC = ff:ff:ff:ff:ff:ff ATTACKERMAC = 04:f0:21:33:60:51 count = 321
<129>Jan  2 08:43:11 APWID[2974]: ALERT! WLAN attack detected. TYPE = 0 NAME = BCASTPROBE APMAC = ff:ff:ff:ff:ff:ff ATTACKERMAC = 04:f0:21:36:e5:4f count = 390
<129>Jan  2 08:43:11 APWID[2974]: ALERT! WLAN attack detected. TYPE = 0 NAME = BCASTPROBE APMAC = ff:ff:ff:ff:ff:ff ATTACKERMAC = 04:f0:21:33:60:51 count = 685
<129>Jan  2 08:43:11 APWID[2974]: ALERT! WLAN attack detected. TYPE = 0 NAME = BCASTPROBE APMAC = ff:ff:ff:ff:ff:ff ATTACKERMAC = 1c:77:f6:b2:bc:91 count = 5
<129>Jan  2 08:44:11 APWID[2974]: ALERT! WLAN attack detected. TYPE = 0 NAME = BCASTPROBE APMAC = ff:ff:ff:ff:ff:ff ATTACKERMAC = 04:f0:21:36:e5:4f count = 272
<129>Jan  2 08:44:11 APWID[2974]: ALERT! WLAN attack detected. TYPE = 0 NAME = BCASTPROBE APMAC = ff:ff:ff:ff:ff:ff ATTACKERMAC = 04:f0:21:33:60:51 count = 690
<129>Jan  2 08:45:11 APWID[2974]: ALERT! WLAN attack detected. TYPE = 0 NAME = BCASTPROBE APMAC = ff:ff:ff:ff:ff:ff ATTACKERMAC = 04:f0:21:36:e5:4f count = 432
<129>Jan  2 08:45:11 APWID[2974]: ALERT! WLAN attack detected. TYPE = 0 NAME = BCASTPROBE APMAC = ff:ff:ff:ff:ff:ff ATTACKERMAC = 04:f0:21:33:60:51 count = 996
<129>Jan  2 08:46:11 APWID[2974]: ALERT! WLAN attack detected. TYPE = 0 NAME = BCASTPROBE APMAC = ff:ff:ff:ff:ff:ff ATTACKERMAC = 04:f0:21:33:60:51 count = 588
<129>Jan  2 08:46:11 APWID[2974]: ALERT! WLAN attack detected. TYPE = 0 NAME = BCASTPROBE APMAC = ff:ff:ff:ff:ff:ff ATTACKERMAC = 04:f0:21:36:e5:4f count = 315
<129>Jan  2 08:47:11 APWID[2974]: ALERT! WLAN attack detected. TYPE = 0 NAME = BCASTPROBE APMAC = ff:ff:ff:ff:ff:ff ATTACKERMAC = 04:f0:21:33:60:51 count = 829
<129>Jan  2 08:47:11 APWID[2974]: ALERT! WLAN attack detected. TYPE = 0 NAME = BCASTPROBE APMAC = ff:ff:ff:ff:ff:ff ATTACKERMAC = 8c:fa:ba:4a:71:f8 count = 5
<129>Jan  2 08:47:11 APWID[2974]: ALERT! WLAN attack detected. TYPE = 0 NAME = BCASTPROBE APMAC = ff:ff:ff:ff:ff:ff ATTACKERMAC = 04:f0:21:36:e5:4f count = 573
<129>Jan  2 08:47:11 APWID[2974]: ALERT! WLAN attack detected. TYPE = 0 NAME = BCASTPROBE APMAC = ff:ff:ff:ff:ff:ff ATTACKERMAC = 04:f0:21:0a:5d:7f count = 6
<129>Jan  2 08:48:11 APWID[2974]: ALERT! WLAN attack detected. TYPE = 0 NAME = BCASTPROBE APMAC = ff:ff:ff:ff:ff:ff ATTACKERMAC = ac:5f:3e:69:90:50 count = 6
<129>Jan  2 08:48:11 APWID[2974]: ALERT! WLAN attack detected. TYPE = 0 NAME = BCASTPROBE APMAC = ff:ff:ff:ff:ff:ff ATTACKERMAC = 04:f0:21:36:e5:4f count = 325
<129>Jan  2 08:48:11 APWID[2974]: ALERT! WLAN attack detected. TYPE = 0 NAME = BCASTPROBE APMAC = ff:ff:ff:ff:ff:ff ATTACKERMAC = 04:f0:21:33:60:51 count = 707
<129>Jan  2 08:49:11 APWID[2974]: ALERT! WLAN attack detected. TYPE = 0 NAME = BCASTPROBE APMAC = ff:ff:ff:ff:ff:ff ATTACKERMAC = 04:f0:21:36:e5:4f count = 452
<129>Jan  2 08:49:11 APWID[2974]: ALERT! WLAN attack detected. TYPE = 0 NAME = BCASTPROBE APMAC = ff:ff:ff:ff:ff:ff ATTACKERMAC = 04:f0:21:33:60:51 count = 492
<129>Jan  2 08:49:11 APWID[2974]: ALERT! WLAN attack detected. TYPE = 0 NAME = BCASTPROBE APMAC = ff:ff:ff:ff:ff:ff ATTACKERMAC = ac:5f:3e:69:90:50 count = 10
<129>Jan  2 08:50:11 APWID[2974]: ALERT! WLAN attack detected. TYPE = 0 NAME = BCASTPROBE APMAC = ff:ff:ff:ff:ff:ff ATTACKERMAC = 04:f0:21:33:60:51 count = 672
<129>Jan  2 08:50:11 APWID[2974]: ALERT! WLAN attack detected. TYPE = 0 NAME = BCASTPROBE APMAC = ff:ff:ff:ff:ff:ff ATTACKERMAC = 04:f0:21:36:e5:4f count = 582
<129>Jan  2 08:51:11 APWID[2974]: ALERT! WLAN attack detected. TYPE = 0 NAME = BCASTPROBE APMAC = ff:ff:ff:ff:ff:ff ATTACKERMAC = 04:f0:21:33:60:51 count = 750
<129>Jan  2 08:51:11 APWID[2974]: ALERT! WLAN attack detected. TYPE = 0 NAME = BCASTPROBE APMAC = ff:ff:ff:ff:ff:ff ATTACKERMAC = ac:5f:3e:69:90:50 count = 6
<129>Jan  2 08:51:11 APWID[2974]: ALERT! WLAN attack detected. TYPE = 0 NAME = BCASTPROBE APMAC = ff:ff:ff:ff:ff:ff ATTACKERMAC = 7c:1d:d9:66:d7:b7 count = 16
<129>Jan  2 08:51:11 APWID[2974]: ALERT! WLAN attack detected. TYPE = 0 NAME = BCASTPROBE APMAC = ff:ff:ff:ff:ff:ff ATTACKERMAC = 04:f0:21:36:e5:4f count = 891
<129>Jan  2 08:52:11 APWID[2974]: ALERT! WLAN attack detected. TYPE = 0 NAME = BCASTPROBE APMAC = ff:ff:ff:ff:ff:ff ATTACKERMAC = 04:f0:21:33:60:51 count = 806
<129>Jan  2 08:52:11 APWID[2974]: ALERT! WLAN attack detected. TYPE = 0 NAME = BCASTPROBE APMAC = ff:ff:ff:ff:ff:ff ATTACKERMAC = 04:f0:21:36:e5:4f count = 1033
<129>Jan  2 08:52:11 APWID[2974]: ALERT! WLAN attack detected. TYPE = 0 NAME = BCASTPROBE APMAC = ff:ff:ff:ff:ff:ff ATTACKERMAC = ac:5f:3e:69:90:50 count = 7
<129>Jan  2 08:53:11 APWID[2974]: ALERT! WLAN attack detected. TYPE = 0 NAME = BCASTPROBE APMAC = ff:ff:ff:ff:ff:ff ATTACKERMAC = 04:f0:21:36:e5:4f count = 779
<129>Jan  2 08:53:11 APWID[2974]: ALERT! WLAN attack detected. TYPE = 0 NAME = BCASTPROBE APMAC = ff:ff:ff:ff:ff:ff ATTACKERMAC = 04:f0:21:33:60:51 count = 248
<129>Jan  2 08:54:11 APWID[2974]: ALERT! WLAN attack detected. TYPE = 0 NAME = BCASTPROBE APMAC = ff:ff:ff:ff:ff:ff ATTACKERMAC = 04:f0:21:36:e5:4f count = 1039
<129>Jan  2 08:54:11 APWID[2974]: ALERT! WLAN attack detected. TYPE = 0 NAME = BCASTPROBE APMAC = ff:ff:ff:ff:ff:ff ATTACKERMAC = 04:f0:21:33:60:51 count = 290
<129>Jan  2 08:55:11 APWID[2974]: ALERT! WLAN attack detected. TYPE = 0 NAME = BCASTPROBE APMAC = ff:ff:ff:ff:ff:ff ATTACKERMAC = 04:f0:21:33:60:51 count = 326
<129>Jan  2 08:55:11 APWID[2974]: ALERT! WLAN attack detected. TYPE = 0 NAME = BCASTPROBE APMAC = ff:ff:ff:ff:ff:ff ATTACKERMAC = 70:77:81:10:f0:db count = 6
<129>Jan  2 08:55:11 APWID[2974]: ALERT! WLAN attack detected. TYPE = 0 NAME = BCASTPROBE APMAC = ff:ff:ff:ff:ff:ff ATTACKERMAC = 04:f0:21:36:e5:4f count = 230
<129>Jan  2 08:55:11 APWID[2974]: ALERT! WLAN attack detected. TYPE = 0 NAME = BCASTPROBE APMAC = ff:ff:ff:ff:ff:ff ATTACKERMAC = 14:9d:09:08:71:8e count = 8
<129>Jan  2 08:56:11 APWID[2974]: ALERT! WLAN attack detected. TYPE = 0 NAME = BCASTPROBE APMAC = ff:ff:ff:ff:ff:ff ATTACKERMAC = 04:f0:21:36:e5:4f count = 632
<129>Jan  2 08:56:11 APWID[2974]: ALERT! WLAN attack detected. TYPE = 0 NAME = BCASTPROBE APMAC = ff:ff:ff:ff:ff:ff ATTACKERMAC = 04:f0:21:33:60:51 count = 523
<129>Jan  2 08:56:11 APWID[2974]: ALERT! WLAN attack detected. TYPE = 0 NAME = BCASTPROBE APMAC = ff:ff:ff:ff:ff:ff ATTACKERMAC = 14:9d:09:08:71:8e count = 6
<129>Jan  2 08:57:11 APWID[2974]: ALERT! WLAN attack detected. TYPE = 0 NAME = BCASTPROBE APMAC = ff:ff:ff:ff:ff:ff ATTACKERMAC = 04:f0:21:36:e5:4f count = 793
<129>Jan  2 08:57:11 APWID[2974]: ALERT! WLAN attack detected. TYPE = 0 NAME = BCASTPROBE APMAC = ff:ff:ff:ff:ff:ff ATTACKERMAC = 04:f0:21:33:60:51 count = 96
<129>Jan  2 08:58:11 APWID[2974]: ALERT! WLAN attack detected. TYPE = 0 NAME = BCASTPROBE APMAC = ff:ff:ff:ff:ff:ff ATTACKERMAC = 04:f0:21:36:e5:4f count = 698
<129>Jan  2 08:58:11 APWID[2974]: ALERT! WLAN attack detected. TYPE = 0 NAME = BCASTPROBE APMAC = ff:ff:ff:ff:ff:ff ATTACKERMAC = ac:5f:3e:69:90:50 count = 6
<129>Jan  2 08:59:11 APWID[2974]: ALERT! WLAN attack detected. TYPE = 0 NAME = BCASTPROBE APMAC = ff:ff:ff:ff:ff:ff ATTACKERMAC = 08:11:96:d3:18:98 count = 6
<129>Jan  2 08:59:11 APWID[2974]: ALERT! WLAN attack detected. TYPE = 0 NAME = BCASTPROBE APMAC = ff:ff:ff:ff:ff:ff ATTACKERMAC = 04:f0:21:33:60:51 count = 31
<129>Jan  2 08:59:11 APWID[2974]: ALERT! WLAN attack detected. TYPE = 0 NAME = BCASTPROBE APMAC = ff:ff:ff:ff:ff:ff ATTACKERMAC = 04:f0:21:36:e5:4f count = 401
<129>Jan  2 09:00:11 APWID[2974]: ALERT! WLAN attack detected. TYPE = 0 NAME = BCASTPROBE APMAC = ff:ff:ff:ff:ff:ff ATTACKERMAC = 04:f0:21:36:e5:4f count = 319
<129>Jan  2 09:01:11 APWID[2974]: ALERT! WLAN attack detected. TYPE = 0 NAME = BCASTPROBE APMAC = ff:ff:ff:ff:ff:ff ATTACKERMAC = ac:5f:3e:69:90:50 count = 10
<129>Jan  2 09:01:11 APWID[2974]: ALERT! WLAN attack detected. TYPE = 0 NAME = BCASTPROBE APMAC = ff:ff:ff:ff:ff:ff ATTACKERMAC = 04:f0:21:36:e5:4f count = 556
<129>Jan  2 09:01:11 APWID[2974]: ALERT! WLAN attack detected. TYPE = 0 NAME = BCASTPROBE APMAC = ff:ff:ff:ff:ff:ff ATTACKERMAC = 04:f0:21:33:60:51 count = 10
<129>Jan  2 09:01:11 APWID[2974]: ALERT! WLAN attack detected. TYPE = 0 NAME = BCASTPROBE APMAC = ff:ff:ff:ff:ff:ff ATTACKERMAC = 00:06:c7:02:ba:d9 count = 8
<129>Jan  2 09:02:11 APWID[2974]: ALERT! WLAN attack detected. TYPE = 0 NAME = BCASTPROBE APMAC = ff:ff:ff:ff:ff:ff ATTACKERMAC = 04:f0:21:36:e5:4f count = 325
<129>Jan  2 09:02:11 APWID[2974]: ALERT! WLAN attack detected. TYPE = 0 NAME = BCASTPROBE APMAC = ff:ff:ff:ff:ff:ff ATTACKERMAC = ac:5f:3e:69:90:50 count = 8
<129>Jan  2 09:03:11 APWID[2974]: ALERT! WLAN attack detected. TYPE = 0 NAME = BCASTPROBE APMAC = ff:ff:ff:ff:ff:ff ATTACKERMAC = 04:f0:21:36:e5:4f count = 546
<129>Jan  2 09:04:11 APWID[2974]: ALERT! WLAN attack detected. TYPE = 0 NAME = BCASTPROBE APMAC = ff:ff:ff:ff:ff:ff ATTACKERMAC = 04:f0:21:36:e5:4f count = 266
<129>Jan  2 09:05:11 APWID[2974]: ALERT! WLAN attack detected. TYPE = 0 NAME = BCASTPROBE APMAC = ff:ff:ff:ff:ff:ff ATTACKERMAC = 04:f0:21:36:e5:4f count = 535
<129>Jan  2 09:05:11 APWID[2974]: ALERT! WLAN attack detected. TYPE = 0 NAME = BCASTPROBE APMAC = ff:ff:ff:ff:ff:ff ATTACKERMAC = ac:5f:3e:69:90:50 count = 15
<129>Jan  2 09:06:11 APWID[2974]: ALERT! WLAN attack detected. TYPE = 0 NAME = BCASTPROBE APMAC = ff:ff:ff:ff:ff:ff ATTACKERMAC = 04:f0:21:36:e5:4f count = 318
<129>Jan  2 09:07:11 APWID[2974]: ALERT! WLAN attack detected. TYPE = 0 NAME = BCASTPROBE APMAC = ff:ff:ff:ff:ff:ff ATTACKERMAC = 04:f0:21:33:60:51 count = 26
<129>Jan  2 09:07:11 APWID[2974]: ALERT! WLAN attack detected. TYPE = 0 NAME = BCASTPROBE APMAC = ff:ff:ff:ff:ff:ff ATTACKERMAC = 04:f0:21:36:e5:4f count = 368
<129>Jan  2 09:07:11 APWID[2974]: ALERT! WLAN attack detected. TYPE = 0 NAME = BCASTPROBE APMAC = ff:ff:ff:ff:ff:ff ATTACKERMAC = ac:5f:3e:69:90:50 count = 6
<129>Jan  2 09:08:11 APWID[2974]: ALERT! WLAN attack detected. TYPE = 0 NAME = BCASTPROBE APMAC = ff:ff:ff:ff:ff:ff ATTACKERMAC = 04:f0:21:36:e5:4f count = 552
<129>Jan  2 09:08:11 APWID[2974]: ALERT! WLAN attack detected. TYPE = 0 NAME = BCASTPROBE APMAC = ff:ff:ff:ff:ff:ff ATTACKERMAC = 04:f0:21:33:60:51 count = 10
<129>Jan  2 09:09:11 APWID[2974]: ALERT! WLAN attack detected. TYPE = 0 NAME = BCASTPROBE APMAC = ff:ff:ff:ff:ff:ff ATTACKERMAC = 04:f0:21:36:e5:4f count = 268
<129>Jan  2 09:09:11 APWID[2974]: ALERT! WLAN attack detected. TYPE = 0 NAME = BCASTPROBE APMAC = ff:ff:ff:ff:ff:ff ATTACKERMAC = 30:07:4d:5c:c2:ca count = 13
<129>Jan  2 09:09:11 APWID[2974]: ALERT! WLAN attack detected. TYPE = 0 NAME = BCASTPROBE APMAC = ff:ff:ff:ff:ff:ff ATTACKERMAC = 04:f0:21:33:60:51 count = 10
<129>Jan  2 09:09:11 APWID[2974]: ALERT! WLAN attack detected. TYPE = 0 NAME = BCASTPROBE APMAC = ff:ff:ff:ff:ff:ff ATTACKERMAC = ac:5f:3e:69:90:50 count = 8
<129>Jan  2 09:10:11 APWID[2974]: ALERT! WLAN attack detected. TYPE = 0 NAME = BCASTPROBE APMAC = ff:ff:ff:ff:ff:ff ATTACKERMAC = 30:07:4d:5c:c2:ca count = 33
<129>Jan  2 09:10:11 APWID[2974]: ALERT! WLAN attack detected. TYPE = 0 NAME = BCASTPROBE APMAC = ff:ff:ff:ff:ff:ff ATTACKERMAC = 04:f0:21:36:e5:4f count = 528
<129>Jan  2 09:11:11 APWID[2974]: ALERT! WLAN attack detected. TYPE = 0 NAME = BCASTPROBE APMAC = ff:ff:ff:ff:ff:ff ATTACKERMAC = 30:07:4d:5c:c2:ca count = 19
<129>Jan  2 09:11:11 APWID[2974]: ALERT! WLAN attack detected. TYPE = 0 NAME = BCASTPROBE APMAC = ff:ff:ff:ff:ff:ff ATTACKERMAC = ac:5f:3e:69:90:50 count = 11
<129>Jan  2 09:11:11 APWID[2974]: ALERT! WLAN attack detected. TYPE = 0 NAME = BCASTPROBE APMAC = ff:ff:ff:ff:ff:ff ATTACKERMAC = 04:f0:21:36:e5:4f count = 233
<129>Jan  2 09:12:11 APWID[2974]: ALERT! WLAN attack detected. TYPE = 0 NAME = BCASTPROBE APMAC = ff:ff:ff:ff:ff:ff ATTACKERMAC = 30:07:4d:5c:c2:ca count = 22
<129>Jan  2 09:12:11 APWID[2974]: ALERT! WLAN attack detected. TYPE = 0 NAME = BCASTPROBE APMAC = ff:ff:ff:ff:ff:ff ATTACKERMAC = 04:f0:21:36:e5:4f count = 424
<129>Jan  2 09:12:11 APWID[2974]: ALERT! WLAN attack detected. TYPE = 0 NAME = BCASTPROBE APMAC = ff:ff:ff:ff:ff:ff ATTACKERMAC = ac:5f:3e:69:90:50 count = 5
<129>Jan  2 09:12:11 APWID[2974]: ALERT! WLAN attack detected. TYPE = 0 NAME = BCASTPROBE APMAC = ff:ff:ff:ff:ff:ff ATTACKERMAC = 04:f0:21:33:60:51 count = 17
<129>Jan  2 09:13:11 APWID[2974]: ALERT! WLAN attack detected. TYPE = 0 NAME = BCASTPROBE APMAC = ff:ff:ff:ff:ff:ff ATTACKERMAC = 04:f0:21:36:e5:4f count = 410
<129>Jan  2 09:13:11 APWID[2974]: ALERT! WLAN attack detected. TYPE = 0 NAME = BCASTPROBE APMAC = ff:ff:ff:ff:ff:ff ATTACKERMAC = ac:5f:3e:69:90:50 count = 14
<129>Jan  2 09:14:11 APWID[2974]: ALERT! WLAN attack detected. TYPE = 0 NAME = BCASTPROBE APMAC = ff:ff:ff:ff:ff:ff ATTACKERMAC = ac:5f:3e:69:90:50 count = 12
<129>Jan  2 09:14:11 APWID[2974]: ALERT! WLAN attack detected. TYPE = 0 NAME = BCASTPROBE APMAC = ff:ff:ff:ff:ff:ff ATTACKERMAC = 04:f0:21:33:60:50 count = 71
<129>Jan  2 09:14:11 APWID[2974]: ALERT! WLAN attack detected. TYPE = 0 NAME = BCASTPROBE APMAC = ff:ff:ff:ff:ff:ff ATTACKERMAC = 04:f0:21:0a:5d:7f count = 6
<129>Jan  2 09:14:11 APWID[2974]: ALERT! WLAN attack detected. TYPE = 0 NAME = BCASTPROBE APMAC = ff:ff:ff:ff:ff:ff ATTACKERMAC = 04:f0:21:36:e5:4f count = 458
<129>Jan  2 09:15:11 APWID[2974]: ALERT! WLAN attack detected. TYPE = 0 NAME = BCASTPROBE APMAC = ff:ff:ff:ff:ff:ff ATTACKERMAC = ac:5f:3e:69:90:50 count = 9
<129>Jan  2 09:15:11 APWID[2974]: ALERT! WLAN attack detected. TYPE = 0 NAME = BCASTPROBE APMAC = ff:ff:ff:ff:ff:ff ATTACKERMAC = 04:f0:21:36:e5:4f count = 296
<129>Jan  2 09:15:11 APWID[2974]: ALERT! WLAN attack detected. TYPE = 0 NAME = BCASTPROBE APMAC = ff:ff:ff:ff:ff:ff ATTACKERMAC = 04:d6:aa:aa:80:03 count = 10
<129>Jan  2 09:16:11 APWID[2974]: ALERT! WLAN attack detected. TYPE = 0 NAME = BCASTPROBE APMAC = ff:ff:ff:ff:ff:ff ATTACKERMAC = ac:5f:3e:69:90:50 count = 10
<129>Jan  2 09:16:11 APWID[2974]: ALERT! WLAN attack detected. TYPE = 0 NAME = BCASTPROBE APMAC = ff:ff:ff:ff:ff:ff ATTACKERMAC = 04:f0:21:36:e5:4f count = 247
<129>Jan  2 09:17:11 APWID[2974]: ALERT! WLAN attack detected. TYPE = 0 NAME = BCASTPROBE APMAC = ff:ff:ff:ff:ff:ff ATTACKERMAC = ac:5f:3e:69:90:50 count = 14
<129>Jan  2 09:17:11 APWID[2974]: ALERT! WLAN attack detected. TYPE = 0 NAME = BCASTPROBE APMAC = ff:ff:ff:ff:ff:ff ATTACKERMAC = 04:f0:21:36:e5:4f count = 529
<129>Jan  2 09:17:11 APWID[2974]: ALERT! WLAN attack detected. TYPE = 0 NAME = BCASTPROBE APMAC = ff:ff:ff:ff:ff:ff ATTACKERMAC = 04:f0:21:33:60:50 count = 115
<129>Jan  2 09:17:11 APWID[2974]: ALERT! WLAN attack detected. TYPE = 0 NAME = BCASTPROBE APMAC = ff:ff:ff:ff:ff:ff ATTACKERMAC = 04:f0:21:0a:5d:7f count = 6
<129>Jan  2 09:18:11 APWID[2974]: ALERT! WLAN attack detected. TYPE = 0 NAME = BCASTPROBE APMAC = ff:ff:ff:ff:ff:ff ATTACKERMAC = 04:f0:21:36:e5:4f count = 277
<129>Jan  2 09:18:11 APWID[2974]: ALERT! WLAN attack detected. TYPE = 0 NAME = BCASTPROBE APMAC = ff:ff:ff:ff:ff:ff ATTACKERMAC = ac:5f:3e:69:90:50 count = 6
<129>Jan  2 09:19:11 APWID[2974]: ALERT! WLAN attack detected. TYPE = 0 NAME = BCASTPROBE APMAC = ff:ff:ff:ff:ff:ff ATTACKERMAC = 04:f0:21:36:e5:4f count = 440
<129>Jan  2 09:19:11 APWID[2974]: ALERT! WLAN attack detected. TYPE = 0 NAME = BCASTPROBE APMAC = ff:ff:ff:ff:ff:ff ATTACKERMAC = 04:f0:21:0a:5d:7f count = 5
<129>Jan  2 09:20:11 APWID[2974]: ALERT! WLAN attack detected. TYPE = 0 NAME = BCASTPROBE APMAC = ff:ff:ff:ff:ff:ff ATTACKERMAC = 04:f0:21:36:e5:4f count = 321
<129>Jan  2 09:21:11 APWID[2974]: ALERT! WLAN attack detected. TYPE = 0 NAME = BCASTPROBE APMAC = ff:ff:ff:ff:ff:ff ATTACKERMAC = ac:5f:3e:69:90:50 count = 14
<129>Jan  2 09:21:11 APWID[2974]: ALERT! WLAN attack detected. TYPE = 0 NAME = BCASTPROBE APMAC = ff:ff:ff:ff:ff:ff ATTACKERMAC = 04:f0:21:36:e5:4f count = 470
<129>Jan  2 09:21:11 APWID[2974]: ALERT! WLAN attack detected. TYPE = 0 NAME = BCASTPROBE APMAC = ff:ff:ff:ff:ff:ff ATTACKERMAC = 28:cf:da:e2:7e:56 count = 53
<129>Jan  2 09:22:11 APWID[2974]: ALERT! WLAN attack detected. TYPE = 0 NAME = BCASTPROBE APMAC = ff:ff:ff:ff:ff:ff ATTACKERMAC = 04:f0:21:36:e5:4f count = 359
<129>Jan  2 09:22:11 APWID[2974]: ALERT! WLAN attack detected. TYPE = 0 NAME = BCASTPROBE APMAC = ff:ff:ff:ff:ff:ff ATTACKERMAC = 28:cf:da:e2:7e:56 count = 35
<129>Jan  2 09:23:11 APWID[2974]: ALERT! WLAN attack detected. TYPE = 0 NAME = BCASTPROBE APMAC = ff:ff:ff:ff:ff:ff ATTACKERMAC = 04:f0:21:36:e5:4f count = 365
<129>Jan  2 09:23:11 APWID[2974]: ALERT! WLAN attack detected. TYPE = 0 NAME = BCASTPROBE APMAC = ff:ff:ff:ff:ff:ff ATTACKERMAC = ac:d1:b8:0e:91:55 count = 9
<129>Jan  2 09:23:11 APWID[2974]: ALERT! WLAN attack detected. TYPE = 0 NAME = BCASTPROBE APMAC = ff:ff:ff:ff:ff:ff ATTACKERMAC = ac:5f:3e:69:90:50 count = 20
<129>Jan  2 09:23:11 APWID[2974]: ALERT! WLAN attack detected. TYPE = 0 NAME = BCASTPROBE APMAC = ff:ff:ff:ff:ff:ff ATTACKERMAC = 04:f0:21:33:60:50 count = 49
<129>Jan  2 09:23:11 APWID[2974]: ALERT! WLAN attack detected. TYPE = 0 NAME = BCASTPROBE APMAC = ff:ff:ff:ff:ff:ff ATTACKERMAC = 00:06:c7:02:28:c5 count = 19
<129>Jan  2 09:23:11 APWID[2974]: ALERT! WLAN attack detected. TYPE = 0 NAME = BCASTPROBE APMAC = ff:ff:ff:ff:ff:ff ATTACKERMAC = 00:06:c7:02:0c:f6 count = 8
<129>Jan  2 09:23:11 APWID[2974]: ALERT! WLAN attack detected. TYPE = 0 NAME = BCASTPROBE APMAC = ff:ff:ff:ff:ff:ff ATTACKERMAC = 08:11:96:d3:18:98 count = 6
<129>Jan  2 09:24:11 APWID[2974]: ALERT! WLAN attack detected. TYPE = 0 NAME = BCASTPROBE APMAC = ff:ff:ff:ff:ff:ff ATTACKERMAC = 00:06:c7:02:28:c5 count = 136
<129>Jan  2 09:24:11 APWID[2974]: ALERT! WLAN attack detected. TYPE = 0 NAME = BCASTPROBE APMAC = ff:ff:ff:ff:ff:ff ATTACKERMAC = 04:f0:21:36:e5:4f count = 449
<129>Jan  2 09:24:11 APWID[2974]: ALERT! WLAN attack detected. TYPE = 0 NAME = BCASTPROBE APMAC = ff:ff:ff:ff:ff:ff ATTACKERMAC = 08:11:96:d3:18:98 count = 21
<129>Jan  2 09:24:11 APWID[2974]: ALERT! WLAN attack detected. TYPE = 0 NAME = BCASTPROBE APMAC = ff:ff:ff:ff:ff:ff ATTACKERMAC = 5c:c5:d4:d4:f3:c3 count = 8
<129>Jan  2 09:24:11 APWID[2974]: ALERT! WLAN attack detected. TYPE = 0 NAME = BCASTPROBE APMAC = ff:ff:ff:ff:ff:ff ATTACKERMAC = 04:f0:21:33:60:50 count = 13
<129>Jan  2 09:24:11 APWID[2974]: ALERT! WLAN attack detected. TYPE = 0 NAME = BCASTPROBE APMAC = ff:ff:ff:ff:ff:ff ATTACKERMAC = ac:5f:3e:69:90:50 count = 8
<129>Jan  2 09:24:11 APWID[2974]: ALERT! WLAN attack detected. TYPE = 0 NAME = BCASTPROBE APMAC = ff:ff:ff:ff:ff:ff ATTACKERMAC = ac:d1:b8:0e:91:55 count = 7
<129>Jan  2 09:24:11 APWID[2974]: ALERT! WLAN attack detected. TYPE = 0 NAME = BCASTPROBE APMAC = ff:ff:ff:ff:ff:ff ATTACKERMAC = 00:06:c7:02:0c:f6 count = 38
<129>Jan  2 09:25:11 APWID[2974]: ALERT! WLAN attack detected. TYPE = 0 NAME = BCASTPROBE APMAC = ff:ff:ff:ff:ff:ff ATTACKERMAC = 00:06:c7:02:28:c5 count = 98
<129>Jan  2 09:25:11 APWID[2974]: ALERT! WLAN attack detected. TYPE = 0 NAME = BCASTPROBE APMAC = ff:ff:ff:ff:ff:ff ATTACKERMAC = 00:06:c7:02:0c:f6 count = 8
<129>Jan  2 09:25:11 APWID[2974]: ALERT! WLAN attack detected. TYPE = 0 NAME = BCASTPROBE APMAC = ff:ff:ff:ff:ff:ff ATTACKERMAC = 04:f0:21:36:e5:4f count = 304
<129>Jan  2 09:26:11 APWID[2974]: ALERT! WLAN attack detected. TYPE = 0 NAME = BCASTPROBE APMAC = ff:ff:ff:ff:ff:ff ATTACKERMAC = 04:f0:21:0a:5d:7f count = 6
<129>Jan  2 09:26:11 APWID[2974]: ALERT! WLAN attack detected. TYPE = 0 NAME = BCASTPROBE APMAC = ff:ff:ff:ff:ff:ff ATTACKERMAC = 04:f0:21:36:e5:4f count = 587
<129>Jan  2 09:26:11 APWID[2974]: ALERT! WLAN attack detected. TYPE = 0 NAME = BCASTPROBE APMAC = ff:ff:ff:ff:ff:ff ATTACKERMAC = 08:11:96:d3:18:98 count = 6
<129>Jan  2 09:26:11 APWID[2974]: ALERT! WLAN attack detected. TYPE = 0 NAME = BCASTPROBE APMAC = ff:ff:ff:ff:ff:ff ATTACKERMAC = ac:5f:3e:69:90:50 count = 25
<129>Jan  2 09:27:11 APWID[2974]: ALERT! WLAN attack detected. TYPE = 0 NAME = BCASTPROBE APMAC = ff:ff:ff:ff:ff:ff ATTACKERMAC = 70:77:81:ba:ae:21 count = 8
<129>Jan  2 09:27:11 APWID[2974]: ALERT! WLAN attack detected. TYPE = 0 NAME = BCASTPROBE APMAC = ff:ff:ff:ff:ff:ff ATTACKERMAC = ac:5f:3e:69:90:50 count = 9
<129>Jan  2 09:27:11 APWID[2974]: ALERT! WLAN attack detected. TYPE = 0 NAME = BCASTPROBE APMAC = ff:ff:ff:ff:ff:ff ATTACKERMAC = 04:f0:21:36:e5:4f count = 242
<129>Jan  2 09:28:11 APWID[2974]: ALERT! WLAN attack detected. TYPE = 0 NAME = BCASTPROBE APMAC = ff:ff:ff:ff:ff:ff ATTACKERMAC = 30:07:4d:5c:c2:ca count = 6
<129>Jan  2 09:28:11 APWID[2974]: ALERT! WLAN attack detected. TYPE = 0 NAME = BCASTPROBE APMAC = ff:ff:ff:ff:ff:ff ATTACKERMAC = 04:f0:21:36:e5:4f count = 542
<129>Jan  2 09:28:11 APWID[2974]: ALERT! WLAN attack detected. TYPE = 0 NAME = BCASTPROBE APMAC = ff:ff:ff:ff:ff:ff ATTACKERMAC = 04:d6:aa:aa:80:03 count = 14
<129>Jan  2 09:28:11 APWID[2974]: ALERT! WLAN attack detected. TYPE = 0 NAME = BCASTPROBE APMAC = ff:ff:ff:ff:ff:ff ATTACKERMAC = ac:5f:3e:69:90:50 count = 8
<129>Jan  2 09:28:11 APWID[2974]: ALERT! WLAN attack detected. TYPE = 0 NAME = BCASTPROBE APMAC = ff:ff:ff:ff:ff:ff ATTACKERMAC = 08:11:96:d3:18:98 count = 6
<129>Jan  2 09:29:11 APWID[2974]: ALERT! WLAN attack detected. TYPE = 0 NAME = BCASTPROBE APMAC = ff:ff:ff:ff:ff:ff ATTACKERMAC = 04:f0:21:36:e5:4f count = 348
<129>Jan  2 09:30:11 APWID[2974]: ALERT! WLAN attack detected. TYPE = 0 NAME = BCASTPROBE APMAC = ff:ff:ff:ff:ff:ff ATTACKERMAC = 04:f0:21:36:e5:4f count = 497
<129>Jan  2 09:30:11 APWID[2974]: ALERT! WLAN attack detected. TYPE = 0 NAME = BCASTPROBE APMAC = ff:ff:ff:ff:ff:ff ATTACKERMAC = 00:06:c7:02:bb:db count = 5
<129>Jan  2 09:30:11 APWID[2974]: ALERT! WLAN attack detected. TYPE = 0 NAME = BCASTPROBE APMAC = ff:ff:ff:ff:ff:ff ATTACKERMAC = ac:5f:3e:69:90:50 count = 6
<129>Jan  2 09:30:11 APWID[2974]: ALERT! WLAN attack detected. TYPE = 0 NAME = BCASTPROBE APMAC = ff:ff:ff:ff:ff:ff ATTACKERMAC = 04:f0:21:0a:5d:7f count = 6
<129>Jan  2 09:31:11 APWID[2974]: ALERT! WLAN attack detected. TYPE = 0 NAME = BCASTPROBE APMAC = ff:ff:ff:ff:ff:ff ATTACKERMAC = 04:f0:21:36:e5:4f count = 472
<129>Jan  2 09:32:11 APWID[2974]: ALERT! WLAN attack detected. TYPE = 0 NAME = BCASTPROBE APMAC = ff:ff:ff:ff:ff:ff ATTACKERMAC = 70:77:81:ba:ae:21 count = 9
<129>Jan  2 09:32:11 APWID[2974]: ALERT! WLAN attack detected. TYPE = 0 NAME = BCASTPROBE APMAC = ff:ff:ff:ff:ff:ff ATTACKERMAC = 04:f0:21:36:e5:4f count = 313
<129>Jan  2 09:33:11 APWID[2974]: ALERT! WLAN attack detected. TYPE = 0 NAME = BCASTPROBE APMAC = ff:ff:ff:ff:ff:ff ATTACKERMAC = 04:f0:21:36:e5:4f count = 619
<129>Jan  2 09:33:11 APWID[2974]: ALERT! WLAN attack detected. TYPE = 0 NAME = BCASTPROBE APMAC = ff:ff:ff:ff:ff:ff ATTACKERMAC = 08:11:96:d3:18:98 count = 6
<129>Jan  2 09:34:11 APWID[2974]: ALERT! WLAN attack detected. TYPE = 0 NAME = BCASTPROBE APMAC = ff:ff:ff:ff:ff:ff ATTACKERMAC = 04:f0:21:36:e5:4f count = 292
<129>Jan  2 09:35:11 APWID[2974]: ALERT! WLAN attack detected. TYPE = 0 NAME = BCASTPROBE APMAC = ff:ff:ff:ff:ff:ff ATTACKERMAC = 04:f0:21:36:e5:4f count = 443
<129>Jan  2 09:36:11 APWID[2974]: ALERT! WLAN attack detected. TYPE = 0 NAME = BCASTPROBE APMAC = ff:ff:ff:ff:ff:ff ATTACKERMAC = 04:f0:21:36:e5:4f count = 297
<129>Jan  2 09:37:11 APWID[2974]: ALERT! WLAN attack detected. TYPE = 0 NAME = BCASTPROBE APMAC = ff:ff:ff:ff:ff:ff ATTACKERMAC = 04:f0:21:36:e5:4f count = 538
<129>Jan  2 09:37:11 APWID[2974]: ALERT! WLAN attack detected. TYPE = 0 NAME = BCASTPROBE APMAC = ff:ff:ff:ff:ff:ff ATTACKERMAC = 04:f0:21:0a:5d:7f count = 6
<129>Jan  2 09:38:11 APWID[2974]: ALERT! WLAN attack detected. TYPE = 0 NAME = BCASTPROBE APMAC = ff:ff:ff:ff:ff:ff ATTACKERMAC = 04:f0:21:36:e5:4f count = 312
<129>Jan  2 09:39:11 APWID[2974]: ALERT! WLAN attack detected. TYPE = 0 NAME = BCASTPROBE APMAC = ff:ff:ff:ff:ff:ff ATTACKERMAC = 04:f0:21:33:60:51 count = 10
<129>Jan  2 09:39:11 APWID[2974]: ALERT! WLAN attack detected. TYPE = 0 NAME = BCASTPROBE APMAC = ff:ff:ff:ff:ff:ff ATTACKERMAC = 04:f0:21:36:e5:4f count = 404
<129>Jan  2 09:39:11 APWID[2974]: ALERT! WLAN attack detected. TYPE = 0 NAME = BCASTPROBE APMAC = ff:ff:ff:ff:ff:ff ATTACKERMAC = 04:f0:21:0a:5d:7f count = 6
<129>Jan  2 09:40:11 APWID[2974]: ALERT! WLAN attack detected. TYPE = 0 NAME = BCASTPROBE APMAC = ff:ff:ff:ff:ff:ff ATTACKERMAC = 04:f0:21:36:e5:4f count = 350
<129>Jan  2 09:41:11 APWID[2974]: ALERT! WLAN attack detected. TYPE = 0 NAME = BCASTPROBE APMAC = ff:ff:ff:ff:ff:ff ATTACKERMAC = 04:f0:21:36:e5:4f count = 373
<129>Jan  2 09:42:11 APWID[2974]: ALERT! WLAN attack detected. TYPE = 0 NAME = BCASTPROBE APMAC = ff:ff:ff:ff:ff:ff ATTACKERMAC = 04:f0:21:36:e5:4f count = 483
<129>Jan  2 09:42:11 APWID[2974]: ALERT! WLAN attack detected. TYPE = 0 NAME = BCASTPROBE APMAC = ff:ff:ff:ff:ff:ff ATTACKERMAC = d0:7e:35:a4:b6:0e count = 6
<129>Jan  2 09:43:11 APWID[2974]: ALERT! WLAN attack detected. TYPE = 0 NAME = BCASTPROBE APMAC = ff:ff:ff:ff:ff:ff ATTACKERMAC = 04:f0:21:36:e5:4f count = 358
<129>Jan  2 09:44:11 APWID[2974]: ALERT! WLAN attack detected. TYPE = 0 NAME = BCASTPROBE APMAC = ff:ff:ff:ff:ff:ff ATTACKERMAC = 04:f0:21:36:e5:4f count = 593
<129>Jan  2 09:45:11 APWID[2974]: ALERT! WLAN attack detected. TYPE = 0 NAME = BCASTPROBE APMAC = ff:ff:ff:ff:ff:ff ATTACKERMAC = 04:f0:21:36:e5:4f count = 353
<129>Jan  2 09:46:12 APWID[2974]: ALERT! WLAN attack detected. TYPE = 0 NAME = BCASTPROBE APMAC = ff:ff:ff:ff:ff:ff ATTACKERMAC = 7a:dd:d2:d2:d6:7f count = 6
<129>Jan  2 09:46:12 APWID[2974]: ALERT! WLAN attack detected. TYPE = 0 NAME = BCASTPROBE APMAC = ff:ff:ff:ff:ff:ff ATTACKERMAC = 04:f0:21:36:e5:4f count = 523
<129>Jan  2 09:46:12 APWID[2974]: ALERT! WLAN attack detected. TYPE = 0 NAME = BCASTPROBE APMAC = ff:ff:ff:ff:ff:ff ATTACKERMAC = d0:7e:35:a4:b6:0e count = 5
<129>Jan  2 09:47:11 APWID[2974]: ALERT! WLAN attack detected. TYPE = 0 NAME = BCASTPROBE APMAC = ff:ff:ff:ff:ff:ff ATTACKERMAC = 04:f0:21:36:e5:4f count = 323
<129>Jan  2 09:48:11 APWID[2974]: ALERT! WLAN attack detected. TYPE = 0 NAME = BCASTPROBE APMAC = ff:ff:ff:ff:ff:ff ATTACKERMAC = 04:f0:21:36:e5:4f count = 485
<129>Jan  2 09:48:11 APWID[2974]: ALERT! WLAN attack detected. TYPE = 0 NAME = BCASTPROBE APMAC = ff:ff:ff:ff:ff:ff ATTACKERMAC = ac:7b:a1:a4:cd:fb count = 5
<129>Jan  2 09:48:11 APWID[2974]: ALERT! WLAN attack detected. TYPE = 0 NAME = BCASTPROBE APMAC = ff:ff:ff:ff:ff:ff ATTACKERMAC = d0:7e:35:a4:b6:0e count = 14
<129>Jan  2 09:48:11 APWID[2974]: ALERT! WLAN attack detected. TYPE = 0 NAME = BCASTPROBE APMAC = ff:ff:ff:ff:ff:ff ATTACKERMAC = 04:f0:21:2f:9c:f8 count = 6
<129>Jan  2 09:48:11 APWID[2974]: ALERT! WLAN attack detected. TYPE = 0 NAME = BCASTPROBE APMAC = ff:ff:ff:ff:ff:ff ATTACKERMAC = ac:5f:3e:69:90:50 count = 6
<129>Jan  2 09:48:11 APWID[2974]: ALERT! WLAN attack detected. TYPE = 0 NAME = BCASTPROBE APMAC = ff:ff:ff:ff:ff:ff ATTACKERMAC = 00:13:e8:70:f9:f7 count = 5
<129>Jan  2 09:49:11 APWID[2974]: ALERT! WLAN attack detected. TYPE = 0 NAME = BCASTPROBE APMAC = ff:ff:ff:ff:ff:ff ATTACKERMAC = ac:5f:3e:69:90:50 count = 12
<129>Jan  2 09:49:11 APWID[2974]: ALERT! WLAN attack detected. TYPE = 0 NAME = BCASTPROBE APMAC = ff:ff:ff:ff:ff:ff ATTACKERMAC = 04:f0:21:36:e5:4f count = 320
<129>Jan  2 09:49:11 APWID[2974]: ALERT! WLAN attack detected. TYPE = 0 NAME = BCASTPROBE APMAC = ff:ff:ff:ff:ff:ff ATTACKERMAC = 08:11:96:d3:18:98 count = 5
<129>Jan  2 09:50:11 APWID[2974]: ALERT! WLAN attack detected. TYPE = 0 NAME = BCASTPROBE APMAC = ff:ff:ff:ff:ff:ff ATTACKERMAC = d0:7e:35:a4:b6:0e count = 6
<129>Jan  2 09:50:11 APWID[2974]: ALERT! WLAN attack detected. TYPE = 0 NAME = BCASTPROBE APMAC = ff:ff:ff:ff:ff:ff ATTACKERMAC = 04:f0:21:36:e5:4f count = 390
<129>Jan  2 09:51:11 APWID[2974]: ALERT! WLAN attack detected. TYPE = 0 NAME = BCASTPROBE APMAC = ff:ff:ff:ff:ff:ff ATTACKERMAC = 04:f0:21:36:e5:4f count = 406
<129>Jan  2 09:52:11 APWID[2974]: ALERT! WLAN attack detected. TYPE = 0 NAME = BCASTPROBE APMAC = ff:ff:ff:ff:ff:ff ATTACKERMAC = 04:f0:21:36:e5:4f count = 327
<129>Jan  2 09:52:11 APWID[2974]: ALERT! WLAN attack detected. TYPE = 0 NAME = BCASTPROBE APMAC = ff:ff:ff:ff:ff:ff ATTACKERMAC = d0:7e:35:a4:b6:0e count = 5
<129>Jan  2 09:53:11 APWID[2974]: ALERT! WLAN attack detected. TYPE = 0 NAME = BCASTPROBE APMAC = ff:ff:ff:ff:ff:ff ATTACKERMAC = 04:f0:21:0a:5d:7f count = 5
<129>Jan  2 09:53:11 APWID[2974]: ALERT! WLAN attack detected. TYPE = 0 NAME = BCASTPROBE APMAC = ff:ff:ff:ff:ff:ff ATTACKERMAC = 70:77:81:10:f0:db count = 6
<129>Jan  2 09:53:11 APWID[2974]: ALERT! WLAN attack detected. TYPE = 0 NAME = BCASTPROBE APMAC = ff:ff:ff:ff:ff:ff ATTACKERMAC = 04:f0:21:36:e5:4f count = 584
<129>Jan  2 09:54:11 APWID[2974]: ALERT! WLAN attack detected. TYPE = 0 NAME = BCASTPROBE APMAC = ff:ff:ff:ff:ff:ff ATTACKERMAC = 70:77:81:10:f0:db count = 12
<129>Jan  2 09:54:11 APWID[2974]: ALERT! WLAN attack detected. TYPE = 0 NAME = BCASTPROBE APMAC = ff:ff:ff:ff:ff:ff ATTACKERMAC = 04:f0:21:36:e5:4f count = 268
<129>Jan  2 09:55:11 APWID[2974]: ALERT! WLAN attack detected. TYPE = 0 NAME = BCASTPROBE APMAC = ff:ff:ff:ff:ff:ff ATTACKERMAC = 04:f0:21:36:e5:4f count = 510
<129>Jan  2 09:56:11 APWID[2974]: ALERT! WLAN attack detected. TYPE = 0 NAME = BCASTPROBE APMAC = ff:ff:ff:ff:ff:ff ATTACKERMAC = 04:f0:21:36:e5:4f count = 354
<129>Jan  2 09:57:11 APWID[2974]: ALERT! WLAN attack detected. TYPE = 0 NAME = BCASTPROBE APMAC = ff:ff:ff:ff:ff:ff ATTACKERMAC = 04:f0:21:36:e5:4f count = 352
<129>Jan  2 09:58:11 APWID[2974]: ALERT! WLAN attack detected. TYPE = 0 NAME = BCASTPROBE APMAC = ff:ff:ff:ff:ff:ff ATTACKERMAC = 04:f0:21:36:e5:4f count = 532
<129>Jan  2 09:59:11 APWID[2974]: ALERT! WLAN attack detected. TYPE = 0 NAME = BCASTPROBE APMAC = ff:ff:ff:ff:ff:ff ATTACKERMAC = 04:f0:21:36:e5:4f count = 300
<129>Jan  2 10:00:11 APWID[2974]: ALERT! WLAN attack detected. TYPE = 0 NAME = BCASTPROBE APMAC = ff:ff:ff:ff:ff:ff ATTACKERMAC = 04:f0:21:0a:5d:7f count = 5
<129>Jan  2 10:00:11 APWID[2974]: ALERT! WLAN attack detected. TYPE = 0 NAME = BCASTPROBE APMAC = ff:ff:ff:ff:ff:ff ATTACKERMAC = 04:f0:21:36:e5:4f count = 557
<129>Jan  2 10:01:11 APWID[2974]: ALERT! WLAN attack detected. TYPE = 0 NAME = BCASTPROBE APMAC = ff:ff:ff:ff:ff:ff ATTACKERMAC = 04:f0:21:36:e5:4f count = 291
<129>Jan  2 10:02:11 APWID[2974]: ALERT! WLAN attack detected. TYPE = 0 NAME = BCASTPROBE APMAC = ff:ff:ff:ff:ff:ff ATTACKERMAC = 14:9d:09:08:71:8e count = 7
<129>Jan  2 10:02:11 APWID[2974]: ALERT! WLAN attack detected. TYPE = 0 NAME = BCASTPROBE APMAC = ff:ff:ff:ff:ff:ff ATTACKERMAC = 04:f0:21:36:e5:4f count = 537
<129>Jan  2 10:03:11 APWID[2974]: ALERT! WLAN attack detected. TYPE = 0 NAME = BCASTPROBE APMAC = ff:ff:ff:ff:ff:ff ATTACKERMAC = 04:f0:21:36:e5:4f count = 338
<129>Jan  2 10:04:11 APWID[2974]: ALERT! WLAN attack detected. TYPE = 0 NAME = BCASTPROBE APMAC = ff:ff:ff:ff:ff:ff ATTACKERMAC = 04:f0:21:36:e5:4f count = 482
<129>Jan  2 10:05:11 APWID[2974]: ALERT! WLAN attack detected. TYPE = 0 NAME = BCASTPROBE APMAC = ff:ff:ff:ff:ff:ff ATTACKERMAC = 04:f0:21:36:e5:4f count = 548
<129>Jan  2 10:06:11 APWID[2974]: ALERT! WLAN attack detected. TYPE = 0 NAME = BCASTPROBE APMAC = ff:ff:ff:ff:ff:ff ATTACKERMAC = 04:f0:21:36:e5:4f count = 851
<129>Jan  2 10:07:11 APWID[2974]: ALERT! WLAN attack detected. TYPE = 0 NAME = BCASTPROBE APMAC = ff:ff:ff:ff:ff:ff ATTACKERMAC = 04:f0:21:36:e5:4f count = 149
<129>Jan  2 10:07:11 APWID[2974]: ALERT! WLAN attack detected. TYPE = 0 NAME = BCASTPROBE APMAC = ff:ff:ff:ff:ff:ff ATTACKERMAC = 04:f0:21:0a:5d:7f count = 6
<129>Jan  2 10:07:11 APWID[2974]: ALERT! WLAN attack detected. TYPE = 0 NAME = BCASTPROBE APMAC = ff:ff:ff:ff:ff:ff ATTACKERMAC = 04:f0:21:32:0d:7a count = 7
<129>Jan  2 10:07:11 APWID[2974]: ALERT! WLAN attack detected. TYPE = 0 NAME = BCASTPROBE APMAC = ff:ff:ff:ff:ff:ff ATTACKERMAC = aa:d6:db:9f:08:0a count = 6
<129>Jan  2 10:07:11 APWID[2974]: ALERT! WLAN attack detected. TYPE = 0 NAME = BCASTPROBE APMAC = ff:ff:ff:ff:ff:ff ATTACKERMAC = 04:f0:21:33:60:52 count = 10
<129>Jan  2 10:09:11 APWID[2974]: ALERT! WLAN attack detected. TYPE = 0 NAME = BCASTPROBE APMAC = ff:ff:ff:ff:ff:ff ATTACKERMAC = 04:f0:21:0a:5d:7f count = 6
<129>Jan  2 10:11:11 APWID[2974]: ALERT! WLAN attack detected. TYPE = 0 NAME = BCASTPROBE APMAC = ff:ff:ff:ff:ff:ff ATTACKERMAC = 04:f0:21:32:0d:7a count = 6
<129>Jan  2 10:14:12 APWID[2974]: ALERT! WLAN attack detected. TYPE = 0 NAME = BCASTPROBE APMAC = ff:ff:ff:ff:ff:ff ATTACKERMAC = 04:f0:21:0a:5d:7f count = 6
<129>Jan  2 10:16:12 APWID[2974]: ALERT! WLAN attack detected. TYPE = 0 NAME = BCASTPROBE APMAC = ff:ff:ff:ff:ff:ff ATTACKERMAC = 58:00:e3:e6:b1:e1 count = 8
<129>Jan  2 10:16:12 APWID[2974]: ALERT! WLAN attack detected. TYPE = 0 NAME = BCASTPROBE APMAC = ff:ff:ff:ff:ff:ff ATTACKERMAC = 04:f0:21:0a:5d:7f count = 6
<129>Jan  2 10:16:12 APWID[2974]: ALERT! WLAN attack detected. TYPE = 0 NAME = BCASTPROBE APMAC = ff:ff:ff:ff:ff:ff ATTACKERMAC = 00:0c:42:f8:c5:55 count = 6
<129>Jan  2 10:16:12 APWID[2974]: ALERT! WLAN attack detected. TYPE = 0 NAME = BCASTPROBE APMAC = ff:ff:ff:ff:ff:ff ATTACKERMAC = 14:9d:09:08:71:8e count = 10
<129>Jan  2 10:17:12 APWID[2974]: ALERT! WLAN attack detected. TYPE = 0 NAME = BCASTPROBE APMAC = ff:ff:ff:ff:ff:ff ATTACKERMAC = e0:9d:31:18:44:8c count = 6
<129>Jan  2 10:18:12 APWID[2974]: ALERT! WLAN attack detected. TYPE = 0 NAME = BCASTPROBE APMAC = ff:ff:ff:ff:ff:ff ATTACKERMAC = 72:77:81:10:f0:db count = 5
<129>Jan  2 10:20:12 APWID[2974]: ALERT! WLAN attack detected. TYPE = 0 NAME = BCASTPROBE APMAC = ff:ff:ff:ff:ff:ff ATTACKERMAC = 04:f0:21:0a:5d:7f count = 8
<129>Jan  2 10:23:12 APWID[2974]: ALERT! WLAN attack detected. TYPE = 0 NAME = BCASTPROBE APMAC = ff:ff:ff:ff:ff:ff ATTACKERMAC = 04:f0:21:32:0d:7a count = 10
<129>Jan  2 10:25:12 APWID[2974]: ALERT! WLAN attack detected. TYPE = 0 NAME = BCASTPROBE APMAC = ff:ff:ff:ff:ff:ff ATTACKERMAC = 8c:fa:ba:4a:71:f8 count = 5
<129>Jan  2 10:25:12 APWID[2974]: ALERT! WLAN attack detected. TYPE = 0 NAME = BCASTPROBE APMAC = ff:ff:ff:ff:ff:ff ATTACKERMAC = 04:f0:21:0a:5d:7f count = 8
<129>Jan  2 10:26:12 APWID[2974]: ALERT! WLAN attack detected. TYPE = 0 NAME = BCASTPROBE APMAC = ff:ff:ff:ff:ff:ff ATTACKERMAC = d0:7e:35:a4:b6:0e count = 5
<129>Jan  2 10:27:12 APWID[2974]: ALERT! WLAN attack detected. TYPE = 0 NAME = BCASTPROBE APMAC = ff:ff:ff:ff:ff:ff ATTACKERMAC = 04:f0:21:32:0d:7a count = 10
<129>Jan  2 10:29:12 APWID[2974]: ALERT! WLAN attack detected. TYPE = 0 NAME = BCASTPROBE APMAC = ff:ff:ff:ff:ff:ff ATTACKERMAC = 04:f0:21:32:0d:7a count = 6
<129>Jan  2 10:30:12 APWID[2974]: ALERT! WLAN attack detected. TYPE = 0 NAME = BCASTPROBE APMAC = ff:ff:ff:ff:ff:ff ATTACKERMAC = 14:9d:09:08:71:8e count = 10
<129>Jan  2 10:32:12 APWID[2974]: ALERT! WLAN attack detected. TYPE = 0 NAME = BCASTPROBE APMAC = ff:ff:ff:ff:ff:ff ATTACKERMAC = 04:f0:21:32:0d:7a count = 8
<129>Jan  2 10:32:12 APWID[2974]: ALERT! WLAN attack detected. TYPE = 0 NAME = BCASTPROBE APMAC = ff:ff:ff:ff:ff:ff ATTACKERMAC = d0:7e:35:a4:b6:0e count = 5
<129>Jan  2 10:32:12 APWID[2974]: ALERT! WLAN attack detected. TYPE = 0 NAME = BCASTPROBE APMAC = ff:ff:ff:ff:ff:ff ATTACKERMAC = 14:9d:09:08:71:8e count = 7
<129>Jan  2 10:33:12 APWID[2974]: ALERT! WLAN attack detected. TYPE = 0 NAME = BCASTPROBE APMAC = ff:ff:ff:ff:ff:ff ATTACKERMAC = d0:7e:35:a4:b6:0e count = 6
<129>Jan  2 10:34:12 APWID[2974]: ALERT! WLAN attack detected. TYPE = 0 NAME = BCASTPROBE APMAC = ff:ff:ff:ff:ff:ff ATTACKERMAC = 04:f0:21:32:0d:7a count = 8
<129>Jan  2 10:34:12 APWID[2974]: ALERT! WLAN attack detected. TYPE = 0 NAME = BCASTPROBE APMAC = ff:ff:ff:ff:ff:ff ATTACKERMAC = 04:f0:21:0a:5d:7f count = 6
<129>Jan  2 10:35:12 APWID[2974]: ALERT! WLAN attack detected. TYPE = 0 NAME = BCASTPROBE APMAC = ff:ff:ff:ff:ff:ff ATTACKERMAC = d0:7e:35:a4:b6:0e count = 7
<129>Jan  2 10:36:12 APWID[2974]: ALERT! WLAN attack detected. TYPE = 0 NAME = BCASTPROBE APMAC = ff:ff:ff:ff:ff:ff ATTACKERMAC = 08:11:96:d3:18:98 count = 5
<129>Jan  2 10:36:12 APWID[2974]: ALERT! WLAN attack detected. TYPE = 0 NAME = BCASTPROBE APMAC = ff:ff:ff:ff:ff:ff ATTACKERMAC = 04:f0:21:0a:5d:7f count = 6
<129>Jan  2 10:39:12 APWID[2974]: ALERT! WLAN attack detected. TYPE = 0 NAME = BCASTPROBE APMAC = ff:ff:ff:ff:ff:ff ATTACKERMAC = 04:f0:21:32:0d:7a count = 5
<129>Jan  2 10:39:12 APWID[2974]: ALERT! WLAN attack detected. TYPE = 0 NAME = BCASTPROBE APMAC = ff:ff:ff:ff:ff:ff ATTACKERMAC = 14:9d:09:08:71:8e count = 6
<129>Jan  2 10:41:12 APWID[2974]: ALERT! WLAN attack detected. TYPE = 0 NAME = BCASTPROBE APMAC = ff:ff:ff:ff:ff:ff ATTACKERMAC = d0:7e:35:a4:b6:0e count = 5
<129>Jan  2 10:41:12 APWID[2974]: ALERT! WLAN attack detected. TYPE = 0 NAME = BCASTPROBE APMAC = ff:ff:ff:ff:ff:ff ATTACKERMAC = 04:f0:21:0a:5d:7f count = 6
<129>Jan  2 10:43:12 APWID[2974]: ALERT! WLAN attack detected. TYPE = 0 NAME = BCASTPROBE APMAC = ff:ff:ff:ff:ff:ff ATTACKERMAC = 04:f0:21:0a:5d:7f count = 6
<129>Jan  2 10:43:12 APWID[2974]: ALERT! WLAN attack detected. TYPE = 0 NAME = BCASTPROBE APMAC = ff:ff:ff:ff:ff:ff ATTACKERMAC = 04:f0:21:32:0d:7a count = 10
<129>Jan  2 10:44:12 APWID[2974]: ALERT! WLAN attack detected. TYPE = 0 NAME = BCASTPROBE APMAC = ff:ff:ff:ff:ff:ff ATTACKERMAC = d0:7e:35:a4:b6:0e count = 5
<129>Jan  2 10:45:12 APWID[2974]: ALERT! WLAN attack detected. TYPE = 0 NAME = BCASTPROBE APMAC = ff:ff:ff:ff:ff:ff ATTACKERMAC = 04:f0:21:32:0d:7a count = 6
<129>Jan  2 10:45:12 APWID[2974]: ALERT! WLAN attack detected. TYPE = 0 NAME = BCASTPROBE APMAC = ff:ff:ff:ff:ff:ff ATTACKERMAC = f4:09:d8:4a:5c:bd count = 11
<129>Jan  2 10:47:12 APWID[2974]: ALERT! WLAN attack detected. TYPE = 0 NAME = BCASTPROBE APMAC = ff:ff:ff:ff:ff:ff ATTACKERMAC = 04:f0:21:0a:5d:7f count = 6
<129>Jan  2 10:47:12 APWID[2974]: ALERT! WLAN attack detected. TYPE = 0 NAME = BCASTPROBE APMAC = ff:ff:ff:ff:ff:ff ATTACKERMAC = 04:f0:21:32:0d:7a count = 6
