<129>Jan  1 23:42:09 APWID[2974]: ALERT! WLAN attack detected. TYPE = 0 NAME = BCASTPROBE APMAC = ff:ff:ff:ff:ff:ff ATTACKERMAC = 00:06:c7:02:b6:c5 count = 5
<129>Jan  1 23:43:09 APWID[2974]: ALERT! WLAN attack detected. TYPE = 0 NAME = BCASTPROBE APMAC = ff:ff:ff:ff:ff:ff ATTACKERMAC = 00:06:c7:02:b6:c5 count = 7
<129>Jan  1 23:43:09 APWID[2974]: ALERT! WLAN attack detected. TYPE = 0 NAME = BCASTPROBE APMAC = ff:ff:ff:ff:ff:ff ATTACKERMAC = 00:06:c7:02:b6:8c count = 11
<129>Jan  1 23:45:09 APWID[2974]: ALERT! WLAN attack detected. TYPE = 0 NAME = BCASTPROBE APMAC = ff:ff:ff:ff:ff:ff ATTACKERMAC = 00:06:c7:02:b6:8c count = 8
<129>Jan  1 23:45:09 APWID[2974]: ALERT! WLAN attack detected. TYPE = 0 NAME = BCASTPROBE APMAC = ff:ff:ff:ff:ff:ff ATTACKERMAC = 00:06:c7:02:b6:c5 count = 5
<129>Jan  1 23:47:09 APWID[2974]: ALERT! WLAN attack detected. TYPE = 0 NAME = BCASTPROBE APMAC = ff:ff:ff:ff:ff:ff ATTACKERMAC = 00:06:c7:02:b6:c5 count = 6
<129>Jan  1 23:47:09 APWID[2974]: ALERT! WLAN attack detected. TYPE = 0 NAME = BCASTPROBE APMAC = ff:ff:ff:ff:ff:ff ATTACKERMAC = 00:06:c7:02:b6:8c count = 10
<129>Jan  1 23:49:09 APWID[2974]: ALERT! WLAN attack detected. TYPE = 0 NAME = BCASTPROBE APMAC = ff:ff:ff:ff:ff:ff ATTACKERMAC = 00:06:c7:02:b6:8c count = 9
<129>Jan  1 23:51:09 APWID[2974]: ALERT! WLAN attack detected. TYPE = 0 NAME = BCASTPROBE APMAC = ff:ff:ff:ff:ff:ff ATTACKERMAC = 70:77:81:10:f0:db count = 6
<129>Jan  1 23:52:09 APWID[2974]: ALERT! WLAN attack detected. TYPE = 0 NAME = BCASTPROBE APMAC = ff:ff:ff:ff:ff:ff ATTACKERMAC = 00:06:c7:02:b6:8c count = 21
<129>Jan  1 23:52:09 APWID[2974]: ALERT! WLAN attack detected. TYPE = 0 NAME = BCASTPROBE APMAC = ff:ff:ff:ff:ff:ff ATTACKERMAC = 00:06:c7:02:b6:c5 count = 7
<129>Jan  1 23:53:09 APWID[2974]: ALERT! WLAN attack detected. TYPE = 0 NAME = BCASTPROBE APMAC = ff:ff:ff:ff:ff:ff ATTACKERMAC = 00:06:c7:02:b6:c5 count = 5
<129>Jan  1 23:53:09 APWID[2974]: ALERT! WLAN attack detected. TYPE = 0 NAME = BCASTPROBE APMAC = ff:ff:ff:ff:ff:ff ATTACKERMAC = 00:06:c7:02:b6:8c count = 7
<129>Jan  1 23:54:09 APWID[2974]: ALERT! WLAN attack detected. TYPE = 0 NAME = BCASTPROBE APMAC = ff:ff:ff:ff:ff:ff ATTACKERMAC = 00:06:c7:02:b6:c5 count = 5
<129>Jan  1 23:54:09 APWID[2974]: ALERT! WLAN attack detected. TYPE = 0 NAME = BCASTPROBE APMAC = ff:ff:ff:ff:ff:ff ATTACKERMAC = 00:06:c7:02:b6:8c count = 8
<129>Jan  1 23:56:09 APWID[2974]: ALERT! WLAN attack detected. TYPE = 0 NAME = BCASTPROBE APMAC = ff:ff:ff:ff:ff:ff ATTACKERMAC = 04:f0:21:0a:5d:7f count = 5
<129>Jan  1 23:56:09 APWID[2974]: ALERT! WLAN attack detected. TYPE = 0 NAME = BCASTPROBE APMAC = ff:ff:ff:ff:ff:ff ATTACKERMAC = 00:06:c7:02:b6:8c count = 6
<129>Jan  1 23:56:09 APWID[2974]: ALERT! WLAN attack detected. TYPE = 0 NAME = BCASTPROBE APMAC = ff:ff:ff:ff:ff:ff ATTACKERMAC = 00:06:c7:02:b6:c5 count = 6
<129>Jan  1 23:58:09 APWID[2974]: ALERT! WLAN attack detected. TYPE = 0 NAME = BCASTPROBE APMAC = ff:ff:ff:ff:ff:ff ATTACKERMAC = 00:06:c7:02:b6:c5 count = 8
<129>Jan  1 23:58:09 APWID[2974]: ALERT! WLAN attack detected. TYPE = 0 NAME = BCASTPROBE APMAC = ff:ff:ff:ff:ff:ff ATTACKERMAC = 00:06:c7:02:b6:8c count = 8
<129>Jan  1 23:59:09 APWID[2974]: ALERT! WLAN attack detected. TYPE = 0 NAME = BCASTPROBE APMAC = ff:ff:ff:ff:ff:ff ATTACKERMAC = 00:06:c7:02:b6:c5 count = 11
<129>Jan  2 00:00:09 APWID[2974]: ALERT! WLAN attack detected. TYPE = 0 NAME = BCASTPROBE APMAC = ff:ff:ff:ff:ff:ff ATTACKERMAC = 00:06:c7:02:b6:c5 count = 11
<129>Jan  2 00:02:09 APWID[2974]: ALERT! WLAN attack detected. TYPE = 0 NAME = BCASTPROBE APMAC = ff:ff:ff:ff:ff:ff ATTACKERMAC = 00:06:c7:02:b6:c5 count = 6
<129>Jan  2 00:03:09 APWID[2974]: ALERT! WLAN attack detected. TYPE = 0 NAME = BCASTPROBE APMAC = ff:ff:ff:ff:ff:ff ATTACKERMAC = 00:06:c7:02:b6:c5 count = 5
<129>Jan  2 00:03:09 APWID[2974]: ALERT! WLAN attack detected. TYPE = 0 NAME = BCASTPROBE APMAC = ff:ff:ff:ff:ff:ff ATTACKERMAC = 00:06:c7:02:b6:8c count = 8
<129>Jan  2 00:05:09 APWID[2974]: ALERT! WLAN attack detected. TYPE = 0 NAME = BCASTPROBE APMAC = ff:ff:ff:ff:ff:ff ATTACKERMAC = 00:06:c7:02:b6:8c count = 13
<129>Jan  2 00:07:09 APWID[2974]: ALERT! WLAN attack detected. TYPE = 0 NAME = BCASTPROBE APMAC = ff:ff:ff:ff:ff:ff ATTACKERMAC = 00:06:c7:02:b6:8c count = 6
<129>Jan  2 00:07:09 APWID[2974]: ALERT! WLAN attack detected. TYPE = 0 NAME = BCASTPROBE APMAC = ff:ff:ff:ff:ff:ff ATTACKERMAC = 00:06:c7:02:b6:c5 count = 6
<129>Jan  2 00:09:09 APWID[2974]: ALERT! WLAN attack detected. TYPE = 0 NAME = BCASTPROBE APMAC = ff:ff:ff:ff:ff:ff ATTACKERMAC = 00:06:c7:02:b6:c5 count = 11
<129>Jan  2 00:09:09 APWID[2974]: ALERT! WLAN attack detected. TYPE = 0 NAME = BCASTPROBE APMAC = ff:ff:ff:ff:ff:ff ATTACKERMAC = 00:06:c7:02:b6:8c count = 12
<129>Jan  2 00:12:09 APWID[2974]: ALERT! WLAN attack detected. TYPE = 0 NAME = BCASTPROBE APMAC = ff:ff:ff:ff:ff:ff ATTACKERMAC = 00:06:c7:02:b6:8c count = 8
<129>Jan  2 00:12:09 APWID[2974]: ALERT! WLAN attack detected. TYPE = 0 NAME = BCASTPROBE APMAC = ff:ff:ff:ff:ff:ff ATTACKERMAC = 00:06:c7:02:b6:c5 count = 9
<129>Jan  2 00:14:09 APWID[2974]: ALERT! WLAN attack detected. TYPE = 0 NAME = BCASTPROBE APMAC = ff:ff:ff:ff:ff:ff ATTACKERMAC = 00:06:c7:02:b6:8c count = 10
<129>Jan  2 00:14:09 APWID[2974]: ALERT! WLAN attack detected. TYPE = 0 NAME = BCASTPROBE APMAC = ff:ff:ff:ff:ff:ff ATTACKERMAC = 00:06:c7:02:b6:c5 count = 8
<129>Jan  2 00:14:09 APWID[2974]: ALERT! WLAN attack detected. TYPE = 0 NAME = BCASTPROBE APMAC = ff:ff:ff:ff:ff:ff ATTACKERMAC = 04:f0:21:0a:5d:7f count = 5
<129>Jan  2 00:16:09 APWID[2974]: ALERT! WLAN attack detected. TYPE = 0 NAME = BCASTPROBE APMAC = ff:ff:ff:ff:ff:ff ATTACKERMAC = 00:06:c7:02:b6:8c count = 10
<129>Jan  2 00:16:09 APWID[2974]: ALERT! WLAN attack detected. TYPE = 0 NAME = BCASTPROBE APMAC = ff:ff:ff:ff:ff:ff ATTACKERMAC = 04:f0:21:0a:5d:7f count = 6
<129>Jan  2 00:16:09 APWID[2974]: ALERT! WLAN attack detected. TYPE = 0 NAME = BCASTPROBE APMAC = ff:ff:ff:ff:ff:ff ATTACKERMAC = 00:06:c7:02:b6:c5 count = 12
<129>Jan  2 00:18:09 APWID[2974]: ALERT! WLAN attack detected. TYPE = 0 NAME = BCASTPROBE APMAC = ff:ff:ff:ff:ff:ff ATTACKERMAC = 00:06:c7:02:b6:c5 count = 6
<129>Jan  2 00:18:09 APWID[2974]: ALERT! WLAN attack detected. TYPE = 0 NAME = BCASTPROBE APMAC = ff:ff:ff:ff:ff:ff ATTACKERMAC = 00:06:c7:02:b6:8c count = 7
<129>Jan  2 00:21:09 APWID[2974]: ALERT! WLAN attack detected. TYPE = 0 NAME = BCASTPROBE APMAC = ff:ff:ff:ff:ff:ff ATTACKERMAC = 00:06:c7:02:b6:8c count = 10
<129>Jan  2 00:21:09 APWID[2974]: ALERT! WLAN attack detected. TYPE = 0 NAME = BCASTPROBE APMAC = ff:ff:ff:ff:ff:ff ATTACKERMAC = 00:06:c7:02:b6:c5 count = 8
<129>Jan  2 00:23:09 APWID[2974]: ALERT! WLAN attack detected. TYPE = 0 NAME = BCASTPROBE APMAC = ff:ff:ff:ff:ff:ff ATTACKERMAC = 00:06:c7:02:ba:d9 count = 8
<129>Jan  2 00:23:09 APWID[2974]: ALERT! WLAN attack detected. TYPE = 0 NAME = BCASTPROBE APMAC = ff:ff:ff:ff:ff:ff ATTACKERMAC = 00:06:c7:02:b6:c5 count = 6
<129>Jan  2 00:23:09 APWID[2974]: ALERT! WLAN attack detected. TYPE = 0 NAME = BCASTPROBE APMAC = ff:ff:ff:ff:ff:ff ATTACKERMAC = 00:06:c7:02:b6:8c count = 16
<129>Jan  2 00:24:09 APWID[2974]: ALERT! WLAN attack detected. TYPE = 0 NAME = BCASTPROBE APMAC = ff:ff:ff:ff:ff:ff ATTACKERMAC = e0:9d:31:07:a1:14 count = 6
<129>Jan  2 00:25:09 APWID[2974]: ALERT! WLAN attack detected. TYPE = 0 NAME = BCASTPROBE APMAC = ff:ff:ff:ff:ff:ff ATTACKERMAC = 00:06:c7:02:b6:c5 count = 6
<129>Jan  2 00:25:09 APWID[2974]: ALERT! WLAN attack detected. TYPE = 0 NAME = BCASTPROBE APMAC = ff:ff:ff:ff:ff:ff ATTACKERMAC = 00:06:c7:02:b6:8c count = 8
<129>Jan  2 00:27:09 APWID[2974]: ALERT! WLAN attack detected. TYPE = 0 NAME = BCASTPROBE APMAC = ff:ff:ff:ff:ff:ff ATTACKERMAC = 00:06:c7:02:b6:8c count = 10
<129>Jan  2 00:27:09 APWID[2974]: ALERT! WLAN attack detected. TYPE = 0 NAME = BCASTPROBE APMAC = ff:ff:ff:ff:ff:ff ATTACKERMAC = 00:06:c7:02:b6:c5 count = 12
<129>Jan  2 00:32:09 APWID[2974]: ALERT! WLAN attack detected. TYPE = 0 NAME = BCASTPROBE APMAC = ff:ff:ff:ff:ff:ff ATTACKERMAC = 00:06:c7:02:b6:c5 count = 9
<129>Jan  2 00:32:09 APWID[2974]: ALERT! WLAN attack detected. TYPE = 0 NAME = BCASTPROBE APMAC = ff:ff:ff:ff:ff:ff ATTACKERMAC = 00:06:c7:02:b6:8c count = 11
<129>Jan  2 00:34:09 APWID[2974]: ALERT! WLAN attack detected. TYPE = 0 NAME = BCASTPROBE APMAC = ff:ff:ff:ff:ff:ff ATTACKERMAC = 00:06:c7:02:b6:c5 count = 8
<129>Jan  2 00:34:09 APWID[2974]: ALERT! WLAN attack detected. TYPE = 0 NAME = BCASTPROBE APMAC = ff:ff:ff:ff:ff:ff ATTACKERMAC = 00:06:c7:02:b6:8c count = 8
<129>Jan  2 00:36:09 APWID[2974]: ALERT! WLAN attack detected. TYPE = 0 NAME = BCASTPROBE APMAC = ff:ff:ff:ff:ff:ff ATTACKERMAC = 04:f0:21:0a:5d:7f count = 7
<129>Jan  2 00:36:09 APWID[2974]: ALERT! WLAN attack detected. TYPE = 0 NAME = BCASTPROBE APMAC = ff:ff:ff:ff:ff:ff ATTACKERMAC = 00:06:c7:02:b6:8c count = 8
<129>Jan  2 00:36:09 APWID[2974]: ALERT! WLAN attack detected. TYPE = 0 NAME = BCASTPROBE APMAC = ff:ff:ff:ff:ff:ff ATTACKERMAC = 00:06:c7:02:b6:c5 count = 8
<129>Jan  2 00:39:09 APWID[2974]: ALERT! WLAN attack detected. TYPE = 0 NAME = BCASTPROBE APMAC = ff:ff:ff:ff:ff:ff ATTACKERMAC = 00:06:c7:02:b6:c5 count = 7
<129>Jan  2 00:39:09 APWID[2974]: ALERT! WLAN attack detected. TYPE = 0 NAME = BCASTPROBE APMAC = ff:ff:ff:ff:ff:ff ATTACKERMAC = 00:06:c7:02:b6:8c count = 7
<129>Jan  2 00:41:09 APWID[2974]: ALERT! WLAN attack detected. TYPE = 0 NAME = BCASTPROBE APMAC = ff:ff:ff:ff:ff:ff ATTACKERMAC = 00:06:c7:02:b6:c5 count = 10
<129>Jan  2 00:41:09 APWID[2974]: ALERT! WLAN attack detected. TYPE = 0 NAME = BCASTPROBE APMAC = ff:ff:ff:ff:ff:ff ATTACKERMAC = 00:06:c7:02:b6:8c count = 10
<129>Jan  2 00:43:09 APWID[2974]: ALERT! WLAN attack detected. TYPE = 0 NAME = BCASTPROBE APMAC = ff:ff:ff:ff:ff:ff ATTACKERMAC = 00:06:c7:02:b6:8c count = 13
<129>Jan  2 00:43:09 APWID[2974]: ALERT! WLAN attack detected. TYPE = 0 NAME = BCASTPROBE APMAC = ff:ff:ff:ff:ff:ff ATTACKERMAC = 00:06:c7:02:b6:c5 count = 10
<129>Jan  2 00:45:09 APWID[2974]: ALERT! WLAN attack detected. TYPE = 0 NAME = BCASTPROBE APMAC = ff:ff:ff:ff:ff:ff ATTACKERMAC = 00:06:c7:02:b6:8c count = 18
<129>Jan  2 00:45:09 APWID[2974]: ALERT! WLAN attack detected. TYPE = 0 NAME = BCASTPROBE APMAC = ff:ff:ff:ff:ff:ff ATTACKERMAC = 00:06:c7:02:b6:c5 count = 11
<129>Jan  2 00:48:09 APWID[2974]: ALERT! WLAN attack detected. TYPE = 0 NAME = BCASTPROBE APMAC = ff:ff:ff:ff:ff:ff ATTACKERMAC = 00:06:c7:02:b6:8c count = 7
<129>Jan  2 00:48:09 APWID[2974]: ALERT! WLAN attack detected. TYPE = 0 NAME = BCASTPROBE APMAC = ff:ff:ff:ff:ff:ff ATTACKERMAC = 04:f0:21:0a:5d:7f count = 5
<129>Jan  2 00:48:09 APWID[2974]: ALERT! WLAN attack detected. TYPE = 0 NAME = BCASTPROBE APMAC = ff:ff:ff:ff:ff:ff ATTACKERMAC = 00:06:c7:02:b6:c5 count = 6
<129>Jan  2 00:50:09 APWID[2974]: ALERT! WLAN attack detected. TYPE = 0 NAME = BCASTPROBE APMAC = ff:ff:ff:ff:ff:ff ATTACKERMAC = 00:06:c7:02:b6:8c count = 5
<129>Jan  2 00:50:09 APWID[2974]: ALERT! WLAN attack detected. TYPE = 0 NAME = BCASTPROBE APMAC = ff:ff:ff:ff:ff:ff ATTACKERMAC = 00:06:c7:02:b6:c5 count = 6
<129>Jan  2 00:52:09 APWID[2974]: ALERT! WLAN attack detected. TYPE = 0 NAME = BCASTPROBE APMAC = ff:ff:ff:ff:ff:ff ATTACKERMAC = 00:06:c7:02:b6:8c count = 10
<129>Jan  2 00:52:09 APWID[2974]: ALERT! WLAN attack detected. TYPE = 0 NAME = BCASTPROBE APMAC = ff:ff:ff:ff:ff:ff ATTACKERMAC = 00:06:c7:02:b6:c5 count = 7
<129>Jan  2 00:53:09 APWID[2974]: ALERT! WLAN attack detected. TYPE = 0 NAME = BCASTPROBE APMAC = ff:ff:ff:ff:ff:ff ATTACKERMAC = 00:06:c7:02:b6:c5 count = 11
<129>Jan  2 00:53:09 APWID[2974]: ALERT! WLAN attack detected. TYPE = 0 NAME = BCASTPROBE APMAC = ff:ff:ff:ff:ff:ff ATTACKERMAC = 00:06:c7:02:b6:8c count = 14
<129>Jan  2 00:55:09 APWID[2974]: ALERT! WLAN attack detected. TYPE = 0 NAME = BCASTPROBE APMAC = ff:ff:ff:ff:ff:ff ATTACKERMAC = 00:06:c7:02:b6:8c count = 7
<129>Jan  2 00:55:09 APWID[2974]: ALERT! WLAN attack detected. TYPE = 0 NAME = BCASTPROBE APMAC = ff:ff:ff:ff:ff:ff ATTACKERMAC = 00:06:c7:02:b6:c5 count = 6
<129>Jan  2 00:57:09 APWID[2974]: ALERT! WLAN attack detected. TYPE = 0 NAME = BCASTPROBE APMAC = ff:ff:ff:ff:ff:ff ATTACKERMAC = 00:06:c7:02:b6:c5 count = 8
<129>Jan  2 00:57:09 APWID[2974]: ALERT! WLAN attack detected. TYPE = 0 NAME = BCASTPROBE APMAC = ff:ff:ff:ff:ff:ff ATTACKERMAC = 00:06:c7:02:ba:d9 count = 8
<129>Jan  2 00:57:09 APWID[2974]: ALERT! WLAN attack detected. TYPE = 0 NAME = BCASTPROBE APMAC = ff:ff:ff:ff:ff:ff ATTACKERMAC = 00:06:c7:02:b6:8c count = 9
<129>Jan  2 00:59:09 APWID[2974]: ALERT! WLAN attack detected. TYPE = 0 NAME = BCASTPROBE APMAC = ff:ff:ff:ff:ff:ff ATTACKERMAC = 00:06:c7:02:b6:c5 count = 5
<129>Jan  2 00:59:09 APWID[2974]: ALERT! WLAN attack detected. TYPE = 0 NAME = BCASTPROBE APMAC = ff:ff:ff:ff:ff:ff ATTACKERMAC = 00:06:c7:02:b6:8c count = 8
<129>Jan  2 01:01:09 APWID[2974]: ALERT! WLAN attack detected. TYPE = 0 NAME = BCASTPROBE APMAC = ff:ff:ff:ff:ff:ff ATTACKERMAC = 00:06:c7:02:b6:c5 count = 9
<129>Jan  2 01:01:09 APWID[2974]: ALERT! WLAN attack detected. TYPE = 0 NAME = BCASTPROBE APMAC = ff:ff:ff:ff:ff:ff ATTACKERMAC = 00:06:c7:02:b6:8c count = 11
<129>Jan  2 01:04:09 APWID[2974]: ALERT! WLAN attack detected. TYPE = 0 NAME = BCASTPROBE APMAC = ff:ff:ff:ff:ff:ff ATTACKERMAC = 00:06:c7:02:b6:c5 count = 10
<129>Jan  2 01:04:09 APWID[2974]: ALERT! WLAN attack detected. TYPE = 0 NAME = BCASTPROBE APMAC = ff:ff:ff:ff:ff:ff ATTACKERMAC = 00:06:c7:02:b6:8c count = 10
<129>Jan  2 01:06:09 APWID[2974]: ALERT! WLAN attack detected. TYPE = 0 NAME = BCASTPROBE APMAC = ff:ff:ff:ff:ff:ff ATTACKERMAC = 00:06:c7:02:b6:8c count = 10
<129>Jan  2 01:06:09 APWID[2974]: ALERT! WLAN attack detected. TYPE = 0 NAME = BCASTPROBE APMAC = ff:ff:ff:ff:ff:ff ATTACKERMAC = 00:06:c7:02:ba:d9 count = 8
<129>Jan  2 01:06:09 APWID[2974]: ALERT! WLAN attack detected. TYPE = 0 NAME = BCASTPROBE APMAC = ff:ff:ff:ff:ff:ff ATTACKERMAC = 70:77:81:10:f0:db count = 6
<129>Jan  2 01:06:09 APWID[2974]: ALERT! WLAN attack detected. TYPE = 0 NAME = BCASTPROBE APMAC = ff:ff:ff:ff:ff:ff ATTACKERMAC = 00:06:c7:02:b6:c5 count = 11
<129>Jan  2 01:08:09 APWID[2974]: ALERT! WLAN attack detected. TYPE = 0 NAME = BCASTPROBE APMAC = ff:ff:ff:ff:ff:ff ATTACKERMAC = 00:06:c7:02:b6:8c count = 14
<129>Jan  2 01:08:09 APWID[2974]: ALERT! WLAN attack detected. TYPE = 0 NAME = BCASTPROBE APMAC = ff:ff:ff:ff:ff:ff ATTACKERMAC = 00:06:c7:02:b6:c5 count = 12
<129>Jan  2 01:10:09 APWID[2974]: ALERT! WLAN attack detected. TYPE = 0 NAME = BCASTPROBE APMAC = ff:ff:ff:ff:ff:ff ATTACKERMAC = 00:06:c7:02:b6:c5 count = 11
<129>Jan  2 01:10:09 APWID[2974]: ALERT! WLAN attack detected. TYPE = 0 NAME = BCASTPROBE APMAC = ff:ff:ff:ff:ff:ff ATTACKERMAC = 00:06:c7:02:b6:8c count = 14
<129>Jan  2 01:12:09 APWID[2974]: ALERT! WLAN attack detected. TYPE = 0 NAME = BCASTPROBE APMAC = ff:ff:ff:ff:ff:ff ATTACKERMAC = 00:06:c7:02:b6:8c count = 15
<129>Jan  2 01:12:09 APWID[2974]: ALERT! WLAN attack detected. TYPE = 0 NAME = BCASTPROBE APMAC = ff:ff:ff:ff:ff:ff ATTACKERMAC = 00:06:c7:02:b6:c5 count = 6
<129>Jan  2 01:13:09 APWID[2974]: ALERT! WLAN attack detected. TYPE = 0 NAME = BCASTPROBE APMAC = ff:ff:ff:ff:ff:ff ATTACKERMAC = 00:06:c7:02:b6:c5 count = 7
<129>Jan  2 01:13:09 APWID[2974]: ALERT! WLAN attack detected. TYPE = 0 NAME = BCASTPROBE APMAC = ff:ff:ff:ff:ff:ff ATTACKERMAC = 00:06:c7:02:b6:8c count = 7
<129>Jan  2 01:15:09 APWID[2974]: ALERT! WLAN attack detected. TYPE = 0 NAME = BCASTPROBE APMAC = ff:ff:ff:ff:ff:ff ATTACKERMAC = 00:06:c7:02:b6:c5 count = 10
<129>Jan  2 01:15:09 APWID[2974]: ALERT! WLAN attack detected. TYPE = 0 NAME = BCASTPROBE APMAC = ff:ff:ff:ff:ff:ff ATTACKERMAC = 00:06:c7:02:ba:d9 count = 8
<129>Jan  2 01:15:09 APWID[2974]: ALERT! WLAN attack detected. TYPE = 0 NAME = BCASTPROBE APMAC = ff:ff:ff:ff:ff:ff ATTACKERMAC = 00:06:c7:02:b6:8c count = 8
<129>Jan  2 01:17:09 APWID[2974]: ALERT! WLAN attack detected. TYPE = 0 NAME = BCASTPROBE APMAC = ff:ff:ff:ff:ff:ff ATTACKERMAC = 00:06:c7:02:b6:c5 count = 7
<129>Jan  2 01:17:09 APWID[2974]: ALERT! WLAN attack detected. TYPE = 0 NAME = BCASTPROBE APMAC = ff:ff:ff:ff:ff:ff ATTACKERMAC = e0:9d:31:18:44:8c count = 6
<129>Jan  2 01:17:09 APWID[2974]: ALERT! WLAN attack detected. TYPE = 0 NAME = BCASTPROBE APMAC = ff:ff:ff:ff:ff:ff ATTACKERMAC = 00:06:c7:02:b6:8c count = 9
<129>Jan  2 01:19:09 APWID[2974]: ALERT! WLAN attack detected. TYPE = 0 NAME = BCASTPROBE APMAC = ff:ff:ff:ff:ff:ff ATTACKERMAC = 00:06:c7:02:b6:8c count = 7
<129>Jan  2 01:19:09 APWID[2974]: ALERT! WLAN attack detected. TYPE = 0 NAME = BCASTPROBE APMAC = ff:ff:ff:ff:ff:ff ATTACKERMAC = 00:06:c7:02:b6:c5 count = 7
<129>Jan  2 01:22:09 APWID[2974]: ALERT! WLAN attack detected. TYPE = 0 NAME = BCASTPROBE APMAC = ff:ff:ff:ff:ff:ff ATTACKERMAC = 00:06:c7:02:b6:c5 count = 9
<129>Jan  2 01:22:09 APWID[2974]: ALERT! WLAN attack detected. TYPE = 0 NAME = BCASTPROBE APMAC = ff:ff:ff:ff:ff:ff ATTACKERMAC = 00:06:c7:02:b6:8c count = 9
<129>Jan  2 01:24:09 APWID[2974]: ALERT! WLAN attack detected. TYPE = 0 NAME = BCASTPROBE APMAC = ff:ff:ff:ff:ff:ff ATTACKERMAC = 00:06:c7:02:b6:c5 count = 11
<129>Jan  2 01:24:09 APWID[2974]: ALERT! WLAN attack detected. TYPE = 0 NAME = BCASTPROBE APMAC = ff:ff:ff:ff:ff:ff ATTACKERMAC = 00:06:c7:02:b6:8c count = 8
<129>Jan  2 01:26:09 APWID[2974]: ALERT! WLAN attack detected. TYPE = 0 NAME = BCASTPROBE APMAC = ff:ff:ff:ff:ff:ff ATTACKERMAC = 00:06:c7:02:b6:c5 count = 7
<129>Jan  2 01:26:09 APWID[2974]: ALERT! WLAN attack detected. TYPE = 0 NAME = BCASTPROBE APMAC = ff:ff:ff:ff:ff:ff ATTACKERMAC = 00:06:c7:02:b6:8c count = 11
<129>Jan  2 01:28:09 APWID[2974]: ALERT! WLAN attack detected. TYPE = 0 NAME = BCASTPROBE APMAC = ff:ff:ff:ff:ff:ff ATTACKERMAC = 00:06:c7:02:b6:c5 count = 8
<129>Jan  2 01:28:09 APWID[2974]: ALERT! WLAN attack detected. TYPE = 0 NAME = BCASTPROBE APMAC = ff:ff:ff:ff:ff:ff ATTACKERMAC = 00:06:c7:02:b6:8c count = 6
<129>Jan  2 01:30:09 APWID[2974]: ALERT! WLAN attack detected. TYPE = 0 NAME = BCASTPROBE APMAC = ff:ff:ff:ff:ff:ff ATTACKERMAC = 00:06:c7:02:b6:c5 count = 9
<129>Jan  2 01:31:09 APWID[2974]: ALERT! WLAN attack detected. TYPE = 0 NAME = BCASTPROBE APMAC = ff:ff:ff:ff:ff:ff ATTACKERMAC = 70:77:81:10:f0:db count = 5
<129>Jan  2 01:31:09 APWID[2974]: ALERT! WLAN attack detected. TYPE = 0 NAME = BCASTPROBE APMAC = ff:ff:ff:ff:ff:ff ATTACKERMAC = 00:06:c7:02:b6:8c count = 8
<129>Jan  2 01:31:09 APWID[2974]: ALERT! WLAN attack detected. TYPE = 0 NAME = BCASTPROBE APMAC = ff:ff:ff:ff:ff:ff ATTACKERMAC = 00:06:c7:02:b6:c5 count = 7
<129>Jan  2 01:33:09 APWID[2974]: ALERT! WLAN attack detected. TYPE = 0 NAME = BCASTPROBE APMAC = ff:ff:ff:ff:ff:ff ATTACKERMAC = 00:06:c7:02:b6:c5 count = 6
<129>Jan  2 01:33:09 APWID[2974]: ALERT! WLAN attack detected. TYPE = 0 NAME = BCASTPROBE APMAC = ff:ff:ff:ff:ff:ff ATTACKERMAC = 00:06:c7:02:b6:8c count = 7
<129>Jan  2 01:35:09 APWID[2974]: ALERT! WLAN attack detected. TYPE = 0 NAME = BCASTPROBE APMAC = ff:ff:ff:ff:ff:ff ATTACKERMAC = 00:06:c7:02:b6:8c count = 9
<129>Jan  2 01:35:09 APWID[2974]: ALERT! WLAN attack detected. TYPE = 0 NAME = BCASTPROBE APMAC = ff:ff:ff:ff:ff:ff ATTACKERMAC = 00:06:c7:02:b6:c5 count = 8
<129>Jan  2 01:36:09 APWID[2974]: ALERT! WLAN attack detected. TYPE = 0 NAME = BCASTPROBE APMAC = ff:ff:ff:ff:ff:ff ATTACKERMAC = 00:06:c7:02:b6:c5 count = 6
<129>Jan  2 01:37:09 APWID[2974]: ALERT! WLAN attack detected. TYPE = 0 NAME = BCASTPROBE APMAC = ff:ff:ff:ff:ff:ff ATTACKERMAC = 00:06:c7:02:b6:8c count = 9
<129>Jan  2 01:37:09 APWID[2974]: ALERT! WLAN attack detected. TYPE = 0 NAME = BCASTPROBE APMAC = ff:ff:ff:ff:ff:ff ATTACKERMAC = 00:06:c7:02:b6:c5 count = 6
<129>Jan  2 01:40:09 APWID[2974]: ALERT! WLAN attack detected. TYPE = 0 NAME = BCASTPROBE APMAC = ff:ff:ff:ff:ff:ff ATTACKERMAC = 00:06:c7:02:b6:c5 count = 14
<129>Jan  2 01:40:09 APWID[2974]: ALERT! WLAN attack detected. TYPE = 0 NAME = BCASTPROBE APMAC = ff:ff:ff:ff:ff:ff ATTACKERMAC = 00:06:c7:02:b6:8c count = 12
<129>Jan  2 01:42:09 APWID[2974]: ALERT! WLAN attack detected. TYPE = 0 NAME = BCASTPROBE APMAC = ff:ff:ff:ff:ff:ff ATTACKERMAC = 00:06:c7:02:b6:8c count = 8
<129>Jan  2 01:42:09 APWID[2974]: ALERT! WLAN attack detected. TYPE = 0 NAME = BCASTPROBE APMAC = ff:ff:ff:ff:ff:ff ATTACKERMAC = 00:06:c7:02:b6:c5 count = 8
<129>Jan  2 01:44:09 APWID[2974]: ALERT! WLAN attack detected. TYPE = 0 NAME = BCASTPROBE APMAC = ff:ff:ff:ff:ff:ff ATTACKERMAC = 00:06:c7:02:b6:c5 count = 6
<129>Jan  2 01:44:09 APWID[2974]: ALERT! WLAN attack detected. TYPE = 0 NAME = BCASTPROBE APMAC = ff:ff:ff:ff:ff:ff ATTACKERMAC = 00:06:c7:02:b6:8c count = 11
<129>Jan  2 01:46:09 APWID[2974]: ALERT! WLAN attack detected. TYPE = 0 NAME = BCASTPROBE APMAC = ff:ff:ff:ff:ff:ff ATTACKERMAC = 00:06:c7:02:b6:8c count = 8
<129>Jan  2 01:46:09 APWID[2974]: ALERT! WLAN attack detected. TYPE = 0 NAME = BCASTPROBE APMAC = ff:ff:ff:ff:ff:ff ATTACKERMAC = 00:06:c7:02:b6:c5 count = 6
<129>Jan  2 01:49:09 APWID[2974]: ALERT! WLAN attack detected. TYPE = 0 NAME = BCASTPROBE APMAC = ff:ff:ff:ff:ff:ff ATTACKERMAC = 00:06:c7:02:b6:8c count = 11
<129>Jan  2 01:49:09 APWID[2974]: ALERT! WLAN attack detected. TYPE = 0 NAME = BCASTPROBE APMAC = ff:ff:ff:ff:ff:ff ATTACKERMAC = 00:06:c7:02:b6:c5 count = 7
<129>Jan  2 01:51:09 APWID[2974]: ALERT! WLAN attack detected. TYPE = 0 NAME = BCASTPROBE APMAC = ff:ff:ff:ff:ff:ff ATTACKERMAC = 00:06:c7:02:ba:d9 count = 8
<129>Jan  2 01:51:09 APWID[2974]: ALERT! WLAN attack detected. TYPE = 0 NAME = BCASTPROBE APMAC = ff:ff:ff:ff:ff:ff ATTACKERMAC = 00:06:c7:02:b6:c5 count = 6
<129>Jan  2 01:51:09 APWID[2974]: ALERT! WLAN attack detected. TYPE = 0 NAME = BCASTPROBE APMAC = ff:ff:ff:ff:ff:ff ATTACKERMAC = 00:06:c7:02:b6:8c count = 7
<129>Jan  2 01:53:09 APWID[2974]: ALERT! WLAN attack detected. TYPE = 0 NAME = BCASTPROBE APMAC = ff:ff:ff:ff:ff:ff ATTACKERMAC = 00:06:c7:02:b6:8c count = 9
<129>Jan  2 01:53:09 APWID[2974]: ALERT! WLAN attack detected. TYPE = 0 NAME = BCASTPROBE APMAC = ff:ff:ff:ff:ff:ff ATTACKERMAC = 00:06:c7:02:b6:c5 count = 8
<129>Jan  2 01:55:09 APWID[2974]: ALERT! WLAN attack detected. TYPE = 0 NAME = BCASTPROBE APMAC = ff:ff:ff:ff:ff:ff ATTACKERMAC = 00:06:c7:02:b6:8c count = 8
<129>Jan  2 01:55:09 APWID[2974]: ALERT! WLAN attack detected. TYPE = 0 NAME = BCASTPROBE APMAC = ff:ff:ff:ff:ff:ff ATTACKERMAC = 00:06:c7:02:b6:c5 count = 7
<129>Jan  2 01:58:09 APWID[2974]: ALERT! WLAN attack detected. TYPE = 0 NAME = BCASTPROBE APMAC = ff:ff:ff:ff:ff:ff ATTACKERMAC = 04:f0:21:0a:5d:7f count = 6
<129>Jan  2 01:58:09 APWID[2974]: ALERT! WLAN attack detected. TYPE = 0 NAME = BCASTPROBE APMAC = ff:ff:ff:ff:ff:ff ATTACKERMAC = 00:06:c7:02:b6:8c count = 6
<129>Jan  2 02:00:09 APWID[2974]: ALERT! WLAN attack detected. TYPE = 0 NAME = BCASTPROBE APMAC = ff:ff:ff:ff:ff:ff ATTACKERMAC = 00:06:c7:02:b6:c5 count = 8
<129>Jan  2 02:00:09 APWID[2974]: ALERT! WLAN attack detected. TYPE = 0 NAME = BCASTPROBE APMAC = ff:ff:ff:ff:ff:ff ATTACKERMAC = 00:06:c7:02:b6:8c count = 7
<129>Jan  2 02:02:09 APWID[2974]: ALERT! WLAN attack detected. TYPE = 0 NAME = BCASTPROBE APMAC = ff:ff:ff:ff:ff:ff ATTACKERMAC = 00:06:c7:02:b6:8c count = 13
<129>Jan  2 02:02:09 APWID[2974]: ALERT! WLAN attack detected. TYPE = 0 NAME = BCASTPROBE APMAC = ff:ff:ff:ff:ff:ff ATTACKERMAC = 00:06:c7:02:b6:c5 count = 13
<129>Jan  2 02:04:09 APWID[2974]: ALERT! WLAN attack detected. TYPE = 0 NAME = BCASTPROBE APMAC = ff:ff:ff:ff:ff:ff ATTACKERMAC = 04:f0:21:0a:5d:7f count = 6
<129>Jan  2 02:04:09 APWID[2974]: ALERT! WLAN attack detected. TYPE = 0 NAME = BCASTPROBE APMAC = ff:ff:ff:ff:ff:ff ATTACKERMAC = 00:06:c7:02:b6:8c count = 12
<129>Jan  2 02:04:09 APWID[2974]: ALERT! WLAN attack detected. TYPE = 0 NAME = BCASTPROBE APMAC = ff:ff:ff:ff:ff:ff ATTACKERMAC = 00:06:c7:02:b6:c5 count = 13
<129>Jan  2 02:07:10 APWID[2974]: ALERT! WLAN attack detected. TYPE = 0 NAME = BCASTPROBE APMAC = ff:ff:ff:ff:ff:ff ATTACKERMAC = 00:06:c7:02:b6:8c count = 10
<129>Jan  2 02:07:10 APWID[2974]: ALERT! WLAN attack detected. TYPE = 0 NAME = BCASTPROBE APMAC = ff:ff:ff:ff:ff:ff ATTACKERMAC = 00:06:c7:02:b6:c5 count = 8
<129>Jan  2 02:09:10 APWID[2974]: ALERT! WLAN attack detected. TYPE = 0 NAME = BCASTPROBE APMAC = ff:ff:ff:ff:ff:ff ATTACKERMAC = 00:06:c7:02:b6:c5 count = 9
<129>Jan  2 02:09:10 APWID[2974]: ALERT! WLAN attack detected. TYPE = 0 NAME = BCASTPROBE APMAC = ff:ff:ff:ff:ff:ff ATTACKERMAC = 00:06:c7:02:b6:8c count = 7
<129>Jan  2 02:11:10 APWID[2974]: ALERT! WLAN attack detected. TYPE = 0 NAME = BCASTPROBE APMAC = ff:ff:ff:ff:ff:ff ATTACKERMAC = 00:06:c7:02:b6:c5 count = 9
<129>Jan  2 02:11:10 APWID[2974]: ALERT! WLAN attack detected. TYPE = 0 NAME = BCASTPROBE APMAC = ff:ff:ff:ff:ff:ff ATTACKERMAC = 00:06:c7:02:b6:8c count = 12
<129>Jan  2 02:13:10 APWID[2974]: ALERT! WLAN attack detected. TYPE = 0 NAME = BCASTPROBE APMAC = ff:ff:ff:ff:ff:ff ATTACKERMAC = 00:06:c7:02:b6:8c count = 11
<129>Jan  2 02:13:10 APWID[2974]: ALERT! WLAN attack detected. TYPE = 0 NAME = BCASTPROBE APMAC = ff:ff:ff:ff:ff:ff ATTACKERMAC = 00:06:c7:02:b6:c5 count = 9
<129>Jan  2 02:16:10 APWID[2974]: ALERT! WLAN attack detected. TYPE = 0 NAME = BCASTPROBE APMAC = ff:ff:ff:ff:ff:ff ATTACKERMAC = 00:06:c7:02:b6:c5 count = 5
<129>Jan  2 02:18:10 APWID[2974]: ALERT! WLAN attack detected. TYPE = 0 NAME = BCASTPROBE APMAC = ff:ff:ff:ff:ff:ff ATTACKERMAC = 00:06:c7:02:b6:c5 count = 8
<129>Jan  2 02:18:10 APWID[2974]: ALERT! WLAN attack detected. TYPE = 0 NAME = BCASTPROBE APMAC = ff:ff:ff:ff:ff:ff ATTACKERMAC = 00:06:c7:02:b6:8c count = 8
<129>Jan  2 02:20:10 APWID[2974]: ALERT! WLAN attack detected. TYPE = 0 NAME = BCASTPROBE APMAC = ff:ff:ff:ff:ff:ff ATTACKERMAC = 00:06:c7:02:b6:c5 count = 8
<129>Jan  2 02:20:10 APWID[2974]: ALERT! WLAN attack detected. TYPE = 0 NAME = BCASTPROBE APMAC = ff:ff:ff:ff:ff:ff ATTACKERMAC = 00:06:c7:02:b6:8c count = 10
<129>Jan  2 02:22:10 APWID[2974]: ALERT! WLAN attack detected. TYPE = 0 NAME = BCASTPROBE APMAC = ff:ff:ff:ff:ff:ff ATTACKERMAC = 00:06:c7:02:b6:8c count = 5
<129>Jan  2 02:25:10 APWID[2974]: ALERT! WLAN attack detected. TYPE = 0 NAME = BCASTPROBE APMAC = ff:ff:ff:ff:ff:ff ATTACKERMAC = 00:06:c7:02:b6:c5 count = 6
<129>Jan  2 02:25:10 APWID[2974]: ALERT! WLAN attack detected. TYPE = 0 NAME = BCASTPROBE APMAC = ff:ff:ff:ff:ff:ff ATTACKERMAC = 00:06:c7:02:ba:d9 count = 8
<129>Jan  2 02:25:10 APWID[2974]: ALERT! WLAN attack detected. TYPE = 0 NAME = BCASTPROBE APMAC = ff:ff:ff:ff:ff:ff ATTACKERMAC = 00:06:c7:02:b6:8c count = 6
<129>Jan  2 02:27:10 APWID[2974]: ALERT! WLAN attack detected. TYPE = 0 NAME = BCASTPROBE APMAC = ff:ff:ff:ff:ff:ff ATTACKERMAC = 00:06:c7:02:b6:c5 count = 6
<129>Jan  2 02:27:10 APWID[2974]: ALERT! WLAN attack detected. TYPE = 0 NAME = BCASTPROBE APMAC = ff:ff:ff:ff:ff:ff ATTACKERMAC = 00:06:c7:02:b6:8c count = 7
<129>Jan  2 02:29:10 APWID[2974]: ALERT! WLAN attack detected. TYPE = 0 NAME = BCASTPROBE APMAC = ff:ff:ff:ff:ff:ff ATTACKERMAC = 70:77:81:10:f0:db count = 6
<129>Jan  2 02:29:10 APWID[2974]: ALERT! WLAN attack detected. TYPE = 0 NAME = BCASTPROBE APMAC = ff:ff:ff:ff:ff:ff ATTACKERMAC = 00:06:c7:02:b6:c5 count = 5
<129>Jan  2 02:29:10 APWID[2974]: ALERT! WLAN attack detected. TYPE = 0 NAME = BCASTPROBE APMAC = ff:ff:ff:ff:ff:ff ATTACKERMAC = 00:06:c7:02:b6:8c count = 8
<129>Jan  2 02:31:10 APWID[2974]: ALERT! WLAN attack detected. TYPE = 0 NAME = BCASTPROBE APMAC = ff:ff:ff:ff:ff:ff ATTACKERMAC = 00:06:c7:02:b6:8c count = 5
<129>Jan  2 02:31:10 APWID[2974]: ALERT! WLAN attack detected. TYPE = 0 NAME = BCASTPROBE APMAC = ff:ff:ff:ff:ff:ff ATTACKERMAC = 00:06:c7:02:b6:c5 count = 7
<129>Jan  2 02:32:10 APWID[2974]: ALERT! WLAN attack detected. TYPE = 0 NAME = BCASTPROBE APMAC = ff:ff:ff:ff:ff:ff ATTACKERMAC = 00:06:c7:02:b6:8c count = 6
<129>Jan  2 02:32:10 APWID[2974]: ALERT! WLAN attack detected. TYPE = 0 NAME = BCASTPROBE APMAC = ff:ff:ff:ff:ff:ff ATTACKERMAC = 00:06:c7:02:b6:c5 count = 6
<129>Jan  2 02:34:10 APWID[2974]: ALERT! WLAN attack detected. TYPE = 0 NAME = BCASTPROBE APMAC = ff:ff:ff:ff:ff:ff ATTACKERMAC = 00:06:c7:02:b6:c5 count = 8
<129>Jan  2 02:34:10 APWID[2974]: ALERT! WLAN attack detected. TYPE = 0 NAME = BCASTPROBE APMAC = ff:ff:ff:ff:ff:ff ATTACKERMAC = 00:06:c7:02:b6:8c count = 10
<129>Jan  2 02:36:10 APWID[2974]: ALERT! WLAN attack detected. TYPE = 0 NAME = BCASTPROBE APMAC = ff:ff:ff:ff:ff:ff ATTACKERMAC = 00:06:c7:02:b6:c5 count = 6
<129>Jan  2 02:36:10 APWID[2974]: ALERT! WLAN attack detected. TYPE = 0 NAME = BCASTPROBE APMAC = ff:ff:ff:ff:ff:ff ATTACKERMAC = 00:06:c7:02:b6:8c count = 9
<129>Jan  2 02:38:10 APWID[2974]: ALERT! WLAN attack detected. TYPE = 0 NAME = BCASTPROBE APMAC = ff:ff:ff:ff:ff:ff ATTACKERMAC = 00:06:c7:02:b6:c5 count = 10
<129>Jan  2 02:38:10 APWID[2974]: ALERT! WLAN attack detected. TYPE = 0 NAME = BCASTPROBE APMAC = ff:ff:ff:ff:ff:ff ATTACKERMAC = 00:06:c7:02:b6:8c count = 15
<129>Jan  2 02:40:10 APWID[2974]: ALERT! WLAN attack detected. TYPE = 0 NAME = BCASTPROBE APMAC = ff:ff:ff:ff:ff:ff ATTACKERMAC = 00:06:c7:02:b6:8c count = 10
<129>Jan  2 02:40:10 APWID[2974]: ALERT! WLAN attack detected. TYPE = 0 NAME = BCASTPROBE APMAC = ff:ff:ff:ff:ff:ff ATTACKERMAC = 00:06:c7:02:b6:c5 count = 9
<129>Jan  2 02:43:10 APWID[2974]: ALERT! WLAN attack detected. TYPE = 0 NAME = BCASTPROBE APMAC = ff:ff:ff:ff:ff:ff ATTACKERMAC = 00:06:c7:02:b6:c5 count = 7
<129>Jan  2 02:43:10 APWID[2974]: ALERT! WLAN attack detected. TYPE = 0 NAME = BCASTPROBE APMAC = ff:ff:ff:ff:ff:ff ATTACKERMAC = 00:06:c7:02:b6:8c count = 10
<129>Jan  2 02:45:10 APWID[2974]: ALERT! WLAN attack detected. TYPE = 0 NAME = BCASTPROBE APMAC = ff:ff:ff:ff:ff:ff ATTACKERMAC = 00:06:c7:02:b6:8c count = 8
<129>Jan  2 02:45:10 APWID[2974]: ALERT! WLAN attack detected. TYPE = 0 NAME = BCASTPROBE APMAC = ff:ff:ff:ff:ff:ff ATTACKERMAC = 00:06:c7:02:b6:c5 count = 5
<129>Jan  2 02:47:10 APWID[2974]: ALERT! WLAN attack detected. TYPE = 0 NAME = BCASTPROBE APMAC = ff:ff:ff:ff:ff:ff ATTACKERMAC = 00:06:c7:02:b6:8c count = 10
<129>Jan  2 02:50:10 APWID[2974]: ALERT! WLAN attack detected. TYPE = 0 NAME = BCASTPROBE APMAC = ff:ff:ff:ff:ff:ff ATTACKERMAC = 00:06:c7:02:b6:c5 count = 5
<129>Jan  2 02:50:10 APWID[2974]: ALERT! WLAN attack detected. TYPE = 0 NAME = BCASTPROBE APMAC = ff:ff:ff:ff:ff:ff ATTACKERMAC = 00:06:c7:02:b6:8c count = 5
<129>Jan  2 02:52:10 APWID[2974]: ALERT! WLAN attack detected. TYPE = 0 NAME = BCASTPROBE APMAC = ff:ff:ff:ff:ff:ff ATTACKERMAC = 00:06:c7:02:b6:c5 count = 7
<129>Jan  2 02:52:10 APWID[2974]: ALERT! WLAN attack detected. TYPE = 0 NAME = BCASTPROBE APMAC = ff:ff:ff:ff:ff:ff ATTACKERMAC = 00:06:c7:02:b6:8c count = 8
<129>Jan  2 02:54:10 APWID[2974]: ALERT! WLAN attack detected. TYPE = 0 NAME = BCASTPROBE APMAC = ff:ff:ff:ff:ff:ff ATTACKERMAC = 00:06:c7:02:b6:8c count = 10
<129>Jan  2 02:54:10 APWID[2974]: ALERT! WLAN attack detected. TYPE = 0 NAME = BCASTPROBE APMAC = ff:ff:ff:ff:ff:ff ATTACKERMAC = 00:06:c7:02:b6:c5 count = 9
<129>Jan  2 02:56:10 APWID[2974]: ALERT! WLAN attack detected. TYPE = 0 NAME = BCASTPROBE APMAC = ff:ff:ff:ff:ff:ff ATTACKERMAC = 00:06:c7:02:b6:8c count = 8
<129>Jan  2 02:56:10 APWID[2974]: ALERT! WLAN attack detected. TYPE = 0 NAME = BCASTPROBE APMAC = ff:ff:ff:ff:ff:ff ATTACKERMAC = 00:06:c7:02:b6:c5 count = 8
<129>Jan  2 02:59:10 APWID[2974]: ALERT! WLAN attack detected. TYPE = 0 NAME = BCASTPROBE APMAC = ff:ff:ff:ff:ff:ff ATTACKERMAC = 00:06:c7:02:b6:c5 count = 7
<129>Jan  2 02:59:10 APWID[2974]: ALERT! WLAN attack detected. TYPE = 0 NAME = BCASTPROBE APMAC = ff:ff:ff:ff:ff:ff ATTACKERMAC = 00:06:c7:02:b6:8c count = 8
<129>Jan  2 03:01:10 APWID[2974]: ALERT! WLAN attack detected. TYPE = 0 NAME = BCASTPROBE APMAC = ff:ff:ff:ff:ff:ff ATTACKERMAC = 00:06:c7:02:b6:c5 count = 8
<129>Jan  2 03:01:10 APWID[2974]: ALERT! WLAN attack detected. TYPE = 0 NAME = BCASTPROBE APMAC = ff:ff:ff:ff:ff:ff ATTACKERMAC = 00:06:c7:02:b6:8c count = 8
<129>Jan  2 03:03:10 APWID[2974]: ALERT! WLAN attack detected. TYPE = 0 NAME = BCASTPROBE APMAC = ff:ff:ff:ff:ff:ff ATTACKERMAC = 00:06:c7:02:b6:8c count = 8
<129>Jan  2 03:03:10 APWID[2974]: ALERT! WLAN attack detected. TYPE = 0 NAME = BCASTPROBE APMAC = ff:ff:ff:ff:ff:ff ATTACKERMAC = 00:06:c7:02:b6:c5 count = 8
<129>Jan  2 03:04:10 APWID[2974]: ALERT! WLAN attack detected. TYPE = 0 NAME = BCASTPROBE APMAC = ff:ff:ff:ff:ff:ff ATTACKERMAC = 00:06:c7:02:b6:8c count = 8
<129>Jan  2 03:05:10 APWID[2974]: ALERT! WLAN attack detected. TYPE = 0 NAME = BCASTPROBE APMAC = ff:ff:ff:ff:ff:ff ATTACKERMAC = 00:06:c7:02:b6:8c count = 7
<129>Jan  2 03:05:10 APWID[2974]: ALERT! WLAN attack detected. TYPE = 0 NAME = BCASTPROBE APMAC = ff:ff:ff:ff:ff:ff ATTACKERMAC = 00:06:c7:02:b6:c5 count = 8
<129>Jan  2 03:08:10 APWID[2974]: ALERT! WLAN attack detected. TYPE = 0 NAME = BCASTPROBE APMAC = ff:ff:ff:ff:ff:ff ATTACKERMAC = 00:06:c7:02:b6:c5 count = 6
<129>Jan  2 03:08:10 APWID[2974]: ALERT! WLAN attack detected. TYPE = 0 NAME = BCASTPROBE APMAC = ff:ff:ff:ff:ff:ff ATTACKERMAC = 00:06:c7:02:b6:8c count = 10
<129>Jan  2 03:10:10 APWID[2974]: ALERT! WLAN attack detected. TYPE = 0 NAME = BCASTPROBE APMAC = ff:ff:ff:ff:ff:ff ATTACKERMAC = 00:06:c7:02:b6:c5 count = 7
<129>Jan  2 03:10:10 APWID[2974]: ALERT! WLAN attack detected. TYPE = 0 NAME = BCASTPROBE APMAC = ff:ff:ff:ff:ff:ff ATTACKERMAC = 00:06:c7:02:b6:8c count = 12
<129>Jan  2 03:12:10 APWID[2974]: ALERT! WLAN attack detected. TYPE = 0 NAME = BCASTPROBE APMAC = ff:ff:ff:ff:ff:ff ATTACKERMAC = 00:06:c7:02:b6:c5 count = 11
<129>Jan  2 03:12:10 APWID[2974]: ALERT! WLAN attack detected. TYPE = 0 NAME = BCASTPROBE APMAC = ff:ff:ff:ff:ff:ff ATTACKERMAC = 00:06:c7:02:b6:8c count = 12
<129>Jan  2 03:14:10 APWID[2974]: ALERT! WLAN attack detected. TYPE = 0 NAME = BCASTPROBE APMAC = ff:ff:ff:ff:ff:ff ATTACKERMAC = 00:06:c7:02:b6:c5 count = 6
<129>Jan  2 03:14:10 APWID[2974]: ALERT! WLAN attack detected. TYPE = 0 NAME = BCASTPROBE APMAC = ff:ff:ff:ff:ff:ff ATTACKERMAC = 00:06:c7:02:b6:8c count = 9
<129>Jan  2 03:17:10 APWID[2974]: ALERT! WLAN attack detected. TYPE = 0 NAME = BCASTPROBE APMAC = ff:ff:ff:ff:ff:ff ATTACKERMAC = 00:06:c7:02:b6:c5 count = 8
<129>Jan  2 03:17:10 APWID[2974]: ALERT! WLAN attack detected. TYPE = 0 NAME = BCASTPROBE APMAC = ff:ff:ff:ff:ff:ff ATTACKERMAC = 04:f0:21:0a:5d:7f count = 6
<129>Jan  2 03:17:10 APWID[2974]: ALERT! WLAN attack detected. TYPE = 0 NAME = BCASTPROBE APMAC = ff:ff:ff:ff:ff:ff ATTACKERMAC = 00:06:c7:02:b6:8c count = 8
<129>Jan  2 03:19:10 APWID[2974]: ALERT! WLAN attack detected. TYPE = 0 NAME = BCASTPROBE APMAC = ff:ff:ff:ff:ff:ff ATTACKERMAC = 00:06:c7:02:b6:8c count = 5
<129>Jan  2 03:19:10 APWID[2974]: ALERT! WLAN attack detected. TYPE = 0 NAME = BCASTPROBE APMAC = ff:ff:ff:ff:ff:ff ATTACKERMAC = 00:06:c7:02:b6:c5 count = 6
<129>Jan  2 03:21:10 APWID[2974]: ALERT! WLAN attack detected. TYPE = 0 NAME = BCASTPROBE APMAC = ff:ff:ff:ff:ff:ff ATTACKERMAC = 00:06:c7:02:b6:8c count = 10
<129>Jan  2 03:21:10 APWID[2974]: ALERT! WLAN attack detected. TYPE = 0 NAME = BCASTPROBE APMAC = ff:ff:ff:ff:ff:ff ATTACKERMAC = 00:06:c7:02:b6:c5 count = 6
<129>Jan  2 03:23:10 APWID[2974]: ALERT! WLAN attack detected. TYPE = 0 NAME = BCASTPROBE APMAC = ff:ff:ff:ff:ff:ff ATTACKERMAC = 00:06:c7:02:b6:c5 count = 5
<129>Jan  2 03:26:10 APWID[2974]: ALERT! WLAN attack detected. TYPE = 0 NAME = BCASTPROBE APMAC = ff:ff:ff:ff:ff:ff ATTACKERMAC = 00:06:c7:02:b6:c5 count = 14
<129>Jan  2 03:26:10 APWID[2974]: ALERT! WLAN attack detected. TYPE = 0 NAME = BCASTPROBE APMAC = ff:ff:ff:ff:ff:ff ATTACKERMAC = 00:06:c7:02:b6:8c count = 11
<129>Jan  2 03:28:10 APWID[2974]: ALERT! WLAN attack detected. TYPE = 0 NAME = BCASTPROBE APMAC = ff:ff:ff:ff:ff:ff ATTACKERMAC = 00:06:c7:02:b6:c5 count = 8
<129>Jan  2 03:28:10 APWID[2974]: ALERT! WLAN attack detected. TYPE = 0 NAME = BCASTPROBE APMAC = ff:ff:ff:ff:ff:ff ATTACKERMAC = 00:06:c7:02:b6:8c count = 7
<129>Jan  2 03:30:10 APWID[2974]: ALERT! WLAN attack detected. TYPE = 0 NAME = BCASTPROBE APMAC = ff:ff:ff:ff:ff:ff ATTACKERMAC = 00:06:c7:02:b6:8c count = 9
<129>Jan  2 03:32:10 APWID[2974]: ALERT! WLAN attack detected. TYPE = 0 NAME = BCASTPROBE APMAC = ff:ff:ff:ff:ff:ff ATTACKERMAC = 00:06:c7:02:b6:c5 count = 7
<129>Jan  2 03:32:10 APWID[2974]: ALERT! WLAN attack detected. TYPE = 0 NAME = BCASTPROBE APMAC = ff:ff:ff:ff:ff:ff ATTACKERMAC = 00:06:c7:02:b6:8c count = 6
<129>Jan  2 03:35:10 APWID[2974]: ALERT! WLAN attack detected. TYPE = 0 NAME = BCASTPROBE APMAC = ff:ff:ff:ff:ff:ff ATTACKERMAC = 00:06:c7:02:b6:8c count = 10
<129>Jan  2 03:35:10 APWID[2974]: ALERT! WLAN attack detected. TYPE = 0 NAME = BCASTPROBE APMAC = ff:ff:ff:ff:ff:ff ATTACKERMAC = 00:06:c7:02:b6:c5 count = 9
<129>Jan  2 03:37:10 APWID[2974]: ALERT! WLAN attack detected. TYPE = 0 NAME = BCASTPROBE APMAC = ff:ff:ff:ff:ff:ff ATTACKERMAC = 00:06:c7:02:b6:c5 count = 8
<129>Jan  2 03:37:10 APWID[2974]: ALERT! WLAN attack detected. TYPE = 0 NAME = BCASTPROBE APMAC = ff:ff:ff:ff:ff:ff ATTACKERMAC = 00:06:c7:02:b6:8c count = 5
<129>Jan  2 03:39:10 APWID[2974]: ALERT! WLAN attack detected. TYPE = 0 NAME = BCASTPROBE APMAC = ff:ff:ff:ff:ff:ff ATTACKERMAC = 00:06:c7:02:b6:8c count = 9
<129>Jan  2 03:39:10 APWID[2974]: ALERT! WLAN attack detected. TYPE = 0 NAME = BCASTPROBE APMAC = ff:ff:ff:ff:ff:ff ATTACKERMAC = 00:06:c7:02:b6:c5 count = 11
<129>Jan  2 03:41:10 APWID[2974]: ALERT! WLAN attack detected. TYPE = 0 NAME = BCASTPROBE APMAC = ff:ff:ff:ff:ff:ff ATTACKERMAC = 00:06:c7:02:b6:c5 count = 13
<129>Jan  2 03:41:10 APWID[2974]: ALERT! WLAN attack detected. TYPE = 0 NAME = BCASTPROBE APMAC = ff:ff:ff:ff:ff:ff ATTACKERMAC = 00:06:c7:02:b6:8c count = 13
<129>Jan  2 03:43:10 APWID[2974]: ALERT! WLAN attack detected. TYPE = 0 NAME = BCASTPROBE APMAC = ff:ff:ff:ff:ff:ff ATTACKERMAC = 00:06:c7:02:b6:8c count = 5
<129>Jan  2 03:44:10 APWID[2974]: ALERT! WLAN attack detected. TYPE = 0 NAME = BCASTPROBE APMAC = ff:ff:ff:ff:ff:ff ATTACKERMAC = 00:06:c7:02:b6:8c count = 9
<129>Jan  2 03:44:10 APWID[2974]: ALERT! WLAN attack detected. TYPE = 0 NAME = BCASTPROBE APMAC = ff:ff:ff:ff:ff:ff ATTACKERMAC = 00:06:c7:02:b6:c5 count = 8
<129>Jan  2 03:44:10 APWID[2974]: ALERT! WLAN attack detected. TYPE = 0 NAME = BCASTPROBE APMAC = ff:ff:ff:ff:ff:ff ATTACKERMAC = 04:f0:21:0a:5d:7f count = 5
<129>Jan  2 03:46:10 APWID[2974]: ALERT! WLAN attack detected. TYPE = 0 NAME = BCASTPROBE APMAC = ff:ff:ff:ff:ff:ff ATTACKERMAC = 00:06:c7:02:b6:8c count = 10
<129>Jan  2 03:46:10 APWID[2974]: ALERT! WLAN attack detected. TYPE = 0 NAME = BCASTPROBE APMAC = ff:ff:ff:ff:ff:ff ATTACKERMAC = 00:06:c7:02:b6:c5 count = 7
<129>Jan  2 03:48:10 APWID[2974]: ALERT! WLAN attack detected. TYPE = 0 NAME = BCASTPROBE APMAC = ff:ff:ff:ff:ff:ff ATTACKERMAC = d4:ca:6d:82:98:b0 count = 6
<129>Jan  2 03:48:10 APWID[2974]: ALERT! WLAN attack detected. TYPE = 0 NAME = BCASTPROBE APMAC = ff:ff:ff:ff:ff:ff ATTACKERMAC = 04:f0:21:0a:5d:7f count = 5
<129>Jan  2 03:48:10 APWID[2974]: ALERT! WLAN attack detected. TYPE = 0 NAME = BCASTPROBE APMAC = ff:ff:ff:ff:ff:ff ATTACKERMAC = 00:06:c7:02:b6:8c count = 7
<129>Jan  2 03:48:10 APWID[2974]: ALERT! WLAN attack detected. TYPE = 0 NAME = BCASTPROBE APMAC = ff:ff:ff:ff:ff:ff ATTACKERMAC = 00:06:c7:02:b6:c5 count = 6
<129>Jan  2 03:50:10 APWID[2974]: ALERT! WLAN attack detected. TYPE = 0 NAME = BCASTPROBE APMAC = ff:ff:ff:ff:ff:ff ATTACKERMAC = 00:06:c7:02:b6:c5 count = 11
<129>Jan  2 03:50:10 APWID[2974]: ALERT! WLAN attack detected. TYPE = 0 NAME = BCASTPROBE APMAC = ff:ff:ff:ff:ff:ff ATTACKERMAC = 00:06:c7:02:b6:8c count = 14
<129>Jan  2 03:53:10 APWID[2974]: ALERT! WLAN attack detected. TYPE = 0 NAME = BCASTPROBE APMAC = ff:ff:ff:ff:ff:ff ATTACKERMAC = 70:77:81:10:f0:db count = 5
<129>Jan  2 03:53:10 APWID[2974]: ALERT! WLAN attack detected. TYPE = 0 NAME = BCASTPROBE APMAC = ff:ff:ff:ff:ff:ff ATTACKERMAC = 00:06:c7:02:b6:8c count = 7
<129>Jan  2 03:55:10 APWID[2974]: ALERT! WLAN attack detected. TYPE = 0 NAME = BCASTPROBE APMAC = ff:ff:ff:ff:ff:ff ATTACKERMAC = 00:06:c7:02:b6:c5 count = 19
<129>Jan  2 03:55:10 APWID[2974]: ALERT! WLAN attack detected. TYPE = 0 NAME = BCASTPROBE APMAC = ff:ff:ff:ff:ff:ff ATTACKERMAC = 00:06:c7:02:b6:8c count = 13
<129>Jan  2 03:57:10 APWID[2974]: ALERT! WLAN attack detected. TYPE = 0 NAME = BCASTPROBE APMAC = ff:ff:ff:ff:ff:ff ATTACKERMAC = 00:06:c7:02:b6:8c count = 9
<129>Jan  2 03:57:10 APWID[2974]: ALERT! WLAN attack detected. TYPE = 0 NAME = BCASTPROBE APMAC = ff:ff:ff:ff:ff:ff ATTACKERMAC = 00:06:c7:02:b6:c5 count = 7
<129>Jan  2 03:59:10 APWID[2974]: ALERT! WLAN attack detected. TYPE = 0 NAME = BCASTPROBE APMAC = ff:ff:ff:ff:ff:ff ATTACKERMAC = 00:06:c7:02:b6:8c count = 10
<129>Jan  2 04:02:10 APWID[2974]: ALERT! WLAN attack detected. TYPE = 0 NAME = BCASTPROBE APMAC = ff:ff:ff:ff:ff:ff ATTACKERMAC = 00:06:c7:02:b6:c5 count = 16
<129>Jan  2 04:02:10 APWID[2974]: ALERT! WLAN attack detected. TYPE = 0 NAME = BCASTPROBE APMAC = ff:ff:ff:ff:ff:ff ATTACKERMAC = 00:06:c7:02:b6:8c count = 17
<129>Jan  2 04:04:10 APWID[2974]: ALERT! WLAN attack detected. TYPE = 0 NAME = BCASTPROBE APMAC = ff:ff:ff:ff:ff:ff ATTACKERMAC = 00:06:c7:02:b6:c5 count = 9
<129>Jan  2 04:04:10 APWID[2974]: ALERT! WLAN attack detected. TYPE = 0 NAME = BCASTPROBE APMAC = ff:ff:ff:ff:ff:ff ATTACKERMAC = 00:06:c7:02:b6:8c count = 8
<129>Jan  2 04:05:10 APWID[2974]: ALERT! WLAN attack detected. TYPE = 0 NAME = BCASTPROBE APMAC = ff:ff:ff:ff:ff:ff ATTACKERMAC = 00:06:c7:02:b6:8c count = 8
<129>Jan  2 04:06:10 APWID[2974]: ALERT! WLAN attack detected. TYPE = 0 NAME = BCASTPROBE APMAC = ff:ff:ff:ff:ff:ff ATTACKERMAC = 00:06:c7:02:b6:c5 count = 7
<129>Jan  2 04:06:10 APWID[2974]: ALERT! WLAN attack detected. TYPE = 0 NAME = BCASTPROBE APMAC = ff:ff:ff:ff:ff:ff ATTACKERMAC = 00:06:c7:02:b6:8c count = 9
<129>Jan  2 04:08:10 APWID[2974]: ALERT! WLAN attack detected. TYPE = 0 NAME = BCASTPROBE APMAC = ff:ff:ff:ff:ff:ff ATTACKERMAC = e0:9d:31:07:a1:14 count = 6
<129>Jan  2 04:08:10 APWID[2974]: ALERT! WLAN attack detected. TYPE = 0 NAME = BCASTPROBE APMAC = ff:ff:ff:ff:ff:ff ATTACKERMAC = 00:06:c7:02:b6:8c count = 14
<129>Jan  2 04:08:10 APWID[2974]: ALERT! WLAN attack detected. TYPE = 0 NAME = BCASTPROBE APMAC = ff:ff:ff:ff:ff:ff ATTACKERMAC = 00:06:c7:02:b6:c5 count = 10
<129>Jan  2 04:10:10 APWID[2974]: ALERT! WLAN attack detected. TYPE = 0 NAME = BCASTPROBE APMAC = ff:ff:ff:ff:ff:ff ATTACKERMAC = 00:06:c7:02:b6:c5 count = 7
<129>Jan  2 04:11:10 APWID[2974]: ALERT! WLAN attack detected. TYPE = 0 NAME = BCASTPROBE APMAC = ff:ff:ff:ff:ff:ff ATTACKERMAC = 00:06:c7:02:b6:c5 count = 6
<129>Jan  2 04:11:10 APWID[2974]: ALERT! WLAN attack detected. TYPE = 0 NAME = BCASTPROBE APMAC = ff:ff:ff:ff:ff:ff ATTACKERMAC = 00:06:c7:02:b6:8c count = 8
<129>Jan  2 04:13:10 APWID[2974]: ALERT! WLAN attack detected. TYPE = 0 NAME = BCASTPROBE APMAC = ff:ff:ff:ff:ff:ff ATTACKERMAC = 00:06:c7:02:b6:8c count = 9
<129>Jan  2 04:13:10 APWID[2974]: ALERT! WLAN attack detected. TYPE = 0 NAME = BCASTPROBE APMAC = ff:ff:ff:ff:ff:ff ATTACKERMAC = 00:06:c7:02:b6:c5 count = 5
<129>Jan  2 04:13:10 APWID[2974]: ALERT! WLAN attack detected. TYPE = 0 NAME = BCASTPROBE APMAC = ff:ff:ff:ff:ff:ff ATTACKERMAC = a4:3d:78:11:0f:34 count = 15
<129>Jan  2 04:13:10 APWID[2974]: ALERT! WLAN attack detected. TYPE = 0 NAME = BCASTPROBE APMAC = ff:ff:ff:ff:ff:ff ATTACKERMAC = 00:06:c7:02:ba:d9 count = 8
<129>Jan  2 04:15:10 APWID[2974]: ALERT! WLAN attack detected. TYPE = 0 NAME = BCASTPROBE APMAC = ff:ff:ff:ff:ff:ff ATTACKERMAC = 00:06:c7:02:b6:c5 count = 13
<129>Jan  2 04:15:10 APWID[2974]: ALERT! WLAN attack detected. TYPE = 0 NAME = BCASTPROBE APMAC = ff:ff:ff:ff:ff:ff ATTACKERMAC = 00:06:c7:02:b6:8c count = 19
<129>Jan  2 04:17:10 APWID[2974]: ALERT! WLAN attack detected. TYPE = 0 NAME = BCASTPROBE APMAC = ff:ff:ff:ff:ff:ff ATTACKERMAC = 00:06:c7:02:b6:c5 count = 11
<129>Jan  2 04:17:10 APWID[2974]: ALERT! WLAN attack detected. TYPE = 0 NAME = BCASTPROBE APMAC = ff:ff:ff:ff:ff:ff ATTACKERMAC = 00:06:c7:02:b6:8c count = 12
<129>Jan  2 04:20:10 APWID[2974]: ALERT! WLAN attack detected. TYPE = 0 NAME = BCASTPROBE APMAC = ff:ff:ff:ff:ff:ff ATTACKERMAC = 00:06:c7:02:b6:c5 count = 10
<129>Jan  2 04:20:10 APWID[2974]: ALERT! WLAN attack detected. TYPE = 0 NAME = BCASTPROBE APMAC = ff:ff:ff:ff:ff:ff ATTACKERMAC = 00:06:c7:02:b6:8c count = 6
<129>Jan  2 04:22:10 APWID[2974]: ALERT! WLAN attack detected. TYPE = 0 NAME = BCASTPROBE APMAC = ff:ff:ff:ff:ff:ff ATTACKERMAC = 00:06:c7:02:b6:c5 count = 8
<129>Jan  2 04:22:10 APWID[2974]: ALERT! WLAN attack detected. TYPE = 0 NAME = BCASTPROBE APMAC = ff:ff:ff:ff:ff:ff ATTACKERMAC = 00:06:c7:02:b6:8c count = 7
<129>Jan  2 04:24:10 APWID[2974]: ALERT! WLAN attack detected. TYPE = 0 NAME = BCASTPROBE APMAC = ff:ff:ff:ff:ff:ff ATTACKERMAC = 00:06:c7:02:b6:c5 count = 7
<129>Jan  2 04:24:10 APWID[2974]: ALERT! WLAN attack detected. TYPE = 0 NAME = BCASTPROBE APMAC = ff:ff:ff:ff:ff:ff ATTACKERMAC = 00:06:c7:02:b6:8c count = 10
<129>Jan  2 04:26:10 APWID[2974]: ALERT! WLAN attack detected. TYPE = 0 NAME = BCASTPROBE APMAC = ff:ff:ff:ff:ff:ff ATTACKERMAC = 00:06:c7:02:b6:8c count = 13
<129>Jan  2 04:26:10 APWID[2974]: ALERT! WLAN attack detected. TYPE = 0 NAME = BCASTPROBE APMAC = ff:ff:ff:ff:ff:ff ATTACKERMAC = 00:06:c7:02:b6:c5 count = 10
<129>Jan  2 04:29:10 APWID[2974]: ALERT! WLAN attack detected. TYPE = 0 NAME = BCASTPROBE APMAC = ff:ff:ff:ff:ff:ff ATTACKERMAC = 00:06:c7:02:b6:c5 count = 12
<129>Jan  2 04:29:10 APWID[2974]: ALERT! WLAN attack detected. TYPE = 0 NAME = BCASTPROBE APMAC = ff:ff:ff:ff:ff:ff ATTACKERMAC = 00:06:c7:02:b6:8c count = 12
<129>Jan  2 04:31:10 APWID[2974]: ALERT! WLAN attack detected. TYPE = 0 NAME = BCASTPROBE APMAC = ff:ff:ff:ff:ff:ff ATTACKERMAC = 00:06:c7:02:ba:d9 count = 8
<129>Jan  2 04:31:10 APWID[2974]: ALERT! WLAN attack detected. TYPE = 0 NAME = BCASTPROBE APMAC = ff:ff:ff:ff:ff:ff ATTACKERMAC = 00:06:c7:02:b6:c5 count = 20
<129>Jan  2 04:31:10 APWID[2974]: ALERT! WLAN attack detected. TYPE = 0 NAME = BCASTPROBE APMAC = ff:ff:ff:ff:ff:ff ATTACKERMAC = 00:06:c7:02:b6:8c count = 15
<129>Jan  2 04:32:10 APWID[2974]: ALERT! WLAN attack detected. TYPE = 0 NAME = BCASTPROBE APMAC = ff:ff:ff:ff:ff:ff ATTACKERMAC = e0:9d:31:18:44:8c count = 6
<129>Jan  2 04:33:10 APWID[2974]: ALERT! WLAN attack detected. TYPE = 0 NAME = BCASTPROBE APMAC = ff:ff:ff:ff:ff:ff ATTACKERMAC = 00:06:c7:02:b6:8c count = 8
<129>Jan  2 04:33:10 APWID[2974]: ALERT! WLAN attack detected. TYPE = 0 NAME = BCASTPROBE APMAC = ff:ff:ff:ff:ff:ff ATTACKERMAC = 00:06:c7:02:b6:c5 count = 10
<129>Jan  2 04:35:10 APWID[2974]: ALERT! WLAN attack detected. TYPE = 0 NAME = BCASTPROBE APMAC = ff:ff:ff:ff:ff:ff ATTACKERMAC = 00:06:c7:02:b6:8c count = 8
<129>Jan  2 04:35:10 APWID[2974]: ALERT! WLAN attack detected. TYPE = 0 NAME = BCASTPROBE APMAC = ff:ff:ff:ff:ff:ff ATTACKERMAC = 00:06:c7:02:b6:c5 count = 6
<129>Jan  2 04:35:10 APWID[2974]: ALERT! WLAN attack detected. TYPE = 0 NAME = BCASTPROBE APMAC = ff:ff:ff:ff:ff:ff ATTACKERMAC = 04:f0:21:0a:5d:7f count = 5
<129>Jan  2 04:38:10 APWID[2974]: ALERT! WLAN attack detected. TYPE = 0 NAME = BCASTPROBE APMAC = ff:ff:ff:ff:ff:ff ATTACKERMAC = 00:06:c7:02:b6:8c count = 11
<129>Jan  2 04:38:10 APWID[2974]: ALERT! WLAN attack detected. TYPE = 0 NAME = BCASTPROBE APMAC = ff:ff:ff:ff:ff:ff ATTACKERMAC = 00:06:c7:02:b6:c5 count = 11
<129>Jan  2 04:40:10 APWID[2974]: ALERT! WLAN attack detected. TYPE = 0 NAME = BCASTPROBE APMAC = ff:ff:ff:ff:ff:ff ATTACKERMAC = 00:06:c7:02:ba:d9 count = 8
<129>Jan  2 04:40:10 APWID[2974]: ALERT! WLAN attack detected. TYPE = 0 NAME = BCASTPROBE APMAC = ff:ff:ff:ff:ff:ff ATTACKERMAC = 00:06:c7:02:b6:c5 count = 8
<129>Jan  2 04:40:10 APWID[2974]: ALERT! WLAN attack detected. TYPE = 0 NAME = BCASTPROBE APMAC = ff:ff:ff:ff:ff:ff ATTACKERMAC = 00:06:c7:02:b6:8c count = 18
<129>Jan  2 04:42:10 APWID[2974]: ALERT! WLAN attack detected. TYPE = 0 NAME = BCASTPROBE APMAC = ff:ff:ff:ff:ff:ff ATTACKERMAC = 00:06:c7:02:b6:8c count = 6
<129>Jan  2 04:42:10 APWID[2974]: ALERT! WLAN attack detected. TYPE = 0 NAME = BCASTPROBE APMAC = ff:ff:ff:ff:ff:ff ATTACKERMAC = 00:06:c7:02:b6:c5 count = 9
<129>Jan  2 04:44:10 APWID[2974]: ALERT! WLAN attack detected. TYPE = 0 NAME = BCASTPROBE APMAC = ff:ff:ff:ff:ff:ff ATTACKERMAC = 00:06:c7:02:b6:8c count = 14
<129>Jan  2 04:44:10 APWID[2974]: ALERT! WLAN attack detected. TYPE = 0 NAME = BCASTPROBE APMAC = ff:ff:ff:ff:ff:ff ATTACKERMAC = 00:06:c7:02:b6:c5 count = 12
<129>Jan  2 04:46:10 APWID[2974]: ALERT! WLAN attack detected. TYPE = 0 NAME = BCASTPROBE APMAC = ff:ff:ff:ff:ff:ff ATTACKERMAC = 00:06:c7:02:b6:8c count = 7
<129>Jan  2 04:46:10 APWID[2974]: ALERT! WLAN attack detected. TYPE = 0 NAME = BCASTPROBE APMAC = ff:ff:ff:ff:ff:ff ATTACKERMAC = 00:06:c7:02:b6:c5 count = 6
<129>Jan  2 04:49:10 APWID[2974]: ALERT! WLAN attack detected. TYPE = 0 NAME = BCASTPROBE APMAC = ff:ff:ff:ff:ff:ff ATTACKERMAC = 00:06:c7:02:b6:c5 count = 5
<129>Jan  2 04:49:10 APWID[2974]: ALERT! WLAN attack detected. TYPE = 0 NAME = BCASTPROBE APMAC = ff:ff:ff:ff:ff:ff ATTACKERMAC = 00:06:c7:02:ba:d9 count = 8
<129>Jan  2 04:49:10 APWID[2974]: ALERT! WLAN attack detected. TYPE = 0 NAME = BCASTPROBE APMAC = ff:ff:ff:ff:ff:ff ATTACKERMAC = 00:06:c7:02:b6:8c count = 7
<129>Jan  2 04:51:10 APWID[2974]: ALERT! WLAN attack detected. TYPE = 0 NAME = BCASTPROBE APMAC = ff:ff:ff:ff:ff:ff ATTACKERMAC = 00:06:c7:02:b6:c5 count = 6
<129>Jan  2 04:51:10 APWID[2974]: ALERT! WLAN attack detected. TYPE = 0 NAME = BCASTPROBE APMAC = ff:ff:ff:ff:ff:ff ATTACKERMAC = 00:06:c7:02:b6:8c count = 6
<129>Jan  2 04:53:10 APWID[2974]: ALERT! WLAN attack detected. TYPE = 0 NAME = BCASTPROBE APMAC = ff:ff:ff:ff:ff:ff ATTACKERMAC = 00:06:c7:02:b6:c5 count = 7
<129>Jan  2 04:53:10 APWID[2974]: ALERT! WLAN attack detected. TYPE = 0 NAME = BCASTPROBE APMAC = ff:ff:ff:ff:ff:ff ATTACKERMAC = 00:06:c7:02:b6:8c count = 6
<129>Jan  2 04:55:10 APWID[2974]: ALERT! WLAN attack detected. TYPE = 0 NAME = BCASTPROBE APMAC = ff:ff:ff:ff:ff:ff ATTACKERMAC = 00:06:c7:02:b6:c5 count = 5
<129>Jan  2 04:56:10 APWID[2974]: ALERT! WLAN attack detected. TYPE = 0 NAME = BCASTPROBE APMAC = ff:ff:ff:ff:ff:ff ATTACKERMAC = 00:06:c7:02:b6:c5 count = 10
<129>Jan  2 04:56:10 APWID[2974]: ALERT! WLAN attack detected. TYPE = 0 NAME = BCASTPROBE APMAC = ff:ff:ff:ff:ff:ff ATTACKERMAC = 00:06:c7:02:b6:8c count = 5
<129>Jan  2 04:58:10 APWID[2974]: ALERT! WLAN attack detected. TYPE = 0 NAME = BCASTPROBE APMAC = ff:ff:ff:ff:ff:ff ATTACKERMAC = 00:06:c7:02:b6:c5 count = 5
<129>Jan  2 04:58:10 APWID[2974]: ALERT! WLAN attack detected. TYPE = 0 NAME = BCASTPROBE APMAC = ff:ff:ff:ff:ff:ff ATTACKERMAC = 00:06:c7:02:b6:8c count = 5
<129>Jan  2 05:00:10 APWID[2974]: ALERT! WLAN attack detected. TYPE = 0 NAME = BCASTPROBE APMAC = ff:ff:ff:ff:ff:ff ATTACKERMAC = 00:06:c7:02:b6:8c count = 15
<129>Jan  2 05:00:10 APWID[2974]: ALERT! WLAN attack detected. TYPE = 0 NAME = BCASTPROBE APMAC = ff:ff:ff:ff:ff:ff ATTACKERMAC = 00:06:c7:02:b6:c5 count = 7
<129>Jan  2 05:02:10 APWID[2974]: ALERT! WLAN attack detected. TYPE = 0 NAME = BCASTPROBE APMAC = ff:ff:ff:ff:ff:ff ATTACKERMAC = 00:06:c7:02:b6:8c count = 11
<129>Jan  2 05:02:10 APWID[2974]: ALERT! WLAN attack detected. TYPE = 0 NAME = BCASTPROBE APMAC = ff:ff:ff:ff:ff:ff ATTACKERMAC = 00:06:c7:02:b6:c5 count = 7
<129>Jan  2 05:04:10 APWID[2974]: ALERT! WLAN attack detected. TYPE = 0 NAME = BCASTPROBE APMAC = ff:ff:ff:ff:ff:ff ATTACKERMAC = 00:06:c7:02:b6:c5 count = 9
<129>Jan  2 05:04:10 APWID[2974]: ALERT! WLAN attack detected. TYPE = 0 NAME = BCASTPROBE APMAC = ff:ff:ff:ff:ff:ff ATTACKERMAC = 00:06:c7:02:b6:8c count = 9
<129>Jan  2 05:07:10 APWID[2974]: ALERT! WLAN attack detected. TYPE = 0 NAME = BCASTPROBE APMAC = ff:ff:ff:ff:ff:ff ATTACKERMAC = 00:06:c7:02:b6:8c count = 9
<129>Jan  2 05:07:10 APWID[2974]: ALERT! WLAN attack detected. TYPE = 0 NAME = BCASTPROBE APMAC = ff:ff:ff:ff:ff:ff ATTACKERMAC = 00:06:c7:02:b6:c5 count = 8
<129>Jan  2 05:09:10 APWID[2974]: ALERT! WLAN attack detected. TYPE = 0 NAME = BCASTPROBE APMAC = ff:ff:ff:ff:ff:ff ATTACKERMAC = 00:06:c7:02:b6:8c count = 13
<129>Jan  2 05:09:10 APWID[2974]: ALERT! WLAN attack detected. TYPE = 0 NAME = BCASTPROBE APMAC = ff:ff:ff:ff:ff:ff ATTACKERMAC = 00:06:c7:02:b6:c5 count = 10
<129>Jan  2 05:11:10 APWID[2974]: ALERT! WLAN attack detected. TYPE = 0 NAME = BCASTPROBE APMAC = ff:ff:ff:ff:ff:ff ATTACKERMAC = 00:06:c7:02:b6:c5 count = 12
<129>Jan  2 05:11:10 APWID[2974]: ALERT! WLAN attack detected. TYPE = 0 NAME = BCASTPROBE APMAC = ff:ff:ff:ff:ff:ff ATTACKERMAC = 00:06:c7:02:b6:8c count = 15
<129>Jan  2 05:13:10 APWID[2974]: ALERT! WLAN attack detected. TYPE = 0 NAME = BCASTPROBE APMAC = ff:ff:ff:ff:ff:ff ATTACKERMAC = 00:06:c7:02:b6:8c count = 12
<129>Jan  2 05:13:10 APWID[2974]: ALERT! WLAN attack detected. TYPE = 0 NAME = BCASTPROBE APMAC = ff:ff:ff:ff:ff:ff ATTACKERMAC = 00:06:c7:02:b6:c5 count = 10
<129>Jan  2 05:16:10 APWID[2974]: ALERT! WLAN attack detected. TYPE = 0 NAME = BCASTPROBE APMAC = ff:ff:ff:ff:ff:ff ATTACKERMAC = 00:06:c7:02:b6:8c count = 9
<129>Jan  2 05:18:10 APWID[2974]: ALERT! WLAN attack detected. TYPE = 0 NAME = BCASTPROBE APMAC = ff:ff:ff:ff:ff:ff ATTACKERMAC = 04:f0:21:0a:5d:7f count = 5
<129>Jan  2 05:18:10 APWID[2974]: ALERT! WLAN attack detected. TYPE = 0 NAME = BCASTPROBE APMAC = ff:ff:ff:ff:ff:ff ATTACKERMAC = 00:06:c7:02:b6:c5 count = 5
<129>Jan  2 05:18:10 APWID[2974]: ALERT! WLAN attack detected. TYPE = 0 NAME = BCASTPROBE APMAC = ff:ff:ff:ff:ff:ff ATTACKERMAC = 00:06:c7:02:b6:8c count = 9
<129>Jan  2 05:20:10 APWID[2974]: ALERT! WLAN attack detected. TYPE = 0 NAME = BCASTPROBE APMAC = ff:ff:ff:ff:ff:ff ATTACKERMAC = 00:06:c7:02:b6:8c count = 7
<129>Jan  2 05:20:10 APWID[2974]: ALERT! WLAN attack detected. TYPE = 0 NAME = BCASTPROBE APMAC = ff:ff:ff:ff:ff:ff ATTACKERMAC = 00:06:c7:02:b6:c5 count = 7
<129>Jan  2 05:22:10 APWID[2974]: ALERT! WLAN attack detected. TYPE = 0 NAME = BCASTPROBE APMAC = ff:ff:ff:ff:ff:ff ATTACKERMAC = 00:06:c7:02:b6:8c count = 12
<129>Jan  2 05:22:10 APWID[2974]: ALERT! WLAN attack detected. TYPE = 0 NAME = BCASTPROBE APMAC = ff:ff:ff:ff:ff:ff ATTACKERMAC = 00:06:c7:02:b6:c5 count = 11
<129>Jan  2 05:23:10 APWID[2974]: ALERT! WLAN attack detected. TYPE = 0 NAME = BCASTPROBE APMAC = ff:ff:ff:ff:ff:ff ATTACKERMAC = 00:06:c7:02:b6:8c count = 9
<129>Jan  2 05:23:10 APWID[2974]: ALERT! WLAN attack detected. TYPE = 0 NAME = BCASTPROBE APMAC = ff:ff:ff:ff:ff:ff ATTACKERMAC = 00:06:c7:02:b6:c5 count = 15
<129>Jan  2 05:25:10 APWID[2974]: ALERT! WLAN attack detected. TYPE = 0 NAME = BCASTPROBE APMAC = ff:ff:ff:ff:ff:ff ATTACKERMAC = 00:06:c7:02:b6:8c count = 6
<129>Jan  2 05:25:10 APWID[2974]: ALERT! WLAN attack detected. TYPE = 0 NAME = BCASTPROBE APMAC = ff:ff:ff:ff:ff:ff ATTACKERMAC = 04:f0:21:0a:5d:7f count = 5
<129>Jan  2 05:25:10 APWID[2974]: ALERT! WLAN attack detected. TYPE = 0 NAME = BCASTPROBE APMAC = ff:ff:ff:ff:ff:ff ATTACKERMAC = d4:ca:6d:82:98:b0 count = 9
<129>Jan  2 05:25:10 APWID[2974]: ALERT! WLAN attack detected. TYPE = 0 NAME = BCASTPROBE APMAC = ff:ff:ff:ff:ff:ff ATTACKERMAC = 00:06:c7:02:b6:c5 count = 11
<129>Jan  2 05:25:10 APWID[2974]: ALERT! WLAN attack detected. TYPE = 0 NAME = BCASTPROBE APMAC = ff:ff:ff:ff:ff:ff ATTACKERMAC = 70:77:81:10:f0:db count = 6
<129>Jan  2 05:27:10 APWID[2974]: ALERT! WLAN attack detected. TYPE = 0 NAME = BCASTPROBE APMAC = ff:ff:ff:ff:ff:ff ATTACKERMAC = 00:06:c7:02:b6:c5 count = 14
<129>Jan  2 05:27:10 APWID[2974]: ALERT! WLAN attack detected. TYPE = 0 NAME = BCASTPROBE APMAC = ff:ff:ff:ff:ff:ff ATTACKERMAC = 00:06:c7:02:b6:8c count = 13
<129>Jan  2 05:29:10 APWID[2974]: ALERT! WLAN attack detected. TYPE = 0 NAME = BCASTPROBE APMAC = ff:ff:ff:ff:ff:ff ATTACKERMAC = 00:06:c7:02:b6:8c count = 14
<129>Jan  2 05:29:10 APWID[2974]: ALERT! WLAN attack detected. TYPE = 0 NAME = BCASTPROBE APMAC = ff:ff:ff:ff:ff:ff ATTACKERMAC = 00:06:c7:02:b6:c5 count = 7
<129>Jan  2 05:34:10 APWID[2974]: ALERT! WLAN attack detected. TYPE = 0 NAME = BCASTPROBE APMAC = ff:ff:ff:ff:ff:ff ATTACKERMAC = 00:06:c7:02:b6:c5 count = 11
<129>Jan  2 05:34:10 APWID[2974]: ALERT! WLAN attack detected. TYPE = 0 NAME = BCASTPROBE APMAC = ff:ff:ff:ff:ff:ff ATTACKERMAC = 00:06:c7:02:b6:8c count = 8
<129>Jan  2 05:34:10 APWID[2974]: ALERT! WLAN attack detected. TYPE = 0 NAME = BCASTPROBE APMAC = ff:ff:ff:ff:ff:ff ATTACKERMAC = 00:0c:42:f8:c5:55 count = 5
<129>Jan  2 05:34:10 APWID[2974]: ALERT! WLAN attack detected. TYPE = 0 NAME = BCASTPROBE APMAC = ff:ff:ff:ff:ff:ff ATTACKERMAC = 4c:66:41:d4:b4:65 count = 5
<129>Jan  2 05:36:10 APWID[2974]: ALERT! WLAN attack detected. TYPE = 0 NAME = BCASTPROBE APMAC = ff:ff:ff:ff:ff:ff ATTACKERMAC = 00:06:c7:02:b6:c5 count = 7
<129>Jan  2 05:36:10 APWID[2974]: ALERT! WLAN attack detected. TYPE = 0 NAME = BCASTPROBE APMAC = ff:ff:ff:ff:ff:ff ATTACKERMAC = 00:06:c7:02:b6:8c count = 15
